2025-02-06 00:31:33,933 [INFO] Activator:176 - 


2025-02-06 00:31:33,939 [INFO] Activator:177 - !SESSION log4j initialized
2025-02-06 00:31:40,470 [INFO] LogOutputStream:77 - [STDOUT_REDIRECT] 
2025-02-06 00:31:47,548 [INFO] ApplicationProperties:184 - Using Application install path: C:\ST\STM32CubeIDE_1.15.1\STM32CubeIDE\plugins\com.st.stm32cube.common.mx_6.11.1.202404110753
2025-02-06 00:31:47,567 [INFO] DbMcusXml:78 - Set database path to: C:\ST\STM32CubeIDE_1.15.1\STM32CubeIDE\plugins\com.st.stm32cube.common.mx_6.11.1.202404110753\\db\/mcu/
2025-02-06 00:31:47,568 [INFO] ApiDb:274 - Set plugin database path to: C:\ST\STM32CubeIDE_1.15.1\STM32CubeIDE\plugins\com.st.stm32cube.common.mx_6.11.1.202404110753\\db\/plugins/boardmanager/
2025-02-06 00:31:47,568 [WARN] ApiDb:259 - Overriding images path with different value:  => C:\ST\STM32CubeIDE_1.15.1\STM32CubeIDE\plugins\com.st.stm32cube.common.mx_6.11.1.202404110753\\db\/plugins/mcufinder/images/
2025-02-06 00:31:47,582 [INFO] ApiDb:250 - Set database path to: C:\Users\lenovo\.stmcufinder\plugins\mcufinder//mcu/
2025-02-06 00:31:47,584 [INFO] DbMcusAds:125 - Set database path to: C:\Users\lenovo\.stmcufinder\plugins\mcufinder//mcu/
2025-02-06 00:31:47,586 [INFO] CrossReferenceDbSqlite:203 - Set database path to: C:\Users\lenovo\.stmcufinder\plugins\mcufinder//mcu/cs/
2025-02-06 00:31:47,699 [INFO] RulesReader:64 - Compatibility file has been processed (297 Rules)
2025-02-06 00:31:47,792 [INFO] DbMcusXml:78 - Set database path to: C:\ST\STM32CubeIDE_1.15.1\STM32CubeIDE\plugins\com.st.stm32cube.common.mx_6.11.1.202404110753\\db\/mcu/
2025-02-06 00:31:47,792 [INFO] ApiDb:274 - Set plugin database path to: C:\ST\STM32CubeIDE_1.15.1\STM32CubeIDE\plugins\com.st.stm32cube.common.mx_6.11.1.202404110753\\db\/plugins/boardmanager/
2025-02-06 00:31:47,792 [INFO] ApiDb:261 - Set plugin images path to: C:\ST\STM32CubeIDE_1.15.1\STM32CubeIDE\plugins\com.st.stm32cube.common.mx_6.11.1.202404110753\\db\/plugins/mcufinder/images/
2025-02-06 00:31:47,792 [WARN] DbFile:41 - Overriding database path with different value: C:\Users\lenovo\.stmcufinder\plugins\mcufinder/ => C:\Users\lenovo\.stmcufinder\plugins\mcufinder
2025-02-06 00:31:47,793 [INFO] ApiDb:250 - Set database path to: C:\Users\lenovo\.stmcufinder\plugins\mcufinder//mcu/
2025-02-06 00:31:47,793 [WARN] DbFile:41 - Overriding database path with different value: C:\Users\lenovo\.stmcufinder\plugins\mcufinder/ => C:\Users\lenovo\.stmcufinder\plugins\mcufinder
2025-02-06 00:31:47,793 [INFO] DbMcusAds:125 - Set database path to: C:\Users\lenovo\.stmcufinder\plugins\mcufinder//mcu/
2025-02-06 00:31:47,793 [WARN] DbFile:41 - Overriding database path with different value: C:\Users\lenovo\.stmcufinder\plugins\mcufinder/ => C:\Users\lenovo\.stmcufinder\plugins\mcufinder
2025-02-06 00:31:47,793 [WARN] DbFile:41 - Overriding database path with different value: C:\Users\lenovo\.stmcufinder\plugins\mcufinder/ => C:\Users\lenovo\.stmcufinder\plugins\mcufinder
2025-02-06 00:31:47,793 [INFO] CrossReferenceDbSqlite:203 - Set database path to: C:\Users\lenovo\.stmcufinder\plugins\mcufinder//mcu/cs/
2025-02-06 00:31:47,874 [INFO] MainPanel:264 - HeapMemory: 268435456
2025-02-06 00:31:47,975 [INFO] DbMcusXml:78 - Set database path to: C:\ST\STM32CubeIDE_1.15.1\STM32CubeIDE\plugins\com.st.stm32cube.common.mx_6.11.1.202404110753\\db\/mcu/
2025-02-06 00:31:47,975 [INFO] ApiDb:274 - Set plugin database path to: C:\ST\STM32CubeIDE_1.15.1\STM32CubeIDE\plugins\com.st.stm32cube.common.mx_6.11.1.202404110753\\db\/plugins/boardmanager/
2025-02-06 00:31:47,975 [INFO] ApiDb:261 - Set plugin images path to: C:\ST\STM32CubeIDE_1.15.1\STM32CubeIDE\plugins\com.st.stm32cube.common.mx_6.11.1.202404110753\\db\/plugins/mcufinder/images/
2025-02-06 00:31:47,975 [WARN] DbFile:41 - Overriding database path with different value: C:\Users\lenovo\.stmcufinder\plugins\mcufinder/ => C:\Users\lenovo\.stmcufinder\plugins\mcufinder
2025-02-06 00:31:47,976 [INFO] ApiDb:250 - Set database path to: C:\Users\lenovo\.stmcufinder\plugins\mcufinder//mcu/
2025-02-06 00:31:47,976 [WARN] DbFile:41 - Overriding database path with different value: C:\Users\lenovo\.stmcufinder\plugins\mcufinder/ => C:\Users\lenovo\.stmcufinder\plugins\mcufinder
2025-02-06 00:31:47,976 [INFO] DbMcusAds:125 - Set database path to: C:\Users\lenovo\.stmcufinder\plugins\mcufinder//mcu/
2025-02-06 00:31:47,976 [WARN] DbFile:41 - Overriding database path with different value: C:\Users\lenovo\.stmcufinder\plugins\mcufinder/ => C:\Users\lenovo\.stmcufinder\plugins\mcufinder
2025-02-06 00:31:47,976 [WARN] DbFile:41 - Overriding database path with different value: C:\Users\lenovo\.stmcufinder\plugins\mcufinder/ => C:\Users\lenovo\.stmcufinder\plugins\mcufinder
2025-02-06 00:31:47,976 [INFO] CrossReferenceDbSqlite:203 - Set database path to: C:\Users\lenovo\.stmcufinder\plugins\mcufinder//mcu/cs/
2025-02-06 00:31:47,996 [INFO] ApplicationProperties:184 - Using Application install path: C:\ST\STM32CubeIDE_1.15.1\STM32CubeIDE\plugins\com.st.stm32cube.common.mx_6.11.1.202404110753
2025-02-06 00:31:47,997 [INFO] PluginManage:196 - Search for loadable plugins [exclusion list=, ]
2025-02-06 00:31:47,999 [INFO] PluginManage:310 - Check plugin analytics
2025-02-06 00:31:48,177 [INFO] AnalyticsPlugin:253 - Accepted Software Licenses: 
2025-02-06 00:31:48,177 [INFO] AnalyticsPlugin:255 - Accepted CMSIS Pack Licenses: 
2025-02-06 00:31:48,178 [INFO] AnalyticsPlugin:257 - Accepted Firmware Licenses: FW.F7.1.17.0
2025-02-06 00:31:48,180 [INFO] PluginManage:359 - Loaded plugin analytics (category:tool,tabindex:-1)
2025-02-06 00:31:48,181 [INFO] PluginManage:310 - Check plugin cadmodel
2025-02-06 00:31:48,200 [INFO] CADModel:105 - Init CAD model plugin
2025-02-06 00:31:48,200 [INFO] PluginManage:359 - Loaded plugin cadmodel (category:power,tabindex:5)
2025-02-06 00:31:48,200 [INFO] PluginManage:310 - Check plugin clock
2025-02-06 00:31:48,220 [INFO] PluginManage:359 - Loaded plugin clock (category:base,tabindex:2)
2025-02-06 00:31:48,220 [INFO] PluginManage:310 - Check plugin ddr
2025-02-06 00:31:48,223 [INFO] PluginManage:359 - Loaded plugin ddr (category:tool,tabindex:6)
2025-02-06 00:31:48,223 [INFO] PluginManage:310 - Check plugin filemanager
2025-02-06 00:31:48,385 [INFO] PluginManage:359 - Loaded plugin filemanager (category:base,tabindex:10)
2025-02-06 00:31:48,385 [INFO] PluginManage:310 - Check plugin ipmanager
2025-02-06 00:31:48,392 [INFO] PluginManage:359 - Loaded plugin ipmanager (category:base,tabindex:5)
2025-02-06 00:31:48,392 [INFO] PluginManage:310 - Check plugin lpbam
2025-02-06 00:31:48,589 [INFO] PluginManage:359 - Loaded plugin lpbam (category:base,tabindex:0)
2025-02-06 00:31:48,589 [INFO] PluginManage:310 - Check plugin memorymap
2025-02-06 00:31:48,740 [INFO] PluginManage:359 - Loaded plugin memorymap (category:base,tabindex:4)
2025-02-06 00:31:48,740 [INFO] PluginManage:310 - Check plugin pinoutandconfiguration
2025-02-06 00:31:48,753 [INFO] PluginManage:359 - Loaded plugin pinoutandconfiguration (category:base,tabindex:1)
2025-02-06 00:31:48,753 [INFO] PluginManage:310 - Check plugin pinoutconfig
2025-02-06 00:31:48,849 [WARN] SupportedApi:132 - Cannot load RTOS API schema: s4s-elt-must-match.1: The content of 'definitions' must match (annotation?, (simpleType | complexType)?, (unique | key | keyref)*)). A problem was found starting at: attribute.
2025-02-06 00:31:49,014 [INFO] PluginManage:359 - Loaded plugin pinoutconfig (category:base,tabindex:0)
2025-02-06 00:31:49,014 [INFO] PluginManage:310 - Check plugin power
2025-02-06 00:31:49,032 [INFO] PluginManage:359 - Loaded plugin power (category:power,tabindex:4)
2025-02-06 00:31:49,032 [INFO] PluginManage:310 - Check plugin projectmanager
2025-02-06 00:31:49,048 [INFO] PluginManage:359 - Loaded plugin projectmanager (category:projectmanager,tabindex:3)
2025-02-06 00:31:49,048 [INFO] PluginManage:310 - Check plugin thirdparty
2025-02-06 00:31:49,285 [INFO] PluginManage:359 - Loaded plugin thirdparty (category:base,tabindex:-1)
2025-02-06 00:31:49,285 [INFO] PluginManage:310 - Check plugin tools
2025-02-06 00:31:49,285 [WARN] IntegrityCheckThread:84 - waiting for thirdparty lock release [integrity check]
2025-02-06 00:31:49,285 [INFO] IntegrityCheckThread:86 - entering critical section [integrity check]
2025-02-06 00:31:49,286 [INFO] ThirdPartyUpdaterWithRetryManager:70 - Updater plugin not ready yet. [1/15]
2025-02-06 00:31:49,306 [INFO] PluginManage:359 - Loaded plugin tools (category:base,tabindex:7)
2025-02-06 00:31:49,306 [INFO] PluginManage:310 - Check plugin tutovideos
2025-02-06 00:31:49,578 [INFO] PluginManage:359 - Loaded plugin tutovideos (category:base,tabindex:-1)
2025-02-06 00:31:49,578 [INFO] PluginManage:310 - Check plugin updater
2025-02-06 00:31:49,590 [INFO] PluginManage:359 - Loaded plugin updater (category:base,tabindex:12)
2025-02-06 00:31:49,590 [INFO] PluginManage:310 - Check plugin userauth
2025-02-06 00:31:49,596 [INFO] UserAuth:114 - Init User Auth plugin
2025-02-06 00:31:49,596 [INFO] PluginManage:359 - Loaded plugin userauth (category:base,tabindex:14)
2025-02-06 00:31:49,598 [INFO] PluginManage:283 - PluginManage : Loaded plugins [17]
2025-02-06 00:31:49,854 [INFO] PinOutPanel:1561 - setPackage(No Configuration,No Configuration)
2025-02-06 00:31:49,937 [INFO] CADModel:165 - CPN selected for project level
2025-02-06 00:31:49,938 [INFO] CADModel:114 - Register for checkConnection events
2025-02-06 00:31:50,005 [INFO] IPUIPlugin:80 - create IPUIPlugin
2025-02-06 00:31:50,005 [INFO] PluginManager:220 - loadIPPluginJar : add adc
2025-02-06 00:31:50,028 [INFO] IPUIPlugin:80 - create IPUIPlugin
2025-02-06 00:31:50,029 [INFO] PluginManager:220 - loadIPPluginJar : add aes
2025-02-06 00:31:50,051 [INFO] IPUIPlugin:80 - create IPUIPlugin
2025-02-06 00:31:50,051 [INFO] PluginManager:220 - loadIPPluginJar : add can
2025-02-06 00:31:50,071 [INFO] IPUIPlugin:80 - create IPUIPlugin
2025-02-06 00:31:50,071 [INFO] PluginManager:220 - loadIPPluginJar : add comp
2025-02-06 00:31:50,093 [INFO] IPUIPlugin:80 - create IPUIPlugin
2025-02-06 00:31:50,093 [INFO] PluginManager:220 - loadIPPluginJar : add cryp
2025-02-06 00:31:50,107 [INFO] IPUIPlugin:80 - create IPUIPlugin
2025-02-06 00:31:50,107 [INFO] PluginManager:220 - loadIPPluginJar : add dfsdm
2025-02-06 00:31:50,146 [INFO] IPUIPlugin:80 - create IPUIPlugin
2025-02-06 00:31:50,147 [INFO] PluginManager:220 - loadIPPluginJar : add dma
2025-02-06 00:31:50,168 [INFO] IPUIPlugin:80 - create IPUIPlugin
2025-02-06 00:31:50,168 [INFO] PluginManager:220 - loadIPPluginJar : add dma3
2025-02-06 00:31:50,189 [INFO] IPUIPlugin:80 - create IPUIPlugin
2025-02-06 00:31:50,189 [INFO] PluginManager:220 - loadIPPluginJar : add extmemmanager
2025-02-06 00:31:50,203 [INFO] IPUIPlugin:80 - create IPUIPlugin
2025-02-06 00:31:50,203 [INFO] PluginManager:220 - loadIPPluginJar : add fatfs
2025-02-06 00:31:50,225 [INFO] IPUIPlugin:80 - create IPUIPlugin
2025-02-06 00:31:50,226 [INFO] PluginManager:220 - loadIPPluginJar : add fmc
2025-02-06 00:31:50,235 [INFO] IPUIPlugin:80 - create IPUIPlugin
2025-02-06 00:31:50,236 [INFO] PluginManager:220 - loadIPPluginJar : add freertos
2025-02-06 00:31:50,250 [INFO] IPUIPlugin:80 - create IPUIPlugin
2025-02-06 00:31:50,251 [INFO] PluginManager:220 - loadIPPluginJar : add genericplugin
2025-02-06 00:31:50,303 [INFO] IPUIPlugin:80 - create IPUIPlugin
2025-02-06 00:31:50,303 [INFO] PluginManager:220 - loadIPPluginJar : add gfxmmu
2025-02-06 00:31:50,378 [INFO] IPUIPlugin:80 - create IPUIPlugin
2025-02-06 00:31:50,378 [INFO] PluginManager:220 - loadIPPluginJar : add gic
2025-02-06 00:31:50,520 [INFO] IPUIPlugin:80 - create IPUIPlugin
2025-02-06 00:31:50,520 [INFO] PluginManager:220 - loadIPPluginJar : add gpio
2025-02-06 00:31:50,571 [INFO] IPUIPlugin:80 - create IPUIPlugin
2025-02-06 00:31:50,572 [INFO] PluginManager:220 - loadIPPluginJar : add gtzc
2025-02-06 00:31:50,601 [INFO] IPUIPlugin:80 - create IPUIPlugin
2025-02-06 00:31:50,601 [INFO] PluginManager:220 - loadIPPluginJar : add hash
2025-02-06 00:31:50,640 [INFO] IPUIPlugin:80 - create IPUIPlugin
2025-02-06 00:31:50,640 [INFO] PluginManager:220 - loadIPPluginJar : add i2c
2025-02-06 00:31:50,670 [INFO] IPUIPlugin:80 - create IPUIPlugin
2025-02-06 00:31:50,670 [INFO] PluginManager:220 - loadIPPluginJar : add i2s
2025-02-06 00:31:50,694 [INFO] IPUIPlugin:80 - create IPUIPlugin
2025-02-06 00:31:50,694 [INFO] PluginManager:220 - loadIPPluginJar : add i3c
2025-02-06 00:31:50,729 [INFO] IPUIPlugin:80 - create IPUIPlugin
2025-02-06 00:31:50,729 [INFO] PluginManager:220 - loadIPPluginJar : add ipddr
2025-02-06 00:31:50,778 [INFO] IPUIPlugin:80 - create IPUIPlugin
2025-02-06 00:31:50,779 [INFO] PluginManager:220 - loadIPPluginJar : add linkedlist
2025-02-06 00:31:50,796 [INFO] IPUIPlugin:80 - create IPUIPlugin
2025-02-06 00:31:50,797 [INFO] PluginManager:220 - loadIPPluginJar : add lorawan
2025-02-06 00:31:50,812 [INFO] IPUIPlugin:80 - create IPUIPlugin
2025-02-06 00:31:50,813 [INFO] PluginManager:220 - loadIPPluginJar : add ltdc
2025-02-06 00:31:50,930 [INFO] IPUIPlugin:80 - create IPUIPlugin
2025-02-06 00:31:50,930 [INFO] PluginManager:220 - loadIPPluginJar : add mdma
2025-02-06 00:31:51,062 [INFO] IPUIPlugin:80 - create IPUIPlugin
2025-02-06 00:31:51,062 [INFO] PluginManager:220 - loadIPPluginJar : add nvic
2025-02-06 00:31:51,089 [INFO] IPUIPlugin:80 - create IPUIPlugin
2025-02-06 00:31:51,089 [INFO] PluginManager:220 - loadIPPluginJar : add opamp
2025-02-06 00:31:51,124 [INFO] IPUIPlugin:80 - create IPUIPlugin
2025-02-06 00:31:51,125 [INFO] PluginManager:220 - loadIPPluginJar : add openamp
2025-02-06 00:31:51,149 [INFO] IPUIPlugin:80 - create IPUIPlugin
2025-02-06 00:31:51,149 [INFO] PluginManager:220 - loadIPPluginJar : add pdm2pcm
2025-02-06 00:31:51,280 [INFO] IPUIPlugin:80 - create IPUIPlugin
2025-02-06 00:31:51,282 [INFO] PluginManager:220 - loadIPPluginJar : add plateformsettings
2025-02-06 00:31:51,300 [INFO] IPUIPlugin:80 - create IPUIPlugin
2025-02-06 00:31:51,300 [INFO] PluginManager:220 - loadIPPluginJar : add quadspi
2025-02-06 00:31:51,308 [INFO] IPUIPlugin:80 - create IPUIPlugin
2025-02-06 00:31:51,308 [INFO] PluginManager:220 - loadIPPluginJar : add resmgrutility
2025-02-06 00:31:51,338 [INFO] IPUIPlugin:80 - create IPUIPlugin
2025-02-06 00:31:51,338 [INFO] PluginManager:220 - loadIPPluginJar : add sai
2025-02-06 00:31:51,369 [INFO] IPUIPlugin:80 - create IPUIPlugin
2025-02-06 00:31:51,369 [INFO] PluginManager:220 - loadIPPluginJar : add spi
2025-02-06 00:31:51,421 [INFO] IPUIPlugin:80 - create IPUIPlugin
2025-02-06 00:31:51,421 [INFO] PluginManager:220 - loadIPPluginJar : add stm32_wpan
2025-02-06 00:31:51,437 [INFO] IPUIPlugin:80 - create IPUIPlugin
2025-02-06 00:31:51,437 [INFO] PluginManager:220 - loadIPPluginJar : add tim
2025-02-06 00:31:51,470 [INFO] IPUIPlugin:80 - create IPUIPlugin
2025-02-06 00:31:51,470 [INFO] PluginManager:220 - loadIPPluginJar : add touchsensing
2025-02-06 00:31:51,486 [INFO] IPUIPlugin:80 - create IPUIPlugin
2025-02-06 00:31:51,486 [INFO] PluginManager:220 - loadIPPluginJar : add tracer_emb
2025-02-06 00:31:51,500 [INFO] IPUIPlugin:80 - create IPUIPlugin
2025-02-06 00:31:51,500 [INFO] PluginManager:220 - loadIPPluginJar : add ts
2025-02-06 00:31:51,513 [INFO] IPUIPlugin:80 - create IPUIPlugin
2025-02-06 00:31:51,514 [INFO] PluginManager:220 - loadIPPluginJar : add tsc
2025-02-06 00:31:51,537 [INFO] IPUIPlugin:80 - create IPUIPlugin
2025-02-06 00:31:51,537 [INFO] PluginManager:220 - loadIPPluginJar : add ucpd
2025-02-06 00:31:51,579 [INFO] IPUIPlugin:80 - create IPUIPlugin
2025-02-06 00:31:51,579 [INFO] PluginManager:220 - loadIPPluginJar : add usart
2025-02-06 00:31:51,607 [INFO] IPUIPlugin:80 - create IPUIPlugin
2025-02-06 00:31:51,607 [INFO] PluginManager:220 - loadIPPluginJar : add usbx
2025-02-06 00:31:51,733 [INFO] CADModel:165 - CPN selected for project level
2025-02-06 00:31:51,733 [INFO] CADModel:114 - Register for checkConnection events
2025-02-06 00:31:51,733 [FATAL] Updater:308 - Updater called before beeing initialized
2025-02-06 00:31:51,734 [ERROR] CADModel:125 - Updater not yet initialized, retry later 
2025-02-06 00:31:51,856 [INFO] CADModel:165 - CPN selected for project level
2025-02-06 00:31:51,856 [INFO] CADModel:114 - Register for checkConnection events
2025-02-06 00:31:51,856 [FATAL] Updater:308 - Updater called before beeing initialized
2025-02-06 00:31:51,856 [ERROR] CADModel:125 - Updater not yet initialized, retry later 
2025-02-06 00:31:51,859 [FATAL] Updater:308 - Updater called before beeing initialized
2025-02-06 00:31:51,979 [FATAL] Updater:308 - Updater called before beeing initialized
2025-02-06 00:31:51,985 [INFO] DbMcusAds:53 - JSON generation date=Tue Dec 17 19:01:15 EAT 2024 (1734451275111)
2025-02-06 00:31:51,985 [FATAL] Updater:308 - Updater called before beeing initialized
2025-02-06 00:31:52,104 [WARN] DetailPanel:346 - Failed to get advertising image, set to default
2025-02-06 00:31:52,231 [FATAL] Updater:308 - Updater called before beeing initialized
2025-02-06 00:31:52,233 [FATAL] Updater:308 - Updater called before beeing initialized
2025-02-06 00:31:52,233 [FATAL] Updater:308 - Updater called before beeing initialized
2025-02-06 00:31:52,233 [WARN] DetailPanel:346 - Failed to get advertising image, set to default
2025-02-06 00:31:52,234 [FATAL] Updater:308 - Updater called before beeing initialized
2025-02-06 00:31:52,286 [INFO] ThirdPartyUpdaterWithRetryManager:70 - Updater plugin not ready yet. [2/15]
2025-02-06 00:31:52,295 [ERROR] Updater:1120 - MainUpdater not yet initialized. External WinMGr cannot be set.
2025-02-06 00:31:52,304 [INFO] Updater:1056 - Updater Version found : 6.11.1
2025-02-06 00:31:52,323 [INFO] ApplicationProperties:184 - Using Application install path: C:\ST\STM32CubeIDE_1.15.1\STM32CubeIDE\plugins\com.st.stm32cube.common.mx_6.11.1.202404110753
2025-02-06 00:31:53,899 [ERROR] LogOutputStream:75 - [STDERR_REDIRECT] Feb 06, 2025 12:31:53 AM java.util.prefs.WindowsPreferences <init>
2025-02-06 00:31:53,901 [ERROR] LogOutputStream:75 - [STDERR_REDIRECT] WARNING: Could not open/create prefs root node Software\JavaSoft\Prefs at root 0xffffffff80000002. Windows RegCreateKeyEx(...) returned error code 5.
2025-02-06 00:31:53,901 [ERROR] LogOutputStream:75 - [STDERR_REDIRECT] 
2025-02-06 00:31:54,341 [INFO] MainUpdater:2873 - connection check result : 10
2025-02-06 00:31:54,342 [INFO] MainUpdater:290 - Updater Check For Update Now.
2025-02-06 00:31:54,342 [INFO] MicroXplorer:498 - Change Database Version : DB.6.0.111
2025-02-06 00:31:54,358 [INFO] McuFinderGlobals:63 - Set McuFinder mode to 2 (CubeIDE integrated)
2025-02-06 00:31:54,366 [INFO] UserAuth:415 - Internet connection configuration mode: 1
2025-02-06 00:31:54,392 [INFO] JxBrowserEngine:152 - Initiate JxBrowser Engine with user profile folder
2025-02-06 00:31:54,532 [INFO] CheckServerUpdateThread:120 - End of CheckServer Thread
2025-02-06 00:31:55,484 [WARN] PackLoader:240 - Cannot read IP mode file for STMicroelectronics.FP-SNS-MOTENVWB1.1.4.0
2025-02-06 00:31:55,494 [WARN] PackLoader:240 - Cannot read IP mode file for STMicroelectronics.FP-ATR-ASTRA1.2.0.1
2025-02-06 00:31:55,506 [WARN] PackLoader:240 - Cannot read IP mode file for STMicroelectronics.X-CUBE-SMBUS.2.1.0
2025-02-06 00:31:55,517 [WARN] PackLoader:240 - Cannot read IP mode file for STMicroelectronics.X-CUBE-WB05N.1.1.0
2025-02-06 00:31:55,528 [WARN] PackLoader:240 - Cannot read IP mode file for STMicroelectronics.X-CUBE-TOUCHGFX.4.23.2
2025-02-06 00:31:55,562 [WARN] PackLoader:240 - Cannot read IP mode file for STMicroelectronics.X-CUBE-AZRTOS-F7.1.1.0
2025-02-06 00:31:55,576 [WARN] PackLoader:240 - Cannot read IP mode file for STMicroelectronics.FP-SNS-FLIGHT1.5.0.2
2025-02-06 00:31:55,585 [WARN] PackLoader:240 - Cannot read IP mode file for STMicroelectronics.X-CUBE-DISPLAY.3.0.0
2025-02-06 00:31:55,600 [WARN] PackLoader:240 - Cannot read IP mode file for STMicroelectronics.X-CUBE-BLE1.7.0.0
2025-02-06 00:31:55,615 [WARN] PackLoader:240 - Cannot read IP mode file for STMicroelectronics.X-CUBE-NFC10.1.0.0
2025-02-06 00:31:55,623 [WARN] PackLoader:240 - Cannot read IP mode file for STMicroelectronics.X-CUBE-BLEMGR.4.0.0
2025-02-06 00:31:55,642 [WARN] PackLoader:240 - Cannot read IP mode file for emotas.I-CUBE-CANOPEN.1.3.0
2025-02-06 00:31:55,658 [WARN] PackLoader:240 - Cannot read IP mode file for STMicroelectronics.X-CUBE-BLEMGR.3.1.0
2025-02-06 00:31:55,664 [WARN] PackLoader:240 - Cannot read IP mode file for STMicroelectronics.X-CUBE-AI.10.0.0
2025-02-06 00:31:55,676 [WARN] PackLoader:240 - Cannot read IP mode file for STMicroelectronics.FP-SNS-SMARTAG2.1.2.0
2025-02-06 00:31:55,706 [WARN] PackLoader:240 - Cannot read IP mode file for STMicroelectronics.X-CUBE-MEMS1.11.1.0
2025-02-06 00:31:55,849 [INFO] LogOutputStream:77 - [STDOUT_REDIRECT] 1 : Invalid condition id : UX_CORESTACK_Condition cause : null
2025-02-06 00:31:55,851 [INFO] LogOutputStream:77 - [STDOUT_REDIRECT] 1 : Invalid condition id : UX_CORESTACK_Condition cause : null
2025-02-06 00:31:55,854 [INFO] LogOutputStream:77 - [STDOUT_REDIRECT] 1 : Invalid condition id : UX_CORESTACK_Condition cause : null
2025-02-06 00:31:55,856 [INFO] LogOutputStream:77 - [STDOUT_REDIRECT] 1 : Invalid condition id : UX_CORESTACK_Condition cause : null
2025-02-06 00:31:55,857 [INFO] LogOutputStream:77 - [STDOUT_REDIRECT] 1 : Invalid condition id : UX_CORESTACK_Condition cause : null
2025-02-06 00:31:55,863 [WARN] PackLoader:240 - Cannot read IP mode file for STMicroelectronics.X-CUBE-AZRTOS-WL.2.0.0
2025-02-06 00:31:55,875 [WARN] PackLoader:240 - Cannot read IP mode file for STMicroelectronics.FP-SNS-MOTENV1.5.0.0
2025-02-06 00:31:55,886 [WARN] PackLoader:240 - Cannot read IP mode file for wolfSSL.I-CUBE-wolfMQTT.1.19.0
2025-02-06 00:31:55,899 [WARN] PackLoader:240 - Cannot read IP mode file for WES.I-CUBE-Cesium.1.3.0
2025-02-06 00:31:55,910 [WARN] PackLoader:240 - Cannot read IP mode file for STMicroelectronics.X-CUBE-BLE2.3.3.0
2025-02-06 00:31:55,917 [WARN] PackLoader:240 - Cannot read IP mode file for STMicroelectronics.X-CUBE-NFC9.1.0.0
2025-02-06 00:31:55,934 [WARN] PackLoader:240 - Cannot read IP mode file for STMicroelectronics.X-CUBE-TCPP.4.1.0
2025-02-06 00:31:55,964 [WARN] PackLoader:240 - Cannot read IP mode file for STMicroelectronics.X-CUBE-AZRTOS-G0.1.1.0
2025-02-06 00:31:55,981 [WARN] PackLoader:240 - Cannot read IP mode file for STMicroelectronics.X-CUBE-SAFEA1.1.2.2
2025-02-06 00:31:55,995 [WARN] PackLoader:240 - Cannot read IP mode file for STMicroelectronics.X-CUBE-NFC4.3.0.0
2025-02-06 00:31:56,009 [WARN] PackLoader:240 - Cannot read IP mode file for EmbeddedOffice.I-CUBE-FS-RTOS.1.0.1
2025-02-06 00:31:56,009 [ERROR] ConditionMgr:805 - Attr not supported : Dmpu
2025-02-06 00:31:56,009 [ERROR] ConditionMgr:805 - Attr not supported : Dmpu
2025-02-06 00:31:56,009 [ERROR] ConditionMgr:805 - Attr not supported : Dmpu
2025-02-06 00:31:56,009 [ERROR] ConditionMgr:805 - Attr not supported : Dmpu
2025-02-06 00:31:56,010 [ERROR] ConditionMgr:805 - Attr not supported : Dmpu
2025-02-06 00:31:56,010 [ERROR] ConditionMgr:805 - Attr not supported : Dmpu
2025-02-06 00:31:56,010 [ERROR] ConditionMgr:805 - Attr not supported : Dmpu
2025-02-06 00:31:56,010 [ERROR] ConditionMgr:805 - Attr not supported : Dmpu
2025-02-06 00:31:56,010 [ERROR] ConditionMgr:805 - Attr not supported : Dmpu
2025-02-06 00:31:56,010 [ERROR] ConditionMgr:805 - Attr not supported : Dmpu
2025-02-06 00:31:56,010 [ERROR] ConditionMgr:805 - Attr not supported : Dmpu
2025-02-06 00:31:56,010 [ERROR] ConditionMgr:805 - Attr not supported : Dmpu
2025-02-06 00:31:56,011 [ERROR] ConditionMgr:805 - Attr not supported : Dmpu
2025-02-06 00:31:56,011 [ERROR] ConditionMgr:805 - Attr not supported : Dmpu
2025-02-06 00:31:56,012 [ERROR] ConditionMgr:805 - Attr not supported : Dmpu
2025-02-06 00:31:56,012 [ERROR] ConditionMgr:805 - Attr not supported : Dmpu
2025-02-06 00:31:56,012 [ERROR] ConditionMgr:805 - Attr not supported : Dmpu
2025-02-06 00:31:56,012 [ERROR] ConditionMgr:805 - Attr not supported : Dmpu
2025-02-06 00:31:56,012 [ERROR] ConditionMgr:805 - Attr not supported : Dmpu
2025-02-06 00:31:56,012 [ERROR] ConditionMgr:805 - Attr not supported : Dmpu
2025-02-06 00:31:56,013 [ERROR] ConditionMgr:805 - Attr not supported : Dmpu
2025-02-06 00:31:56,013 [ERROR] ConditionMgr:805 - Attr not supported : Dmpu
2025-02-06 00:31:56,013 [ERROR] ConditionMgr:805 - Attr not supported : Dmpu
2025-02-06 00:31:56,013 [ERROR] ConditionMgr:805 - Attr not supported : Dmpu
2025-02-06 00:31:56,013 [ERROR] ConditionMgr:805 - Attr not supported : Dmpu
2025-02-06 00:31:56,013 [ERROR] ConditionMgr:805 - Attr not supported : Dmpu
2025-02-06 00:31:56,014 [ERROR] ConditionMgr:805 - Attr not supported : Dmpu
2025-02-06 00:31:56,014 [ERROR] ConditionMgr:805 - Attr not supported : Dmpu
2025-02-06 00:31:56,014 [ERROR] ConditionMgr:805 - Attr not supported : Dmpu
2025-02-06 00:31:56,014 [ERROR] ConditionMgr:805 - Attr not supported : Dmpu
2025-02-06 00:31:56,014 [ERROR] ConditionMgr:805 - Attr not supported : Dmpu
2025-02-06 00:31:56,014 [ERROR] ConditionMgr:805 - Attr not supported : Dmpu
2025-02-06 00:31:56,014 [ERROR] ConditionMgr:805 - Attr not supported : Dmpu
2025-02-06 00:31:56,014 [ERROR] ConditionMgr:805 - Attr not supported : Dmpu
2025-02-06 00:31:56,014 [ERROR] ConditionMgr:805 - Attr not supported : Dmpu
2025-02-06 00:31:56,014 [ERROR] ConditionMgr:805 - Attr not supported : Dmpu
2025-02-06 00:31:56,014 [ERROR] ConditionMgr:805 - Attr not supported : Dmpu
2025-02-06 00:31:56,014 [ERROR] ConditionMgr:805 - Attr not supported : Dmpu
2025-02-06 00:31:56,014 [ERROR] ConditionMgr:805 - Attr not supported : Dmpu
2025-02-06 00:31:56,014 [ERROR] ConditionMgr:805 - Attr not supported : Dmpu
2025-02-06 00:31:56,014 [ERROR] ConditionMgr:805 - Attr not supported : Dmpu
2025-02-06 00:31:56,015 [ERROR] ConditionMgr:805 - Attr not supported : Dmpu
2025-02-06 00:31:56,015 [ERROR] ConditionMgr:805 - Attr not supported : Dmpu
2025-02-06 00:31:56,015 [ERROR] ConditionMgr:805 - Attr not supported : Dmpu
2025-02-06 00:31:56,015 [ERROR] ConditionMgr:805 - Attr not supported : Dmpu
2025-02-06 00:31:56,015 [ERROR] ConditionMgr:805 - Attr not supported : Dmpu
2025-02-06 00:31:56,015 [ERROR] ConditionMgr:805 - Attr not supported : Dmpu
2025-02-06 00:31:56,015 [ERROR] ConditionMgr:805 - Attr not supported : Dmpu
2025-02-06 00:31:56,015 [ERROR] ConditionMgr:805 - Attr not supported : Dmpu
2025-02-06 00:31:56,015 [ERROR] ConditionMgr:805 - Attr not supported : Dmpu
2025-02-06 00:31:56,016 [ERROR] ConditionMgr:805 - Attr not supported : Dmpu
2025-02-06 00:31:56,016 [ERROR] ConditionMgr:805 - Attr not supported : Dmpu
2025-02-06 00:31:56,016 [ERROR] ConditionMgr:805 - Attr not supported : Dmpu
2025-02-06 00:31:56,016 [ERROR] ConditionMgr:805 - Attr not supported : Dmpu
2025-02-06 00:31:56,016 [ERROR] ConditionMgr:805 - Attr not supported : Dmpu
2025-02-06 00:31:56,016 [ERROR] ConditionMgr:805 - Attr not supported : Dmpu
2025-02-06 00:31:56,017 [ERROR] ConditionMgr:805 - Attr not supported : Dmpu
2025-02-06 00:31:56,017 [ERROR] ConditionMgr:805 - Attr not supported : Dmpu
2025-02-06 00:31:56,017 [ERROR] ConditionMgr:805 - Attr not supported : Dmpu
2025-02-06 00:31:56,017 [ERROR] ConditionMgr:805 - Attr not supported : Dmpu
2025-02-06 00:31:56,017 [ERROR] ConditionMgr:805 - Attr not supported : Dmpu
2025-02-06 00:31:56,017 [ERROR] ConditionMgr:805 - Attr not supported : Dmpu
2025-02-06 00:31:56,017 [ERROR] ConditionMgr:805 - Attr not supported : Dmpu
2025-02-06 00:31:56,017 [ERROR] ConditionMgr:805 - Attr not supported : Dmpu
2025-02-06 00:31:56,025 [ERROR] Engine:466 - C:\Users\lenovo\.stm32cubemx\thirdparties\pdsc\STMicroelectronics.X-CUBE-TCPP.4.2.0.pdsc: PDSC version is not supported
2025-02-06 00:31:56,030 [WARN] PackLoader:240 - Cannot read IP mode file for RealThread.X-CUBE-RT-Thread_Nano.4.1.1
2025-02-06 00:31:56,045 [WARN] PackLoader:240 - Cannot read IP mode file for wolfSSL.I-CUBE-wolfSSL.5.7.0
2025-02-06 00:31:56,057 [WARN] PackLoader:240 - Cannot read IP mode file for STMicroelectronics.FP-ATR-SIGFOX1.3.2.0
2025-02-06 00:31:56,064 [WARN] ConditionMgr:438 - getConditionDescription Invalid condition id : Cortex-A Device cause : null
2025-02-06 00:31:56,080 [WARN] ConditionMgr:1039 - genDependencies : Invalid condition id : Cortex-A Device cause : null
2025-02-06 00:31:56,080 [WARN] ConditionMgr:1039 - genDependencies : Invalid condition id : Cortex-A Device cause : null
2025-02-06 00:31:56,080 [WARN] ConditionMgr:1039 - genDependencies : Invalid condition id : Cortex-A Device cause : null
2025-02-06 00:31:56,094 [WARN] PackLoader:240 - Cannot read IP mode file for STMicroelectronics.X-CUBE-EEPRMA1.5.1.0
2025-02-06 00:31:56,112 [WARN] PackLoader:240 - Cannot read IP mode file for ITTIA_DB.I-CUBE-ITTIADB.8.9.0
2025-02-06 00:31:56,157 [WARN] PackLoader:240 - Cannot read IP mode file for SEGGER.I-CUBE-embOS.1.3.1
2025-02-06 00:31:56,192 [WARN] PackLoader:240 - Cannot read IP mode file for STMicroelectronics.X-CUBE-ALGOBUILD.1.4.0
2025-02-06 00:31:56,207 [WARN] PackLoader:240 - Cannot read IP mode file for STMicroelectronics.X-CUBE-GNSS1.6.0.0
2025-02-06 00:31:56,237 [WARN] PackLoader:240 - Cannot read IP mode file for STMicroelectronics.X-CUBE-AZRTOS-F4.1.1.0
2025-02-06 00:31:56,245 [WARN] PackLoader:240 - Cannot read IP mode file for STMicroelectronics.X-CUBE-ISPU.2.1.0
2025-02-06 00:31:56,261 [WARN] PackLoader:240 - Cannot read IP mode file for STMicroelectronics.X-CUBE-FREERTOS.1.2.0
2025-02-06 00:31:56,287 [WARN] PackLoader:240 - Cannot read IP mode file for STMicroelectronics.X-CUBE-AZRTOS-L5.2.0.0
2025-02-06 00:31:56,303 [WARN] PackLoader:240 - Cannot read IP mode file for STMicroelectronics.X-CUBE-NFC6.3.1.0
2025-02-06 00:31:56,311 [WARN] PackLoader:240 - Cannot read IP mode file for STMicroelectronics.X-CUBE-DPower.1.2.0
2025-02-06 00:31:56,319 [WARN] PackLoader:240 - Cannot read IP mode file for STMicroelectronics.X-CUBE-AI.9.0.0
2025-02-06 00:31:56,324 [WARN] PackLoader:240 - Cannot read IP mode file for STMicroelectronics.X-CUBE-FREERTOS.1.3.0
2025-02-06 00:31:56,330 [WARN] PackLoader:240 - Cannot read IP mode file for STMicroelectronics.X-CUBE-NFC7.1.0.1
2025-02-06 00:31:56,365 [WARN] ConditionMgr:438 - getConditionDescription Invalid condition id : LAN8742 Phy interface Condition cause : null
2025-02-06 00:31:56,366 [WARN] PackLoader:240 - Cannot read IP mode file for STMicroelectronics.X-CUBE-AZRTOS-L4.2.0.0
2025-02-06 00:31:56,367 [WARN] ConditionMgr:1039 - genDependencies : Invalid condition id : LAN8742 Phy interface Condition cause : null
2025-02-06 00:31:56,367 [WARN] ConditionMgr:1039 - genDependencies : Invalid condition id : LAN8742 Phy interface Condition cause : null
2025-02-06 00:31:56,367 [WARN] ConditionMgr:1039 - genDependencies : Invalid condition id : LAN8742 Phy interface Condition cause : null
2025-02-06 00:31:56,384 [WARN] PackLoader:240 - Cannot read IP mode file for STMicroelectronics.X-CUBE-SFXS2LP1.4.0.0
2025-02-06 00:31:56,404 [WARN] PackLoader:240 - Cannot read IP mode file for STMicroelectronics.X-CUBE-AZRTOS-H7.3.3.0
2025-02-06 00:31:56,432 [WARN] ConditionMgr:438 - getConditionDescription Invalid condition id : UX DEVICE CLASS RTOS Condition cause : null
2025-02-06 00:31:56,432 [WARN] ConditionMgr:438 - getConditionDescription Invalid condition id : UX DEVICE CLASS RTOS Condition cause : null
2025-02-06 00:31:56,434 [WARN] PackLoader:240 - Cannot read IP mode file for STMicroelectronics.X-CUBE-AZRTOS-WB.2.0.0
2025-02-06 00:31:56,435 [WARN] ConditionMgr:1039 - genDependencies : Invalid condition id : UX DEVICE CLASS RTOS Condition cause : null
2025-02-06 00:31:56,435 [WARN] ConditionMgr:1039 - genDependencies : Invalid condition id : UX DEVICE CLASS RTOS Condition cause : null
2025-02-06 00:31:56,435 [WARN] ConditionMgr:1039 - genDependencies : Invalid condition id : UX DEVICE CLASS RTOS Condition cause : null
2025-02-06 00:31:56,435 [WARN] ConditionMgr:1039 - genDependencies : Invalid condition id : UX DEVICE CLASS RTOS Condition cause : null
2025-02-06 00:31:56,435 [WARN] ConditionMgr:1039 - genDependencies : Invalid condition id : UX DEVICE CLASS RTOS Condition cause : null
2025-02-06 00:31:56,449 [WARN] PackLoader:240 - Cannot read IP mode file for STMicroelectronics.X-CUBE-GNSS1.7.0.1
2025-02-06 00:31:56,459 [WARN] PackLoader:240 - Cannot read IP mode file for STMicroelectronics.FP-SNS-STBOX1.2.0.0
2025-02-06 00:31:56,484 [WARN] PackLoader:240 - Cannot read IP mode file for STMicroelectronics.X-CUBE-SUBG2.5.0.0
2025-02-06 00:31:56,514 [WARN] PackLoader:240 - Cannot read IP mode file for Cesanta.I-CUBE-Mongoose.7.13.0
2025-02-06 00:31:56,548 [WARN] PackLoader:240 - Cannot read IP mode file for STMicroelectronics.X-CUBE-AZRTOS-G4.2.0.0
2025-02-06 00:31:56,560 [WARN] PackLoader:240 - Cannot read IP mode file for STMicroelectronics.X-CUBE-ISPU.2.0.0
2025-02-06 00:31:56,568 [ERROR] Engine:466 - C:\Users\lenovo\.stm32cubemx\thirdparties\pdsc\STMicroelectronics.X-CUBE-IPS.3.1.0.pdsc: PDSC version is not supported
2025-02-06 00:31:56,581 [WARN] PackLoader:240 - Cannot read IP mode file for STMicroelectronics.X-CUBE-ALS.1.0.2
2025-02-06 00:31:56,619 [WARN] PackLoader:240 - Cannot read IP mode file for STMicroelectronics.X-CUBE-MEMS1.10.0.0
2025-02-06 00:31:56,687 [WARN] PackLoader:240 - Cannot read IP mode file for STMicroelectronics.X-CUBE-TOUCHGFX.4.24.2
2025-02-06 00:31:56,694 [WARN] PackLoader:240 - Cannot read IP mode file for wolfSSL.I-CUBE-wolfTPM.3.4.0
2025-02-06 00:31:56,712 [WARN] PackLoader:240 - Cannot read IP mode file for portGmbH.I-Cube-SoM-uGOAL.1.1.0
2025-02-06 00:31:56,747 [WARN] PackLoader:240 - Cannot read IP mode file for STMicroelectronics.X-CUBE-AZRTOS-H7RS.1.0.0
2025-02-06 00:31:56,758 [WARN] PackLoader:240 - Cannot read IP mode file for STMicroelectronics.FP-ATR-ASTRA1.2.0.0
2025-02-06 00:31:56,768 [WARN] PackLoader:240 - Cannot read IP mode file for STMicroelectronics.X-CUBE-TOF1.3.4.2
2025-02-06 00:31:56,797 [WARN] PackLoader:240 - Cannot read IP mode file for STMicroelectronics.X-CUBE-TOF1.3.4.1
2025-02-06 00:31:56,838 [WARN] PackLoader:240 - Cannot read IP mode file for STMicroelectronics.X-CUBE-AZRTOS-H7.3.2.0
2025-02-06 00:31:56,865 [WARN] PackLoader:240 - Cannot read IP mode file for Infineon.AIROC-Wi-Fi-Bluetooth-STM32.1.6.0
2025-02-06 00:31:56,877 [WARN] PackLoader:240 - Cannot read IP mode file for wolfSSL.I-CUBE-wolfSSH.1.4.17
2025-02-06 00:31:56,878 [INFO] ThirdParty:978 - Integrity check success = true
2025-02-06 00:31:56,878 [INFO] IntegrityCheckThread:100 - exiting critical section [integrity check]
2025-02-06 00:31:56,879 [INFO] IntegrityCheckThread:103 - End integrity checks thread
2025-02-06 00:31:57,756 [INFO] WebApp:161 - Instantiating new browser for Auth
2025-02-06 00:31:58,453 [INFO] WebApp:779 - Register for checkConnection events
2025-02-06 00:31:58,453 [INFO] WebApp:414 - Apply proxy settings
2025-02-06 00:31:58,454 [INFO] WebApp:499 - Chromium requires no authentication
2025-02-06 00:31:58,463 [INFO] WebApp:442 - Direct internet connection detected
2025-02-06 00:31:58,637 [INFO] WebApp:192 - Starting web application
2025-02-06 00:31:58,637 [INFO] WebApp:544 - Web application path used C:\ST\STM32CubeIDE_1.15.1\STM32CubeIDE\plugins\com.st.stm32cube.common.mx_6.11.1.202404110753\db\plugins\mcufinder\reactClient1\index.html
2025-02-06 01:21:30,920 [INFO] McuFinderGlobals:63 - Set McuFinder mode to 2 (CubeIDE integrated)
2025-02-06 01:21:31,011 [INFO] MainUpdater:2873 - connection check result : 10
2025-02-06 01:21:31,021 [INFO] MainUpdater:2873 - connection check result : 10
2025-02-06 01:21:32,115 [INFO] MicroXplorer:468 - Change Database Path : 
2025-02-06 01:21:32,118 [INFO] MicroXplorer:498 - Change Database Version : DB.6.0.111
2025-02-06 01:21:32,167 [WARN] ThirdParty:871 - waiting for thirdparty lock release [close project]
2025-02-06 01:21:32,168 [INFO] ThirdParty:873 - entering critical section [close project]
2025-02-06 01:21:32,186 [INFO] ThirdParty:883 - exiting critical section [close project]
2025-02-06 01:21:32,205 [INFO] PinOutPanel:1561 - setPackage(No Configuration,No Configuration)
2025-02-06 01:21:32,239 [INFO] UtilMem:75 - Begin LoadConfig() Used Memory: 613689608 Bytes (1073741824)
2025-02-06 01:21:32,253 [INFO] MicroXplorer:468 - Change Database Path : 
2025-02-06 01:21:32,253 [INFO] MicroXplorer:498 - Change Database Version : DB.6.0.111
2025-02-06 01:21:32,254 [INFO] OpenFileManager:312 - Change cursor
2025-02-06 01:21:32,526 [INFO] Mcu:2021 - Initializing MCU STM32F746NGHx STM32F746NGHx STM32F746NGH6
2025-02-06 01:21:38,176 [INFO] Context:663 - Trying to add GPIOservice into a context  which must be forbidden
2025-02-06 01:21:39,215 [INFO] RtosManager:555 - Registered RTOS mode: class=CMSIS, group=RTOS, mode=CMSIS_V1, owner=FREERTOS
2025-02-06 01:21:39,216 [INFO] RtosManager:555 - Registered RTOS mode: class=CMSIS, group=RTOS2, mode=CMSIS_V2, owner=FREERTOS
2025-02-06 01:21:39,216 [INFO] RtosManager:555 - Registered RTOS mode: class=RTOS, group=Core, mode=CMSIS_V1, owner=FREERTOS
2025-02-06 01:21:39,216 [INFO] RtosManager:555 - Registered RTOS mode: class=RTOS, group=Core, mode=CMSIS_V2, owner=FREERTOS
2025-02-06 01:21:39,216 [WARN] ModelIntegratedComponent:184 - Missing modes for component STMicroelectronics:FreeRTOS:0.0.1:STMicroelectronics:RTOS:FreeRTOS:Core:::10.2.0:
2025-02-06 01:21:39,244 [WARN] ModelIntegratedComponent:63 - No mode defined for component null
2025-02-06 01:21:39,244 [WARN] ModelIntegratedComponent:63 - No mode defined for component null
2025-02-06 01:21:39,244 [WARN] ModelIntegratedComponent:63 - No mode defined for component null
2025-02-06 01:21:39,244 [WARN] ModelIntegratedComponent:63 - No mode defined for component null
2025-02-06 01:21:39,244 [WARN] ModelIntegratedComponent:63 - No mode defined for component null
2025-02-06 01:21:39,244 [WARN] ModelIntegratedComponent:63 - No mode defined for component null
2025-02-06 01:21:39,244 [WARN] ModelIntegratedComponent:63 - No mode defined for component null
2025-02-06 01:21:39,244 [WARN] ModelIntegratedComponent:63 - No mode defined for component null
2025-02-06 01:21:39,244 [WARN] ModelIntegratedComponent:63 - No mode defined for component null
2025-02-06 01:21:39,244 [WARN] ModelIntegratedComponent:63 - No mode defined for component null
2025-02-06 01:21:39,245 [WARN] ModelIntegratedComponent:63 - No mode defined for component null
2025-02-06 01:21:39,245 [WARN] ModelIntegratedComponent:63 - No mode defined for component null
2025-02-06 01:21:39,245 [WARN] ModelIntegratedComponent:63 - No mode defined for component null
2025-02-06 01:21:39,245 [WARN] ModelIntegratedComponent:63 - No mode defined for component null
2025-02-06 01:21:39,245 [WARN] ModelIntegratedComponent:63 - No mode defined for component null
2025-02-06 01:21:39,245 [WARN] ModelIntegratedComponent:63 - No mode defined for component null
2025-02-06 01:21:39,245 [WARN] ModelIntegratedComponent:63 - No mode defined for component null
2025-02-06 01:21:39,245 [WARN] ModelIntegratedComponent:63 - No mode defined for component null
2025-02-06 01:21:39,246 [WARN] ModelIntegratedComponent:63 - No mode defined for component null
2025-02-06 01:21:39,246 [WARN] ModelIntegratedComponent:63 - No mode defined for component null
2025-02-06 01:21:39,246 [WARN] ModelIntegratedComponent:63 - No mode defined for component null
2025-02-06 01:21:39,246 [WARN] ModelIntegratedComponent:63 - No mode defined for component null
2025-02-06 01:21:39,246 [WARN] ModelIntegratedComponent:63 - No mode defined for component null
2025-02-06 01:21:39,246 [WARN] ModelIntegratedComponent:63 - No mode defined for component null
2025-02-06 01:21:39,246 [WARN] ModelIntegratedComponent:63 - No mode defined for component null
2025-02-06 01:21:39,246 [WARN] ModelIntegratedComponent:63 - No mode defined for component null
2025-02-06 01:21:39,246 [WARN] ModelIntegratedComponent:63 - No mode defined for component null
2025-02-06 01:21:39,246 [WARN] ModelIntegratedComponent:63 - No mode defined for component null
2025-02-06 01:21:39,246 [WARN] ModelIntegratedComponent:63 - No mode defined for component null
2025-02-06 01:21:39,247 [WARN] ModelIntegratedComponent:63 - No mode defined for component null
2025-02-06 01:21:39,247 [WARN] ModelIntegratedComponent:63 - No mode defined for component null
2025-02-06 01:21:39,247 [WARN] ModelIntegratedComponent:63 - No mode defined for component null
2025-02-06 01:21:39,247 [WARN] ModelIntegratedComponent:63 - No mode defined for component null
2025-02-06 01:21:39,247 [WARN] ModelIntegratedComponent:63 - No mode defined for component null
2025-02-06 01:21:39,402 [INFO] ThirdPartyModel:298 - Start build external matchings
2025-02-06 01:21:39,805 [INFO] ThirdPartyModel:316 - End build external matchings
2025-02-06 01:21:41,421 [INFO] ApiDb:581 - Connected to CubeFinder SQLite database (C:\Users\lenovo\.stmcufinder\plugins\mcufinder\mcu\cube-finder-db.db)
2025-02-06 01:21:41,508 [INFO] ApiDb:668 - CubeFinder database Data Model version=2.1
2025-02-06 01:21:41,508 [INFO] ApiDb:669 - CubeFinder database Configuration version=3.0.39
2025-02-06 01:21:41,510 [INFO] ApiDb:670 - CubeFinder database generation date=2024-12-10 (1733817889)
2025-02-06 01:21:41,511 [INFO] ApiDb:671 - CubeFinder database FW Pack versions=[FP-ATR-ASTRA1_V2.0.0, FP-SNS-FLIGHT1_V5.0.2, FP-SNS-MOTENV1_V5.0.0, FP-SNS-MOTENVWB1_V1.4.0, FP-SNS-SMARTAG2_V1.2.0, FP-SNS-STBOX1_V2.0.0, STM32Cube_FW_C0_V1.3.0, STM32Cube_FW_F4_V1.28.1, STM32Cube_FW_F7_V1.17.2, STM32Cube_FW_G0_V1.6.2, STM32Cube_FW_G4_V1.6.1, STM32Cube_FW_H5_V1.4.0, STM32Cube_FW_H7RS_V1.1.0, STM32Cube_FW_H7_V1.12.0, STM32Cube_FW_L0_V1.12.2, STM32Cube_FW_L4_V1.18.1, STM32Cube_FW_L5_V1.5.1, STM32Cube_FW_N6_V1.0.0, STM32Cube_FW_U0_V1.2.0, STM32Cube_FW_U3_V1.0.0, STM32Cube_FW_U5_V1.7.0, STM32Cube_FW_WB0_V1.1.0, STM32Cube_FW_WBA_V1.5.0, STM32Cube_FW_WB_V1.21.0, STM32Cube_FW_WL3_V1.0.0, STM32Cube_FW_WL_V1.3.0, X-CUBE-ALGOBUILD_V1.4.0, X-CUBE-ALS_V1.0.2, X-CUBE-AZRTOS-F4_V1.1.0, X-CUBE-AZRTOS-F7_V1.1.0, X-CUBE-AZRTOS-G0_V1.1.0, X-CUBE-AZRTOS-G4_V2.0.0, X-CUBE-AZRTOS-H7RS_V1.0.0, X-CUBE-AZRTOS-H7_V3.3.0, X-CUBE-AZRTOS-L4_V2.0.0, X-CUBE-AZRTOS-L5_V2.0.0, X-CUBE-AZRTOS-WB_V2.0.0, X-CUBE-AZRTOS-WL_V2.0.0, X-CUBE-BLE1_V7.0.0, X-CUBE-BLE2_V3.3.0, X-CUBE-BLEMGR_V3.1.0, X-CUBE-EEPRMA1_V5.1.0, X-CUBE-FREERTOS_V1.2.0, X-CUBE-GNSS1_V6.0.0, X-CUBE-MEMS1_V11.0.0, X-CUBE-NFC4_V3.0.0, X-CUBE-NFC7_V1.0.1, X-CUBE-SFXS2LP1_V4.0.0, X-CUBE-SUBG2_V5.0.0, X-CUBE-TOF1_V3.4.2]
2025-02-06 01:21:41,628 [INFO] DbBoardsSqlite:226 - include board P-NUCLEO-WB55-NUCLEO as a kit item of type 'Nucleo-64'
2025-02-06 01:21:41,629 [INFO] DbBoardsSqlite:226 - include board P-NUCLEO-WB55-USBDONGLE as a kit item of type 'Nucleo USB Dongle'
2025-02-06 01:21:41,630 [INFO] DbBoardsSqlite:226 - include board STEVAL-IDP005V1 as a kit item of type 'Evaluation Board'
2025-02-06 01:21:41,630 [INFO] DbBoardsSqlite:226 - include board STEVAL-IDP005V2 as a kit item of type 'Evaluation Board'
2025-02-06 01:21:42,073 [INFO] ApiDb:240 - Found 483 in-development CPN: [B-G473E-ZEST1S, B-WB1M-WPAN1, B-WL5M-SUBG1, NUCLEO-C031C6, NUCLEO-H503RB, NUCLEO-H533RE, NUCLEO-H563ZI, NUCLEO-H7S3L8, NUCLEO-U031R8, NUCLEO-U083RC, NUCLEO-U545RE-Q, NUCLEO-U5A5ZJ-Q, NUCLEO-WBA52CG, NUCLEO-WBA55CG, STEVAL-PROTEUS1, STEVAL-SMARTAG2, STEVAL-STWINBX1, STM320518-EVAL, STM32C0116-DK, STM32C011D6Y3TR, STM32C011D6Y6TR, STM32C011F4P3, STM32C011F4P6, STM32C011F4U3, STM32C011F4U6TR, STM32C011F6P3, STM32C011F6P6, STM32C011F6U3, STM32C011F6U6TR, STM32C011J4M3, STM32C011J4M6, STM32C011J6M3, STM32C011J6M6, STM32C0316-DK, STM32C031C4T3, STM32C031C4T6, STM32C031C4U3, STM32C031C4U6, STM32C031C6T3, STM32C031C6T6, STM32C031C6U3, STM32C031C6U6, STM32C031F4P3, STM32C031F4P6, STM32C031F6P3, STM32C031F6P6, STM32C031G4U3, STM32C031G4U6, STM32C031G6U3, STM32C031G6U6, STM32C031K4T3, STM32C031K4T6, STM32C031K4U3, STM32C031K4U6, STM32C031K6T3, STM32C031K6T6, STM32C031K6U3, STM32C031K6U6, STM32G071K8TXN, STM32G071K8UXN, STM32G081GBU6N, STM32G081KBT6N, STM32G081KBUXN, STM32G0B1CCT6N, STM32G0B1KCT6, STM32G0B1NEY6TR, STM32G0B1RCT6N, STM32G0C1CCT6, STM32G0C1CCT6N, STM32G0C1CCU6N, STM32G0C1CET6N, STM32G0C1CEU6N, STM32G0C1KCT6, STM32G0C1NEY6TR, STM32G0C1RCI6N, STM32G0C1RCT6N, STM32G0C1REI6N, STM32G0C1RET6N, STM32G0C1VCI6, STM32G0C1VEI6, STM32G471CCT6, STM32G471CCU6, STM32G471CET3, STM32G471CET6, STM32G471CEU3, STM32G471CEU6, STM32G471MCT6, STM32G471MET3, STM32G471MET6, STM32G471MEY6TR, STM32G471QCT6, STM32G471QET3, STM32G471RCT6, STM32G471RET3, STM32G471RET6, STM32G471VCH6, STM32G471VCI6, STM32G471VCT6, STM32G471VEH3, STM32G471VEH6, STM32G471VEI3, STM32G471VEI6, STM32G471VET3, STM32G471VET6, STM32G474CCT6, STM32H503CBT6, STM32H503CBU6, STM32H503EBY6TR, STM32H503KBU6, STM32H503RBT6, STM32H523CCT6, STM32H523CCU6, STM32H523CET6, STM32H523CEU6, STM32H523HEY6TR, STM32H523RCT6, STM32H523RET6, STM32H523VCI6, STM32H523VCT6, STM32H523VEI6, STM32H523VET6, STM32H523ZCJ6, STM32H523ZCT6, STM32H523ZEJ6, STM32H523ZET6, STM32H533CET6, STM32H533CEU6, STM32H533HEY6TR, STM32H533RET6, STM32H533VEI6, STM32H533VET6, STM32H533ZEJ6, STM32H533ZET6, STM32H562AGI6, STM32H562AII6, STM32H562IGK6, STM32H562IGT6, STM32H562IIK6, STM32H562IIT6, STM32H562RGT6, STM32H562RGV6, STM32H562RIT6, STM32H562RIV6, STM32H562VGT6, STM32H562VIT6, STM32H562ZGT6, STM32H562ZIT6, STM32H563AGI6, STM32H563AII3Q, STM32H563AII6, STM32H563IGK6, STM32H563IGT6, STM32H563IIK3Q, STM32H563IIK6, STM32H563IIT3Q, STM32H563IIT6, STM32H563MIY3QTR, STM32H563RGT6, STM32H563RGV6, STM32H563RIT6, STM32H563RIV6, STM32H563VGT6, STM32H563VIT3Q, STM32H563VIT6, STM32H563ZGT6, STM32H563ZIT3Q, STM32H563ZIT6, STM32H573AII3Q, STM32H573AII6, STM32H573I-DK, STM32H573IIK3Q, STM32H573IIK6, STM32H573IIT3Q, STM32H573IIT6, STM32H573MIY3QTR, STM32H573RIT6, STM32H573RIV6, STM32H573VIT3Q, STM32H573VIT6, STM32H573ZIT3Q, STM32H573ZIT6, STM32H7R3A8I6, STM32H7R3I8K6, STM32H7R3I8T6, STM32H7R3L8H6, STM32H7R3L8H6H, STM32H7R3R8V6, STM32H7R3V8H6, STM32H7R3V8T6, STM32H7R3V8Y6, STM32H7R3Z8J6, STM32H7R3Z8T6, STM32H7R7A8I6, STM32H7R7I8K6, STM32H7R7I8T6, STM32H7R7L8H6, STM32H7R7L8H6H, STM32H7R7Z8J6, STM32H7S3A8I6, STM32H7S3I8K6, STM32H7S3I8T6, STM32H7S3L8H6, STM32H7S3L8H6H, STM32H7S3R8V6, STM32H7S3V8H6, STM32H7S3V8T6, STM32H7S3V8Y6, STM32H7S3Z8J6, STM32H7S3Z8T6, STM32H7S78-DK, STM32H7S7A8I6, STM32H7S7I8K6, STM32H7S7I8T6, STM32H7S7L8H6, STM32H7S7L8H6H, STM32H7S7Z8J6, STM32L4R5QGI6STR, STM32MP131AAE3, STM32MP131AAF3, STM32MP131AAG3, STM32MP131CAE3, STM32MP131CAF3, STM32MP131CAG3, STM32MP131DAE7, STM32MP131DAF7, STM32MP131DAG7, STM32MP131FAE7, STM32MP131FAF7, STM32MP131FAG7, STM32MP133AAE3, STM32MP133AAF3, STM32MP133AAG3, STM32MP133CAE3, STM32MP133CAF3, STM32MP133CAG3, STM32MP133DAE7, STM32MP133DAF7, STM32MP133DAG7, STM32MP133FAE7, STM32MP133FAF7, STM32MP133FAG7, STM32MP135AAE3, STM32MP135AAF3, STM32MP135AAG3, STM32MP135CAE3, STM32MP135CAF3, STM32MP135CAG3, STM32MP135DAE7, STM32MP135DAF7, STM32MP135DAG7, STM32MP135F-DK, STM32MP135FAE7, STM32MP135FAF7, STM32MP135FAF7T, STM32MP135FAF7U, STM32MP135FAG7, STM32U031C6T6, STM32U031C6U6, STM32U031C8T6, STM32U031C8U6, STM32U031F4P6, STM32U031F6P6, STM32U031F8P6, STM32U031G6Y6TR, STM32U031G8Y6TR, STM32U031K4U6, STM32U031K6U6, STM32U031K8U6, STM32U031R6I6, STM32U031R6T6, STM32U031R8I6, STM32U031R8T6, STM32U073C8T6, STM32U073C8U6, STM32U073CBT6, STM32U073CBU6, STM32U073CCT6, STM32U073CCU6, STM32U073H8Y6TR, STM32U073HBY6TR, STM32U073HCY6TR, STM32U073K8U6, STM32U073KBU6, STM32U073KCU6, STM32U073M8I6, STM32U073M8T6, STM32U073MBI6, STM32U073MBT6, STM32U073MCI6, STM32U073MCT6, STM32U073R8I6, STM32U073R8T6, STM32U073RBI6, STM32U073RBT6, STM32U073RCI6, STM32U073RCT6, STM32U083C-DK, STM32U083CCT6, STM32U083CCU6, STM32U083HCY6TR, STM32U083KCU6, STM32U083MCI6, STM32U083MCT6, STM32U083RCI6, STM32U083RCT6, STM32U535CBT6, STM32U535CBT6Q, STM32U535CBU6, STM32U535CBU6Q, STM32U535CCT6, STM32U535CCT6Q, STM32U535CCU6, STM32U535CCU6Q, STM32U535CET6, STM32U535CET6Q, STM32U535CEU6, STM32U535CEU6Q, STM32U535JEY6QTR, STM32U535NCY6QTR, STM32U535NEY6QTR, STM32U535RBI6, STM32U535RBI6Q, STM32U535RBT6, STM32U535RBT6Q, STM32U535RCI6, STM32U535RCI6Q, STM32U535RCT6, STM32U535RCT6Q, STM32U535REI6, STM32U535REI6Q, STM32U535RET6, STM32U535RET6Q, STM32U535VCI6, STM32U535VCI6Q, STM32U535VCT6, STM32U535VCT6Q, STM32U535VEI6, STM32U535VEI6Q, STM32U535VET6, STM32U535VET6Q, STM32U545CET6, STM32U545CET6Q, STM32U545CEU6, STM32U545CEU6Q, STM32U545JEY6QTR, STM32U545NEY6QTR, STM32U545REI6, STM32U545REI6Q, STM32U545RET6, STM32U545RET6Q, STM32U545VEI6, STM32U545VEI6Q, STM32U545VET6, STM32U545VET6Q, STM32U595AIH6, STM32U595AIH6Q, STM32U595AJH6, STM32U595AJH6Q, STM32U595QII6, STM32U595QII6Q, STM32U595QJI6, STM32U595QJI6Q, STM32U595RIT6, STM32U595RIT6Q, STM32U595RJT6, STM32U595RJT6Q, STM32U595VIT6, STM32U595VIT6Q, STM32U595VJT6, STM32U595VJT6Q, STM32U595ZIT6, STM32U595ZIT6Q, STM32U595ZIY6QTR, STM32U595ZJT6, STM32U595ZJT6Q, STM32U595ZJY6QTR, STM32U599BJY6QTR, STM32U599NIH6Q, STM32U599NJH6Q, STM32U599VIT6Q, STM32U599VJT6, STM32U599VJT6Q, STM32U599ZIT6Q, STM32U599ZIY6QTR, STM32U599ZJT6Q, STM32U599ZJY6QTR, STM32U5A5AJH6, STM32U5A5AJH6Q, STM32U5A5QII3Q , STM32U5A5QJI6, STM32U5A5QJI6Q, STM32U5A5RJT6, STM32U5A5RJT6Q, STM32U5A5VJT6, STM32U5A5VJT6Q, STM32U5A5ZJT6, STM32U5A5ZJT6Q, STM32U5A5ZJY6QTR, STM32U5A9BJY6QTR, STM32U5A9J-DK, STM32U5A9NJH6Q, STM32U5A9VJT6Q, STM32U5A9ZJT6Q, STM32U5A9ZJY6QTR, STM32U5F7VIT6, STM32U5F7VIT6Q, STM32U5F7VJT6, STM32U5F7VJT6Q, STM32U5F9BJY6QTR, STM32U5F9NJH6Q, STM32U5F9VIT6Q, STM32U5F9VJT6Q, STM32U5F9ZIJ6QTR, STM32U5F9ZIT6Q, STM32U5F9ZJJ6QTR, STM32U5F9ZJT6Q, STM32U5G7VJT6, STM32U5G7VJT6Q, STM32U5G9BJY6QTR, STM32U5G9J-DK1, STM32U5G9J-DK2, STM32U5G9NJH6Q, STM32U5G9VJT6Q, STM32U5G9ZJJ6QTR, STM32U5G9ZJT6Q, STM32WB1MMCH6, STM32WBA50KEU6, STM32WBA50KEU6TR, STM32WBA50KGU6, STM32WBA50KGU6TR, STM32WBA52CEU6, STM32WBA52CEU6TR, STM32WBA52CEU7, STM32WBA52CEU7TR, STM32WBA52CGU6, STM32WBA52CGU6TR, STM32WBA52CGU6U, STM32WBA52CGU7, STM32WBA52CGU7TR, STM32WBA52KEU6, STM32WBA52KEU6TR, STM32WBA52KGU6, STM32WBA52KGU6TR, STM32WBA54CEU6, STM32WBA54CEU6TR, STM32WBA54CEU7, STM32WBA54CEU7TR, STM32WBA54CGU6, STM32WBA54CGU6TR, STM32WBA54CGU7, STM32WBA54CGU7TR, STM32WBA54KEU6, STM32WBA54KEU6TR, STM32WBA54KEU7, STM32WBA54KEU7TR, STM32WBA54KGU6, STM32WBA54KGU6TR, STM32WBA54KGU7, STM32WBA54KGU7TR, STM32WBA55CEU6, STM32WBA55CEU6TR, STM32WBA55CEU7, STM32WBA55CEU7TR, STM32WBA55CGU6, STM32WBA55CGU6TR, STM32WBA55CGU6U, STM32WBA55CGU7, STM32WBA55CGU7TR, STM32WBA55G-DK1, STM32WBA55HEF6, STM32WBA55HEF7, STM32WBA55HGF6, STM32WBA55HGF7, STM32WBA55UEI6, STM32WBA55UEI6TR, STM32WBA55UEI7, STM32WBA55UEI7TR, STM32WBA55UGI6, STM32WBA55UGI6TR, STM32WBA55UGI7, STM32WBA55UGI7TR, STM32WL5MOCH6, STM32WL5MOCH6TR]
2025-02-06 01:21:42,079 [INFO] ApiDb:668 - CubeFinder database Data Model version=2.1
2025-02-06 01:21:42,079 [INFO] ApiDb:669 - CubeFinder database Configuration version=3.0.39
2025-02-06 01:21:42,079 [INFO] ApiDb:670 - CubeFinder database generation date=2024-12-10 (1733817889)
2025-02-06 01:21:42,079 [INFO] ApiDb:671 - CubeFinder database FW Pack versions=[FP-ATR-ASTRA1_V2.0.0, FP-SNS-FLIGHT1_V5.0.2, FP-SNS-MOTENV1_V5.0.0, FP-SNS-MOTENVWB1_V1.4.0, FP-SNS-SMARTAG2_V1.2.0, FP-SNS-STBOX1_V2.0.0, STM32Cube_FW_C0_V1.3.0, STM32Cube_FW_F4_V1.28.1, STM32Cube_FW_F7_V1.17.2, STM32Cube_FW_G0_V1.6.2, STM32Cube_FW_G4_V1.6.1, STM32Cube_FW_H5_V1.4.0, STM32Cube_FW_H7RS_V1.1.0, STM32Cube_FW_H7_V1.12.0, STM32Cube_FW_L0_V1.12.2, STM32Cube_FW_L4_V1.18.1, STM32Cube_FW_L5_V1.5.1, STM32Cube_FW_N6_V1.0.0, STM32Cube_FW_U0_V1.2.0, STM32Cube_FW_U3_V1.0.0, STM32Cube_FW_U5_V1.7.0, STM32Cube_FW_WB0_V1.1.0, STM32Cube_FW_WBA_V1.5.0, STM32Cube_FW_WB_V1.21.0, STM32Cube_FW_WL3_V1.0.0, STM32Cube_FW_WL_V1.3.0, X-CUBE-ALGOBUILD_V1.4.0, X-CUBE-ALS_V1.0.2, X-CUBE-AZRTOS-F4_V1.1.0, X-CUBE-AZRTOS-F7_V1.1.0, X-CUBE-AZRTOS-G0_V1.1.0, X-CUBE-AZRTOS-G4_V2.0.0, X-CUBE-AZRTOS-H7RS_V1.0.0, X-CUBE-AZRTOS-H7_V3.3.0, X-CUBE-AZRTOS-L4_V2.0.0, X-CUBE-AZRTOS-L5_V2.0.0, X-CUBE-AZRTOS-WB_V2.0.0, X-CUBE-AZRTOS-WL_V2.0.0, X-CUBE-BLE1_V7.0.0, X-CUBE-BLE2_V3.3.0, X-CUBE-BLEMGR_V3.1.0, X-CUBE-EEPRMA1_V5.1.0, X-CUBE-FREERTOS_V1.2.0, X-CUBE-GNSS1_V6.0.0, X-CUBE-MEMS1_V11.0.0, X-CUBE-NFC4_V3.0.0, X-CUBE-NFC7_V1.0.1, X-CUBE-SFXS2LP1_V4.0.0, X-CUBE-SUBG2_V5.0.0, X-CUBE-TOF1_V3.4.2]
2025-02-06 01:21:43,708 [INFO] ApiDb:240 - Found 483 in-development CPN: [B-G473E-ZEST1S, B-WB1M-WPAN1, B-WL5M-SUBG1, NUCLEO-C031C6, NUCLEO-H503RB, NUCLEO-H533RE, NUCLEO-H563ZI, NUCLEO-H7S3L8, NUCLEO-U031R8, NUCLEO-U083RC, NUCLEO-U545RE-Q, NUCLEO-U5A5ZJ-Q, NUCLEO-WBA52CG, NUCLEO-WBA55CG, STEVAL-PROTEUS1, STEVAL-SMARTAG2, STEVAL-STWINBX1, STM320518-EVAL, STM32C0116-DK, STM32C011D6Y3TR, STM32C011D6Y6TR, STM32C011F4P3, STM32C011F4P6, STM32C011F4U3, STM32C011F4U6TR, STM32C011F6P3, STM32C011F6P6, STM32C011F6U3, STM32C011F6U6TR, STM32C011J4M3, STM32C011J4M6, STM32C011J6M3, STM32C011J6M6, STM32C0316-DK, STM32C031C4T3, STM32C031C4T6, STM32C031C4U3, STM32C031C4U6, STM32C031C6T3, STM32C031C6T6, STM32C031C6U3, STM32C031C6U6, STM32C031F4P3, STM32C031F4P6, STM32C031F6P3, STM32C031F6P6, STM32C031G4U3, STM32C031G4U6, STM32C031G6U3, STM32C031G6U6, STM32C031K4T3, STM32C031K4T6, STM32C031K4U3, STM32C031K4U6, STM32C031K6T3, STM32C031K6T6, STM32C031K6U3, STM32C031K6U6, STM32G071K8TXN, STM32G071K8UXN, STM32G081GBU6N, STM32G081KBT6N, STM32G081KBUXN, STM32G0B1CCT6N, STM32G0B1KCT6, STM32G0B1NEY6TR, STM32G0B1RCT6N, STM32G0C1CCT6, STM32G0C1CCT6N, STM32G0C1CCU6N, STM32G0C1CET6N, STM32G0C1CEU6N, STM32G0C1KCT6, STM32G0C1NEY6TR, STM32G0C1RCI6N, STM32G0C1RCT6N, STM32G0C1REI6N, STM32G0C1RET6N, STM32G0C1VCI6, STM32G0C1VEI6, STM32G471CCT6, STM32G471CCU6, STM32G471CET3, STM32G471CET6, STM32G471CEU3, STM32G471CEU6, STM32G471MCT6, STM32G471MET3, STM32G471MET6, STM32G471MEY6TR, STM32G471QCT6, STM32G471QET3, STM32G471RCT6, STM32G471RET3, STM32G471RET6, STM32G471VCH6, STM32G471VCI6, STM32G471VCT6, STM32G471VEH3, STM32G471VEH6, STM32G471VEI3, STM32G471VEI6, STM32G471VET3, STM32G471VET6, STM32G474CCT6, STM32H503CBT6, STM32H503CBU6, STM32H503EBY6TR, STM32H503KBU6, STM32H503RBT6, STM32H523CCT6, STM32H523CCU6, STM32H523CET6, STM32H523CEU6, STM32H523HEY6TR, STM32H523RCT6, STM32H523RET6, STM32H523VCI6, STM32H523VCT6, STM32H523VEI6, STM32H523VET6, STM32H523ZCJ6, STM32H523ZCT6, STM32H523ZEJ6, STM32H523ZET6, STM32H533CET6, STM32H533CEU6, STM32H533HEY6TR, STM32H533RET6, STM32H533VEI6, STM32H533VET6, STM32H533ZEJ6, STM32H533ZET6, STM32H562AGI6, STM32H562AII6, STM32H562IGK6, STM32H562IGT6, STM32H562IIK6, STM32H562IIT6, STM32H562RGT6, STM32H562RGV6, STM32H562RIT6, STM32H562RIV6, STM32H562VGT6, STM32H562VIT6, STM32H562ZGT6, STM32H562ZIT6, STM32H563AGI6, STM32H563AII3Q, STM32H563AII6, STM32H563IGK6, STM32H563IGT6, STM32H563IIK3Q, STM32H563IIK6, STM32H563IIT3Q, STM32H563IIT6, STM32H563MIY3QTR, STM32H563RGT6, STM32H563RGV6, STM32H563RIT6, STM32H563RIV6, STM32H563VGT6, STM32H563VIT3Q, STM32H563VIT6, STM32H563ZGT6, STM32H563ZIT3Q, STM32H563ZIT6, STM32H573AII3Q, STM32H573AII6, STM32H573I-DK, STM32H573IIK3Q, STM32H573IIK6, STM32H573IIT3Q, STM32H573IIT6, STM32H573MIY3QTR, STM32H573RIT6, STM32H573RIV6, STM32H573VIT3Q, STM32H573VIT6, STM32H573ZIT3Q, STM32H573ZIT6, STM32H7R3A8I6, STM32H7R3I8K6, STM32H7R3I8T6, STM32H7R3L8H6, STM32H7R3L8H6H, STM32H7R3R8V6, STM32H7R3V8H6, STM32H7R3V8T6, STM32H7R3V8Y6, STM32H7R3Z8J6, STM32H7R3Z8T6, STM32H7R7A8I6, STM32H7R7I8K6, STM32H7R7I8T6, STM32H7R7L8H6, STM32H7R7L8H6H, STM32H7R7Z8J6, STM32H7S3A8I6, STM32H7S3I8K6, STM32H7S3I8T6, STM32H7S3L8H6, STM32H7S3L8H6H, STM32H7S3R8V6, STM32H7S3V8H6, STM32H7S3V8T6, STM32H7S3V8Y6, STM32H7S3Z8J6, STM32H7S3Z8T6, STM32H7S78-DK, STM32H7S7A8I6, STM32H7S7I8K6, STM32H7S7I8T6, STM32H7S7L8H6, STM32H7S7L8H6H, STM32H7S7Z8J6, STM32L4R5QGI6STR, STM32MP131AAE3, STM32MP131AAF3, STM32MP131AAG3, STM32MP131CAE3, STM32MP131CAF3, STM32MP131CAG3, STM32MP131DAE7, STM32MP131DAF7, STM32MP131DAG7, STM32MP131FAE7, STM32MP131FAF7, STM32MP131FAG7, STM32MP133AAE3, STM32MP133AAF3, STM32MP133AAG3, STM32MP133CAE3, STM32MP133CAF3, STM32MP133CAG3, STM32MP133DAE7, STM32MP133DAF7, STM32MP133DAG7, STM32MP133FAE7, STM32MP133FAF7, STM32MP133FAG7, STM32MP135AAE3, STM32MP135AAF3, STM32MP135AAG3, STM32MP135CAE3, STM32MP135CAF3, STM32MP135CAG3, STM32MP135DAE7, STM32MP135DAF7, STM32MP135DAG7, STM32MP135F-DK, STM32MP135FAE7, STM32MP135FAF7, STM32MP135FAF7T, STM32MP135FAF7U, STM32MP135FAG7, STM32U031C6T6, STM32U031C6U6, STM32U031C8T6, STM32U031C8U6, STM32U031F4P6, STM32U031F6P6, STM32U031F8P6, STM32U031G6Y6TR, STM32U031G8Y6TR, STM32U031K4U6, STM32U031K6U6, STM32U031K8U6, STM32U031R6I6, STM32U031R6T6, STM32U031R8I6, STM32U031R8T6, STM32U073C8T6, STM32U073C8U6, STM32U073CBT6, STM32U073CBU6, STM32U073CCT6, STM32U073CCU6, STM32U073H8Y6TR, STM32U073HBY6TR, STM32U073HCY6TR, STM32U073K8U6, STM32U073KBU6, STM32U073KCU6, STM32U073M8I6, STM32U073M8T6, STM32U073MBI6, STM32U073MBT6, STM32U073MCI6, STM32U073MCT6, STM32U073R8I6, STM32U073R8T6, STM32U073RBI6, STM32U073RBT6, STM32U073RCI6, STM32U073RCT6, STM32U083C-DK, STM32U083CCT6, STM32U083CCU6, STM32U083HCY6TR, STM32U083KCU6, STM32U083MCI6, STM32U083MCT6, STM32U083RCI6, STM32U083RCT6, STM32U535CBT6, STM32U535CBT6Q, STM32U535CBU6, STM32U535CBU6Q, STM32U535CCT6, STM32U535CCT6Q, STM32U535CCU6, STM32U535CCU6Q, STM32U535CET6, STM32U535CET6Q, STM32U535CEU6, STM32U535CEU6Q, STM32U535JEY6QTR, STM32U535NCY6QTR, STM32U535NEY6QTR, STM32U535RBI6, STM32U535RBI6Q, STM32U535RBT6, STM32U535RBT6Q, STM32U535RCI6, STM32U535RCI6Q, STM32U535RCT6, STM32U535RCT6Q, STM32U535REI6, STM32U535REI6Q, STM32U535RET6, STM32U535RET6Q, STM32U535VCI6, STM32U535VCI6Q, STM32U535VCT6, STM32U535VCT6Q, STM32U535VEI6, STM32U535VEI6Q, STM32U535VET6, STM32U535VET6Q, STM32U545CET6, STM32U545CET6Q, STM32U545CEU6, STM32U545CEU6Q, STM32U545JEY6QTR, STM32U545NEY6QTR, STM32U545REI6, STM32U545REI6Q, STM32U545RET6, STM32U545RET6Q, STM32U545VEI6, STM32U545VEI6Q, STM32U545VET6, STM32U545VET6Q, STM32U595AIH6, STM32U595AIH6Q, STM32U595AJH6, STM32U595AJH6Q, STM32U595QII6, STM32U595QII6Q, STM32U595QJI6, STM32U595QJI6Q, STM32U595RIT6, STM32U595RIT6Q, STM32U595RJT6, STM32U595RJT6Q, STM32U595VIT6, STM32U595VIT6Q, STM32U595VJT6, STM32U595VJT6Q, STM32U595ZIT6, STM32U595ZIT6Q, STM32U595ZIY6QTR, STM32U595ZJT6, STM32U595ZJT6Q, STM32U595ZJY6QTR, STM32U599BJY6QTR, STM32U599NIH6Q, STM32U599NJH6Q, STM32U599VIT6Q, STM32U599VJT6, STM32U599VJT6Q, STM32U599ZIT6Q, STM32U599ZIY6QTR, STM32U599ZJT6Q, STM32U599ZJY6QTR, STM32U5A5AJH6, STM32U5A5AJH6Q, STM32U5A5QII3Q , STM32U5A5QJI6, STM32U5A5QJI6Q, STM32U5A5RJT6, STM32U5A5RJT6Q, STM32U5A5VJT6, STM32U5A5VJT6Q, STM32U5A5ZJT6, STM32U5A5ZJT6Q, STM32U5A5ZJY6QTR, STM32U5A9BJY6QTR, STM32U5A9J-DK, STM32U5A9NJH6Q, STM32U5A9VJT6Q, STM32U5A9ZJT6Q, STM32U5A9ZJY6QTR, STM32U5F7VIT6, STM32U5F7VIT6Q, STM32U5F7VJT6, STM32U5F7VJT6Q, STM32U5F9BJY6QTR, STM32U5F9NJH6Q, STM32U5F9VIT6Q, STM32U5F9VJT6Q, STM32U5F9ZIJ6QTR, STM32U5F9ZIT6Q, STM32U5F9ZJJ6QTR, STM32U5F9ZJT6Q, STM32U5G7VJT6, STM32U5G7VJT6Q, STM32U5G9BJY6QTR, STM32U5G9J-DK1, STM32U5G9J-DK2, STM32U5G9NJH6Q, STM32U5G9VJT6Q, STM32U5G9ZJJ6QTR, STM32U5G9ZJT6Q, STM32WB1MMCH6, STM32WBA50KEU6, STM32WBA50KEU6TR, STM32WBA50KGU6, STM32WBA50KGU6TR, STM32WBA52CEU6, STM32WBA52CEU6TR, STM32WBA52CEU7, STM32WBA52CEU7TR, STM32WBA52CGU6, STM32WBA52CGU6TR, STM32WBA52CGU6U, STM32WBA52CGU7, STM32WBA52CGU7TR, STM32WBA52KEU6, STM32WBA52KEU6TR, STM32WBA52KGU6, STM32WBA52KGU6TR, STM32WBA54CEU6, STM32WBA54CEU6TR, STM32WBA54CEU7, STM32WBA54CEU7TR, STM32WBA54CGU6, STM32WBA54CGU6TR, STM32WBA54CGU7, STM32WBA54CGU7TR, STM32WBA54KEU6, STM32WBA54KEU6TR, STM32WBA54KEU7, STM32WBA54KEU7TR, STM32WBA54KGU6, STM32WBA54KGU6TR, STM32WBA54KGU7, STM32WBA54KGU7TR, STM32WBA55CEU6, STM32WBA55CEU6TR, STM32WBA55CEU7, STM32WBA55CEU7TR, STM32WBA55CGU6, STM32WBA55CGU6TR, STM32WBA55CGU6U, STM32WBA55CGU7, STM32WBA55CGU7TR, STM32WBA55G-DK1, STM32WBA55HEF6, STM32WBA55HEF7, STM32WBA55HGF6, STM32WBA55HGF7, STM32WBA55UEI6, STM32WBA55UEI6TR, STM32WBA55UEI7, STM32WBA55UEI7TR, STM32WBA55UGI6, STM32WBA55UGI6TR, STM32WBA55UGI7, STM32WBA55UGI7TR, STM32WL5MOCH6, STM32WL5MOCH6TR]
2025-02-06 01:21:43,713 [INFO] DbMcus:218 - Found 4404 MCUs, 4404 are supported
2025-02-06 01:21:43,716 [INFO] ApiDb:423 - Load user favorites file C:\Users\lenovo/.stm32cubeide/favorites.mcus.txt: 0 item(s)
2025-02-06 01:21:43,716 [INFO] ApiDb:427 - User favorites MCUs=[]
2025-02-06 01:21:43,716 [INFO] DbMcus:224 - Set 0 / 0 favorites MCUs
2025-02-06 01:21:43,999 [INFO] BoardInfo:889 - No configuration file found for board NUCLEO-C071RB
2025-02-06 01:21:44,000 [INFO] DbBoards:161 - Board is not supported: NUCLEO-C071RB
2025-02-06 01:21:44,064 [INFO] BoardInfo:889 - No configuration file found for board NUCLEO-N657X0-Q
2025-02-06 01:21:44,064 [INFO] DbBoards:161 - Board is not supported: NUCLEO-N657X0-Q
2025-02-06 01:21:44,069 [INFO] BoardInfo:889 - No configuration file found for board NUCLEO-WB05KZ
2025-02-06 01:21:44,069 [INFO] DbBoards:161 - Board is not supported: NUCLEO-WB05KZ
2025-02-06 01:21:44,070 [INFO] BoardInfo:889 - No configuration file found for board NUCLEO-WB07CC
2025-02-06 01:21:44,070 [INFO] DbBoards:161 - Board is not supported: NUCLEO-WB07CC
2025-02-06 01:21:44,072 [INFO] BoardInfo:889 - No configuration file found for board NUCLEO-WB09KE
2025-02-06 01:21:44,072 [INFO] DbBoards:161 - Board is not supported: NUCLEO-WB09KE
2025-02-06 01:21:44,082 [INFO] BoardInfo:889 - No configuration file found for board P-NUCLEO-WB55
2025-02-06 01:21:44,082 [INFO] DbBoards:161 - Kit is not supported: P-NUCLEO-WB55
2025-02-06 01:21:44,086 [INFO] BoardInfo:889 - No configuration file found for board STEVAL-BFA001V1B
2025-02-06 01:21:44,086 [INFO] DbBoards:161 - Kit is not supported: STEVAL-BFA001V1B
2025-02-06 01:21:44,086 [INFO] BoardInfo:889 - No configuration file found for board STEVAL-BFA001V2B
2025-02-06 01:21:44,087 [INFO] DbBoards:161 - Kit is not supported: STEVAL-BFA001V2B
2025-02-06 01:21:44,179 [INFO] BoardInfo:889 - No configuration file found for board STM32MP257F-DK
2025-02-06 01:21:44,179 [INFO] DbBoards:161 - Board is not supported: STM32MP257F-DK
2025-02-06 01:21:44,179 [INFO] BoardInfo:889 - No configuration file found for board STM32MP257F-EV1
2025-02-06 01:21:44,180 [INFO] DbBoards:161 - Board is not supported: STM32MP257F-EV1
2025-02-06 01:21:44,180 [INFO] BoardInfo:889 - No configuration file found for board STM32N6570-DK
2025-02-06 01:21:44,181 [INFO] DbBoards:161 - Board is not supported: STM32N6570-DK
2025-02-06 01:21:44,189 [INFO] DbBoards:168 - Found 203 boards, 192 are supported
2025-02-06 01:21:44,189 [INFO] DbBoards:169 - Found 203 boards, 8 of them is supported for  Bsp
2025-02-06 01:21:44,195 [INFO] ApiDb:423 - Load user favorites file C:\Users\lenovo/.stm32cubeide/favorites.boards.txt: 0 item(s)
2025-02-06 01:21:44,195 [INFO] ApiDb:427 - User favorites Boards=[]
2025-02-06 01:21:44,195 [INFO] DbBoards:198 - Set 0 / 0 favorites Boards
2025-02-06 01:21:44,299 [INFO] UtilMem:75 - End LoadConfig() Used Memory: 931979752 Bytes (1073741824)
2025-02-06 01:21:44,493 [WARN] ThirdParty:833 - waiting for thirdparty lock release [change project]
2025-02-06 01:21:44,493 [INFO] ThirdParty:835 - entering critical section [change project]
2025-02-06 01:21:44,493 [INFO] ThirdParty:1030 - CMSIS Pack Vendor :STMicroelectronics USBPD 4.1
2025-02-06 01:21:44,493 [INFO] ThirdParty:1030 - CMSIS Pack Vendor :STMicroelectronics X-CUBE-AZRTOS-H7 3.3.0
2025-02-06 01:21:44,493 [INFO] ThirdParty:1030 - CMSIS Pack Vendor :STMicroelectronics X-CUBE-NFC9 1.0.0
2025-02-06 01:21:44,493 [INFO] ThirdParty:1030 - CMSIS Pack Vendor :STMicroelectronics X-CUBE-GNSS1 6.0.0
2025-02-06 01:21:44,493 [INFO] ThirdParty:1030 - CMSIS Pack Vendor :STMicroelectronics USB_HOST 2.0.0
2025-02-06 01:21:44,493 [INFO] ThirdParty:1030 - CMSIS Pack Vendor :STMicroelectronics FP-SNS-MOTENVWB1 1.4.0
2025-02-06 01:21:44,493 [INFO] ThirdParty:1030 - CMSIS Pack Vendor :STMicroelectronics X-CUBE-AZRTOS-F4 1.1.0
2025-02-06 01:21:44,493 [INFO] ThirdParty:1030 - CMSIS Pack Vendor :STMicroelectronics LIBJPEG 8.0.0
2025-02-06 01:21:44,493 [INFO] ThirdParty:1030 - CMSIS Pack Vendor :STMicroelectronics FP-ATR-ASTRA1 2.0.1
2025-02-06 01:21:44,493 [INFO] ThirdParty:1030 - CMSIS Pack Vendor :STMicroelectronics X-CUBE-SMBUS 2.1.0
2025-02-06 01:21:44,493 [INFO] ThirdParty:1030 - CMSIS Pack Vendor :STMicroelectronics X-CUBE-WB05N 1.1.0
2025-02-06 01:21:44,493 [INFO] ThirdParty:1030 - CMSIS Pack Vendor :STMicroelectronics USB_DEVICE 3.0.0
2025-02-06 01:21:44,494 [INFO] ThirdParty:1030 - CMSIS Pack Vendor :STMicroelectronics X-CUBE-TCPP 4.1.0
2025-02-06 01:21:44,494 [INFO] ThirdParty:1030 - CMSIS Pack Vendor :STMicroelectronics X-CUBE-ISPU 2.1.0
2025-02-06 01:21:44,494 [INFO] ThirdParty:1030 - CMSIS Pack Vendor :STMicroelectronics X-CUBE-FREERTOS 1.2.0
2025-02-06 01:21:44,494 [INFO] ThirdParty:1030 - CMSIS Pack Vendor :STMicroelectronics X-CUBE-AZRTOS-WB 2.0.0
2025-02-06 01:21:44,494 [INFO] ThirdParty:1030 - CMSIS Pack Vendor :STMicroelectronics X-CUBE-GNSS1 7.0.1
2025-02-06 01:21:44,494 [INFO] ThirdParty:1030 - CMSIS Pack Vendor :STMicroelectronics X-CUBE-TOUCHGFX 4.23.2
2025-02-06 01:21:44,494 [INFO] ThirdParty:1030 - CMSIS Pack Vendor :STMicroelectronics X-CUBE-AZRTOS-F7 1.1.0
2025-02-06 01:21:44,494 [INFO] ThirdParty:1030 - CMSIS Pack Vendor :STMicroelectronics X-CUBE-AZRTOS-L5 2.0.0
2025-02-06 01:21:44,495 [INFO] ThirdParty:1030 - CMSIS Pack Vendor :STMicroelectronics USB_DEVICE 2.0.0
2025-02-06 01:21:44,495 [INFO] ThirdParty:1030 - CMSIS Pack Vendor :STMicroelectronics X-CUBE-NFC6 3.1.0
2025-02-06 01:21:44,495 [INFO] ThirdParty:1030 - CMSIS Pack Vendor :STMicroelectronics FP-SNS-STBOX1 2.0.0
2025-02-06 01:21:44,495 [INFO] ThirdParty:1030 - CMSIS Pack Vendor :STMicroelectronics FreeRTOS 0.0.1
2025-02-06 01:21:44,495 [INFO] ThirdParty:1030 - CMSIS Pack Vendor :STMicroelectronics X-CUBE-AZRTOS-G0 1.1.0
2025-02-06 01:21:44,495 [INFO] ThirdParty:1030 - CMSIS Pack Vendor :STMicroelectronics X-CUBE-SAFEA1 1.2.2
2025-02-06 01:21:44,495 [INFO] ThirdParty:1030 - CMSIS Pack Vendor :STMicroelectronics X-CUBE-NFC4 3.0.0
2025-02-06 01:21:44,495 [INFO] ThirdParty:1030 - CMSIS Pack Vendor :STMicroelectronics X-CUBE-DPower 1.2.0
2025-02-06 01:21:44,495 [INFO] ThirdParty:1030 - CMSIS Pack Vendor :STMicroelectronics X-CUBE-SUBG2 5.0.0
2025-02-06 01:21:44,495 [INFO] ThirdParty:1030 - CMSIS Pack Vendor :STMicroelectronics STM32_WPAN 1.0.0
2025-02-06 01:21:44,495 [INFO] ThirdParty:1030 - CMSIS Pack Vendor :EmbeddedOffice I-CUBE-FS-RTOS 1.0.1
2025-02-06 01:21:44,495 [INFO] ThirdParty:1030 - CMSIS Pack Vendor :STMicroelectronics lwIP 2.0.3
2025-02-06 01:21:44,495 [INFO] ThirdParty:1030 - CMSIS Pack Vendor :STMicroelectronics FP-SNS-FLIGHT1 5.0.2
2025-02-06 01:21:44,496 [INFO] ThirdParty:1030 - CMSIS Pack Vendor :Cesanta I-CUBE-Mongoose 7.13.0
2025-02-06 01:21:44,496 [INFO] ThirdParty:1030 - CMSIS Pack Vendor :STMicroelectronics USB_HOST 1.0.0
2025-02-06 01:21:44,496 [INFO] ThirdParty:1030 - CMSIS Pack Vendor :STMicroelectronics X-CUBE-AI 9.0.0
2025-02-06 01:21:44,496 [INFO] ThirdParty:1030 - CMSIS Pack Vendor :STMicroelectronics X-CUBE-AZRTOS-G4 2.0.0
2025-02-06 01:21:44,496 [INFO] ThirdParty:1030 - CMSIS Pack Vendor :STMicroelectronics PDM2PCM 3.1.0
2025-02-06 01:21:44,496 [INFO] ThirdParty:1030 - CMSIS Pack Vendor :STMicroelectronics PDM2PCM 3.3.0
2025-02-06 01:21:44,497 [INFO] ThirdParty:1030 - CMSIS Pack Vendor :STMicroelectronics X-CUBE-DISPLAY 3.0.0
2025-02-06 01:21:44,497 [INFO] ThirdParty:1030 - CMSIS Pack Vendor :RealThread X-CUBE-RT-Thread_Nano 4.1.1
2025-02-06 01:21:44,497 [INFO] ThirdParty:1030 - CMSIS Pack Vendor :wolfSSL I-CUBE-wolfSSL 5.7.0
2025-02-06 01:21:44,497 [INFO] ThirdParty:1030 - CMSIS Pack Vendor :STMicroelectronics X-CUBE-BLE1 7.0.0
2025-02-06 01:21:44,497 [INFO] ThirdParty:1030 - CMSIS Pack Vendor :STMicroelectronics FP-ATR-SIGFOX1 3.2.0
2025-02-06 01:21:44,497 [INFO] ThirdParty:1030 - CMSIS Pack Vendor :STMicroelectronics X-CUBE-NFC10 1.0.0
2025-02-06 01:21:44,497 [INFO] ThirdParty:1030 - CMSIS Pack Vendor :quantropi X-CUBE-qispace-sdk-base 1.9.3
2025-02-06 01:21:44,497 [INFO] ThirdParty:1030 - CMSIS Pack Vendor :STMicroelectronics X-CUBE-ISPU 2.0.0
2025-02-06 01:21:44,497 [INFO] ThirdParty:1030 - CMSIS Pack Vendor :STMicroelectronics X-CUBE-BLEMGR 4.0.0
2025-02-06 01:21:44,497 [INFO] ThirdParty:1030 - CMSIS Pack Vendor :STMicroelectronics X-CUBE-EEPRMA1 5.1.0
2025-02-06 01:21:44,497 [INFO] ThirdParty:1030 - CMSIS Pack Vendor :STMicroelectronics HAL Drivers 0.0.0
2025-02-06 01:21:44,497 [INFO] ThirdParty:1030 - CMSIS Pack Vendor :STMicroelectronics MBEDTLS 2.16.2
2025-02-06 01:21:44,497 [INFO] ThirdParty:1030 - CMSIS Pack Vendor :STMicroelectronics X-CUBE-ALS 1.0.2
2025-02-06 01:21:44,497 [INFO] ThirdParty:1030 - CMSIS Pack Vendor :emotas I-CUBE-CANOPEN 1.3.0
2025-02-06 01:21:44,497 [INFO] ThirdParty:1030 - CMSIS Pack Vendor :STMicroelectronics X-CUBE-FREERTOS 1.3.0
2025-02-06 01:21:44,497 [INFO] ThirdParty:1030 - CMSIS Pack Vendor :STMicroelectronics X-CUBE-MEMS1 10.0.0
2025-02-06 01:21:44,500 [INFO] ThirdParty:1030 - CMSIS Pack Vendor :STMicroelectronics X-CUBE-NFC7 1.0.1
2025-02-06 01:21:44,500 [INFO] ThirdParty:1030 - CMSIS Pack Vendor :STMicroelectronics MBEDTLS 2.14.1
2025-02-06 01:21:44,500 [INFO] ThirdParty:1030 - CMSIS Pack Vendor :ITTIA_DB I-CUBE-ITTIADB 8.9.0
2025-02-06 01:21:44,500 [INFO] ThirdParty:1030 - CMSIS Pack Vendor :STMicroelectronics X-CUBE-TOUCHGFX 4.24.2
2025-02-06 01:21:44,500 [INFO] ThirdParty:1030 - CMSIS Pack Vendor :wolfSSL I-CUBE-wolfTPM 3.4.0
2025-02-06 01:21:44,501 [INFO] ThirdParty:1030 - CMSIS Pack Vendor :portGmbH I-Cube-SoM-uGOAL 1.1.0
2025-02-06 01:21:44,501 [INFO] ThirdParty:1030 - CMSIS Pack Vendor :STMicroelectronics X-CUBE-BLEMGR 3.1.0
2025-02-06 01:21:44,501 [INFO] ThirdParty:1030 - CMSIS Pack Vendor :STMicroelectronics X-CUBE-AI 10.0.0
2025-02-06 01:21:44,501 [INFO] ThirdParty:1030 - CMSIS Pack Vendor :STMicroelectronics ThreadX 1.0.0
2025-02-06 01:21:44,501 [INFO] ThirdParty:1030 - CMSIS Pack Vendor :STMicroelectronics FP-SNS-SMARTAG2 1.2.0
2025-02-06 01:21:44,501 [INFO] ThirdParty:1030 - CMSIS Pack Vendor :STMicroelectronics X-CUBE-MEMS1 11.1.0
2025-02-06 01:21:44,501 [INFO] ThirdParty:1030 - CMSIS Pack Vendor :STMicroelectronics X-CUBE-AZRTOS-WL 2.0.0
2025-02-06 01:21:44,501 [INFO] ThirdParty:1030 - CMSIS Pack Vendor :SEGGER I-CUBE-embOS 1.3.1
2025-02-06 01:21:44,501 [INFO] ThirdParty:1030 - CMSIS Pack Vendor :STMicroelectronics X-CUBE-ALGOBUILD 1.4.0
2025-02-06 01:21:44,501 [INFO] ThirdParty:1030 - CMSIS Pack Vendor :STMicroelectronics FP-SNS-MOTENV1 5.0.0
2025-02-06 01:21:44,501 [INFO] ThirdParty:1030 - CMSIS Pack Vendor :STMicroelectronics USB_DEVICE 1.0.0
2025-02-06 01:21:44,501 [INFO] ThirdParty:1030 - CMSIS Pack Vendor :STMicroelectronics X-CUBE-AZRTOS-H7RS 1.0.0
2025-02-06 01:21:44,501 [INFO] ThirdParty:1030 - CMSIS Pack Vendor :wolfSSL I-CUBE-wolfMQTT 1.19.0
2025-02-06 01:21:44,501 [INFO] ThirdParty:1030 - CMSIS Pack Vendor :STMicroelectronics X-CUBE-AZRTOS-L4 2.0.0
2025-02-06 01:21:44,501 [INFO] ThirdParty:1030 - CMSIS Pack Vendor :STMicroelectronics ThreadX 0.0.2
2025-02-06 01:21:44,501 [INFO] ThirdParty:1030 - CMSIS Pack Vendor :WES I-CUBE-Cesium 1.3.0
2025-02-06 01:21:44,501 [INFO] ThirdParty:1030 - CMSIS Pack Vendor :STMicroelectronics FP-ATR-ASTRA1 2.0.0
2025-02-06 01:21:44,501 [INFO] ThirdParty:1030 - CMSIS Pack Vendor :STMicroelectronics lwIP 2.1.2
2025-02-06 01:21:44,501 [INFO] ThirdParty:1030 - CMSIS Pack Vendor :STMicroelectronics X-CUBE-SFXS2LP1 4.0.0
2025-02-06 01:21:44,501 [INFO] ThirdParty:1030 - CMSIS Pack Vendor :STMicroelectronics X-CUBE-BLE2 3.3.0
2025-02-06 01:21:44,501 [INFO] ThirdParty:1030 - CMSIS Pack Vendor :STMicroelectronics X-CUBE-TOF1 3.4.2
2025-02-06 01:21:44,501 [INFO] ThirdParty:1030 - CMSIS Pack Vendor :STMicroelectronics X-CUBE-TOF1 3.4.1
2025-02-06 01:21:44,502 [INFO] ThirdParty:1030 - CMSIS Pack Vendor :STMicroelectronics X-CUBE-AZRTOS-H7 3.2.0
2025-02-06 01:21:44,502 [INFO] ThirdParty:1030 - CMSIS Pack Vendor :Infineon AIROC-Wi-Fi-Bluetooth-STM32 1.6.0
2025-02-06 01:21:44,502 [INFO] ThirdParty:1030 - CMSIS Pack Vendor :STMicroelectronics PDM2PCM 3.2.0
2025-02-06 01:21:44,502 [INFO] ThirdParty:1030 - CMSIS Pack Vendor :wolfSSL I-CUBE-wolfSSH 1.4.17
2025-02-06 01:21:44,502 [INFO] ThirdParty:841 - exiting critical section [change project]
2025-02-06 01:21:45,231 [INFO] PinOutPanel:1561 - setPackage(No Configuration,No Configuration)
2025-02-06 01:21:45,235 [INFO] PinOutPanel:1561 - setPackage(STM32F746NGHx,TFBGA216)
2025-02-06 01:21:45,962 [INFO] UtilMem:75 - Before build in PCC Used Memory: 697510016 Bytes (1073741824)
2025-02-06 01:21:47,036 [INFO] UtilMem:75 - After build in PCC Used Memory: 768813184 Bytes (1073741824)
2025-02-06 01:21:47,079 [INFO] IPUIPlugin:80 - create IPUIPlugin
2025-02-06 01:21:47,079 [INFO] IPUIPlugin:80 - create IPUIPlugin
2025-02-06 01:21:47,079 [INFO] IPUIPlugin:80 - create IPUIPlugin
2025-02-06 01:21:47,079 [INFO] IPUIPlugin:80 - create IPUIPlugin
2025-02-06 01:21:47,079 [INFO] IPUIPlugin:80 - create IPUIPlugin
2025-02-06 01:21:47,081 [INFO] IPUIPlugin:80 - create IPUIPlugin
2025-02-06 01:21:47,081 [INFO] IPUIPlugin:80 - create IPUIPlugin
2025-02-06 01:21:47,081 [INFO] IPUIPlugin:80 - create IPUIPlugin
2025-02-06 01:21:47,081 [INFO] IPUIPlugin:80 - create IPUIPlugin
2025-02-06 01:21:47,082 [INFO] IPUIPlugin:80 - create IPUIPlugin
2025-02-06 01:21:47,082 [INFO] IPUIPlugin:80 - create IPUIPlugin
2025-02-06 01:21:47,082 [INFO] IPUIPlugin:80 - create IPUIPlugin
2025-02-06 01:21:47,082 [INFO] IPUIPlugin:80 - create IPUIPlugin
2025-02-06 01:21:47,082 [INFO] IPUIPlugin:80 - create IPUIPlugin
2025-02-06 01:21:47,085 [INFO] IPUIPlugin:80 - create IPUIPlugin
2025-02-06 01:21:47,085 [INFO] IPUIPlugin:80 - create IPUIPlugin
2025-02-06 01:21:47,085 [INFO] IPUIPlugin:80 - create IPUIPlugin
2025-02-06 01:21:47,085 [INFO] IPUIPlugin:80 - create IPUIPlugin
2025-02-06 01:21:47,085 [INFO] IPUIPlugin:80 - create IPUIPlugin
2025-02-06 01:21:47,085 [INFO] IPUIPlugin:80 - create IPUIPlugin
2025-02-06 01:21:47,085 [INFO] IPUIPlugin:80 - create IPUIPlugin
2025-02-06 01:21:47,085 [INFO] IPUIPlugin:80 - create IPUIPlugin
2025-02-06 01:21:47,085 [INFO] IPUIPlugin:80 - create IPUIPlugin
2025-02-06 01:21:47,085 [INFO] IPUIPlugin:80 - create IPUIPlugin
2025-02-06 01:21:47,085 [INFO] IPUIPlugin:80 - create IPUIPlugin
2025-02-06 01:21:47,085 [INFO] IPUIPlugin:80 - create IPUIPlugin
2025-02-06 01:21:47,085 [INFO] IPUIPlugin:80 - create IPUIPlugin
2025-02-06 01:21:47,087 [INFO] IPUIPlugin:80 - create IPUIPlugin
2025-02-06 01:21:47,087 [INFO] IPUIPlugin:80 - create IPUIPlugin
2025-02-06 01:21:47,087 [INFO] IPUIPlugin:80 - create IPUIPlugin
2025-02-06 01:21:47,088 [INFO] IPUIPlugin:80 - create IPUIPlugin
2025-02-06 01:21:47,088 [INFO] IPUIPlugin:80 - create IPUIPlugin
2025-02-06 01:21:47,089 [INFO] IPUIPlugin:80 - create IPUIPlugin
2025-02-06 01:21:47,090 [INFO] IPUIPlugin:80 - create IPUIPlugin
2025-02-06 01:21:47,091 [INFO] IPUIPlugin:80 - create IPUIPlugin
2025-02-06 01:21:47,091 [INFO] IPUIPlugin:80 - create IPUIPlugin
2025-02-06 01:21:47,091 [INFO] IPUIPlugin:80 - create IPUIPlugin
2025-02-06 01:21:47,091 [INFO] IPUIPlugin:80 - create IPUIPlugin
2025-02-06 01:21:47,092 [INFO] IPUIPlugin:80 - create IPUIPlugin
2025-02-06 01:21:47,092 [INFO] IPUIPlugin:80 - create IPUIPlugin
2025-02-06 01:21:47,092 [INFO] IPUIPlugin:80 - create IPUIPlugin
2025-02-06 01:21:47,093 [INFO] IPUIPlugin:80 - create IPUIPlugin
2025-02-06 01:21:47,093 [INFO] IPUIPlugin:80 - create IPUIPlugin
2025-02-06 01:21:47,093 [INFO] IPUIPlugin:80 - create IPUIPlugin
2025-02-06 01:21:47,093 [INFO] IPUIPlugin:80 - create IPUIPlugin
2025-02-06 01:21:47,093 [INFO] IPUIPlugin:80 - create IPUIPlugin
2025-02-06 01:21:47,093 [INFO] IPUIPlugin:80 - create IPUIPlugin
2025-02-06 01:21:47,093 [INFO] IPUIPlugin:80 - create IPUIPlugin
2025-02-06 01:21:47,093 [INFO] IPUIPlugin:80 - create IPUIPlugin
2025-02-06 01:21:47,094 [INFO] IPUIPlugin:80 - create IPUIPlugin
2025-02-06 01:21:47,094 [INFO] IPUIPlugin:80 - create IPUIPlugin
2025-02-06 01:21:47,094 [INFO] IPUIPlugin:80 - create IPUIPlugin
2025-02-06 01:21:47,094 [INFO] IPUIPlugin:80 - create IPUIPlugin
2025-02-06 01:21:47,094 [INFO] IPUIPlugin:80 - create IPUIPlugin
2025-02-06 01:21:47,094 [INFO] IPUIPlugin:80 - create IPUIPlugin
2025-02-06 01:21:47,095 [INFO] IPUIPlugin:80 - create IPUIPlugin
2025-02-06 01:21:47,095 [INFO] IPUIPlugin:80 - create IPUIPlugin
2025-02-06 01:21:47,095 [INFO] IPUIPlugin:80 - create IPUIPlugin
2025-02-06 01:21:47,095 [INFO] IPUIPlugin:80 - create IPUIPlugin
2025-02-06 01:21:47,095 [INFO] IPUIPlugin:80 - create IPUIPlugin
2025-02-06 01:21:47,095 [INFO] IPUIPlugin:80 - create IPUIPlugin
2025-02-06 01:21:47,096 [INFO] IPUIPlugin:80 - create IPUIPlugin
2025-02-06 01:21:47,096 [INFO] IPUIPlugin:80 - create IPUIPlugin
2025-02-06 01:21:47,096 [INFO] IPUIPlugin:80 - create IPUIPlugin
2025-02-06 01:21:47,096 [INFO] IPUIPlugin:80 - create IPUIPlugin
2025-02-06 01:21:47,096 [INFO] IPUIPlugin:80 - create IPUIPlugin
2025-02-06 01:21:47,097 [INFO] IPUIPlugin:80 - create IPUIPlugin
2025-02-06 01:21:47,097 [INFO] IPUIPlugin:80 - create IPUIPlugin
2025-02-06 01:21:47,097 [INFO] IPUIPlugin:80 - create IPUIPlugin
2025-02-06 01:21:47,097 [INFO] IPUIPlugin:80 - create IPUIPlugin
2025-02-06 01:21:47,097 [INFO] IPUIPlugin:80 - create IPUIPlugin
2025-02-06 01:21:47,097 [INFO] IPUIPlugin:80 - create IPUIPlugin
2025-02-06 01:21:47,098 [INFO] IPUIPlugin:80 - create IPUIPlugin
2025-02-06 01:21:47,098 [INFO] IPUIPlugin:80 - create IPUIPlugin
2025-02-06 01:21:47,281 [INFO] ApiDbMcu:508 - Load IP Config File for PDM2PCM
2025-02-06 01:21:47,577 [INFO] CADModel:165 - CPN selected for project levelSTM32F746NGH6
2025-02-06 01:21:47,577 [INFO] CADModel:114 - Register for checkConnection events
2025-02-06 01:21:47,650 [INFO] OpenFileManager:343 - Restore cursor
2025-02-06 01:22:15,307 [INFO] I2cTimingTraitement:330 - 0x00303D5B
2025-02-06 01:22:35,556 [INFO] UtilMem:75 - End SaveConfig() Used Memory: 729687720 Bytes (1073741824)
2025-02-06 01:24:25,995 [INFO] UtilMem:75 - End SaveConfig() Used Memory: 663092888 Bytes (1073741824)
2025-02-06 01:25:17,785 [INFO] UtilMem:75 - End SaveConfig() Used Memory: 649211784 Bytes (1073741824)
2025-02-06 01:25:19,854 [INFO] UtilMem:75 - End SaveConfig() Used Memory: 685343208 Bytes (1073741824)
2025-02-06 01:25:21,033 [INFO] UtilMem:75 - End SaveConfig() Used Memory: 679973248 Bytes (1073741824)
2025-02-06 01:25:21,834 [INFO] BlockDiagram:2759 - set Specific Code input for plugin: SYS
2025-02-06 01:25:21,835 [INFO] BlockDiagram:2759 - set Specific Code input for plugin: RCC
2025-02-06 01:25:21,835 [INFO] BlockDiagram:2759 - set Specific Code input for plugin: NVIC
2025-02-06 01:25:21,835 [INFO] BlockDiagram:2759 - set Specific Code input for plugin: CORTEX_M7
2025-02-06 01:25:21,836 [INFO] BlockDiagram:2759 - set Specific Code input for plugin: GPIO
2025-02-06 01:25:21,840 [INFO] CodeGenerator:807 - code generatio: config db path: C:\ST\STM32CubeIDE_1.15.1\STM32CubeIDE\plugins\com.st.stm32cube.common.mx_6.11.1.202404110753\\db\
2025-02-06 01:25:22,201 [INFO] CodeEngine:255 - oldGeneratedFile, C:\Users\lenovo\Desktop\3D_Scanner\3D_Scanner\MXTmpFiles\license.tmp_save
2025-02-06 01:25:23,036 [INFO] CodeEngine:279 - Generated code: C:\Users\lenovo\Desktop\3D_Scanner\3D_Scanner\MXTmpFiles\license.tmp
2025-02-06 01:25:23,270 [INFO] CodeEngine:255 - oldGeneratedFile, C:\Users\lenovo\Desktop\3D_Scanner\3D_Scanner\Core\Src\gpio.c_save
2025-02-06 01:25:23,444 [INFO] CodeEngine:279 - Generated code: C:\Users\lenovo\Desktop\3D_Scanner\3D_Scanner\Core\Src\gpio.c
2025-02-06 01:25:23,465 [INFO] CodeEngine:255 - oldGeneratedFile, C:\Users\lenovo\Desktop\3D_Scanner\3D_Scanner\Core\Inc\gpio.h_save
2025-02-06 01:25:23,533 [INFO] CodeEngine:279 - Generated code: C:\Users\lenovo\Desktop\3D_Scanner\3D_Scanner\Core\Inc\gpio.h
2025-02-06 01:25:23,652 [INFO] CodeEngine:255 - oldGeneratedFile, C:\Users\lenovo\Desktop\3D_Scanner\3D_Scanner\MXTmpFiles\cortex.tmp_save
2025-02-06 01:25:23,757 [INFO] CodeEngine:279 - Generated code: C:\Users\lenovo\Desktop\3D_Scanner\3D_Scanner\MXTmpFiles\cortex.tmp
2025-02-06 01:25:23,791 [INFO] CodeEngine:255 - oldGeneratedFile, C:\Users\lenovo\Desktop\3D_Scanner\3D_Scanner\Core\Src\stm32f7xx_it.c_save
2025-02-06 01:25:23,938 [INFO] CodeEngine:279 - Generated code: C:\Users\lenovo\Desktop\3D_Scanner\3D_Scanner\Core\Src\stm32f7xx_it.c
2025-02-06 01:25:23,957 [INFO] CodeEngine:255 - oldGeneratedFile, C:\Users\lenovo\Desktop\3D_Scanner\3D_Scanner\Core\Inc\stm32f7xx_it.h_save
2025-02-06 01:25:24,055 [INFO] CodeEngine:279 - Generated code: C:\Users\lenovo\Desktop\3D_Scanner\3D_Scanner\Core\Inc\stm32f7xx_it.h
2025-02-06 01:25:24,102 [INFO] CodeEngine:255 - oldGeneratedFile, C:\Users\lenovo\Desktop\3D_Scanner\3D_Scanner\Core\Src\stm32f7xx_hal_msp.c_save
2025-02-06 01:25:24,268 [INFO] CodeEngine:279 - Generated code: C:\Users\lenovo\Desktop\3D_Scanner\3D_Scanner\Core\Src\stm32f7xx_hal_msp.c
2025-02-06 01:25:24,290 [INFO] CodeEngine:255 - oldGeneratedFile, C:\Users\lenovo\Desktop\3D_Scanner\3D_Scanner\MXTmpFiles\system.tmp_save
2025-02-06 01:25:24,369 [INFO] CodeEngine:279 - Generated code: C:\Users\lenovo\Desktop\3D_Scanner\3D_Scanner\MXTmpFiles\system.tmp
2025-02-06 01:25:24,402 [INFO] CodeEngine:311 - oldGeneratedFile, C:\Users\lenovo\Desktop\3D_Scanner\3D_Scanner\Core\Inc\stm32f7xx_hal_conf.h_save
2025-02-06 01:25:24,503 [INFO] CodeEngine:335 - Generated code: C:\Users\lenovo\Desktop\3D_Scanner\3D_Scanner\Core\Inc\stm32f7xx_hal_conf.h
2025-02-06 01:25:24,608 [INFO] CodeEngine:255 - oldGeneratedFile, C:\Users\lenovo\Desktop\3D_Scanner\3D_Scanner\Core\Inc\main.h_save
2025-02-06 01:25:24,752 [INFO] CodeEngine:279 - Generated code: C:\Users\lenovo\Desktop\3D_Scanner\3D_Scanner\Core\Inc\main.h
2025-02-06 01:25:24,775 [INFO] CodeEngine:255 - oldGeneratedFile, C:\Users\lenovo\Desktop\3D_Scanner\3D_Scanner\Core\Src\main.c_save
2025-02-06 01:25:24,927 [INFO] CodeEngine:279 - Generated code: C:\Users\lenovo\Desktop\3D_Scanner\3D_Scanner\Core\Src\main.c
2025-02-06 01:25:25,541 [INFO] ProjectBuilder:3163 - Time for Copy HAL[1] : 336mS.
2025-02-06 01:25:25,554 [INFO] ProjectBuilder:4736 - Project Generator version: 4.3.0-B58
2025-02-06 01:25:25,639 [INFO] ConfigFileManager:1503 - The Die is : DIE449
2025-02-06 01:25:25,667 [INFO] ApiDbMcu:508 - Load IP Config File for FATFS
2025-02-06 01:25:25,683 [INFO] ApiDbMcu:508 - Load IP Config File for FREERTOS
2025-02-06 01:25:25,693 [INFO] ApiDbMcu:508 - Load IP Config File for LIBJPEG
2025-02-06 01:25:25,710 [INFO] ApiDbMcu:508 - Load IP Config File for LWIP
2025-02-06 01:25:25,730 [INFO] ApiDbMcu:508 - Load IP Config File for MBEDTLS
2025-02-06 01:25:25,757 [INFO] ApiDbMcu:508 - Load IP Config File for USB_DEVICE
2025-02-06 01:25:25,770 [INFO] ApiDbMcu:508 - Load IP Config File for USB_HOST
2025-02-06 01:25:26,838 [INFO] LogOutputStream:77 - [STDOUT_REDIRECT] 
2025-02-06 01:25:29,716 [INFO] ProjectBuilder:5002 - Time for Generating toolchain IDE Files: 4161mS.
2025-02-06 01:25:29,717 [INFO] ProjectBuilder:3034 - Time for Copy CMSIS : 1mS.
2025-02-06 01:25:29,720 [INFO] ProjectBuilder:3034 - Time for Copy CMSIS : 0mS.
2025-02-06 01:28:28,455 [INFO] I2cTimingTraitement:330 - 0x00303D5B
2025-02-06 01:28:48,557 [INFO] UtilMem:75 - End SaveConfig() Used Memory: 746392800 Bytes (1073741824)
2025-02-06 01:28:50,583 [INFO] UtilMem:75 - End SaveConfig() Used Memory: 780965192 Bytes (1073741824)
2025-02-06 01:28:51,273 [INFO] UtilMem:75 - End SaveConfig() Used Memory: 826084576 Bytes (1073741824)
2025-02-06 01:28:51,664 [INFO] BlockDiagram:2759 - set Specific Code input for plugin: SYS
2025-02-06 01:28:51,664 [INFO] BlockDiagram:2759 - set Specific Code input for plugin: RCC
2025-02-06 01:28:51,664 [INFO] BlockDiagram:2759 - set Specific Code input for plugin: I2C
2025-02-06 01:28:51,664 [INFO] BlockDiagram:2759 - set Specific Code input for plugin: NVIC
2025-02-06 01:28:51,664 [INFO] BlockDiagram:2759 - set Specific Code input for plugin: CORTEX_M7
2025-02-06 01:28:51,664 [INFO] BlockDiagram:2759 - set Specific Code input for plugin: GPIO
2025-02-06 01:28:51,666 [INFO] CodeGenerator:807 - code generatio: config db path: C:\ST\STM32CubeIDE_1.15.1\STM32CubeIDE\plugins\com.st.stm32cube.common.mx_6.11.1.202404110753\\db\
2025-02-06 01:28:51,802 [INFO] CodeEngine:255 - oldGeneratedFile, C:\Users\lenovo\Desktop\3D_Scanner\3D_Scanner\MXTmpFiles\license.tmp_save
2025-02-06 01:28:51,857 [INFO] CodeEngine:279 - Generated code: C:\Users\lenovo\Desktop\3D_Scanner\3D_Scanner\MXTmpFiles\license.tmp
2025-02-06 01:28:51,877 [INFO] CodeEngine:255 - oldGeneratedFile, C:\Users\lenovo\Desktop\3D_Scanner\3D_Scanner\Core\Src\gpio.c_save
2025-02-06 01:28:51,981 [INFO] CodeEngine:279 - Generated code: C:\Users\lenovo\Desktop\3D_Scanner\3D_Scanner\Core\Src\gpio.c
2025-02-06 01:28:51,995 [INFO] CodeEngine:255 - oldGeneratedFile, C:\Users\lenovo\Desktop\3D_Scanner\3D_Scanner\Core\Inc\gpio.h_save
2025-02-06 01:28:52,061 [INFO] CodeEngine:279 - Generated code: C:\Users\lenovo\Desktop\3D_Scanner\3D_Scanner\Core\Inc\gpio.h
2025-02-06 01:28:52,175 [INFO] CodeEngine:255 - oldGeneratedFile, C:\Users\lenovo\Desktop\3D_Scanner\3D_Scanner\MXTmpFiles\cortex.tmp_save
2025-02-06 01:28:52,228 [INFO] CodeEngine:279 - Generated code: C:\Users\lenovo\Desktop\3D_Scanner\3D_Scanner\MXTmpFiles\cortex.tmp
2025-02-06 01:28:52,248 [INFO] CodeEngine:255 - oldGeneratedFile, C:\Users\lenovo\Desktop\3D_Scanner\3D_Scanner\Core\Src\i2c.c_save
2025-02-06 01:28:52,363 [INFO] CodeEngine:279 - Generated code: C:\Users\lenovo\Desktop\3D_Scanner\3D_Scanner\Core\Src\i2c.c
2025-02-06 01:28:52,378 [INFO] CodeEngine:255 - oldGeneratedFile, C:\Users\lenovo\Desktop\3D_Scanner\3D_Scanner\Core\Inc\i2c.h_save
2025-02-06 01:28:52,442 [INFO] CodeEngine:279 - Generated code: C:\Users\lenovo\Desktop\3D_Scanner\3D_Scanner\Core\Inc\i2c.h
2025-02-06 01:28:52,463 [INFO] CodeEngine:255 - oldGeneratedFile, C:\Users\lenovo\Desktop\3D_Scanner\3D_Scanner\Core\Src\stm32f7xx_it.c_save
2025-02-06 01:28:52,531 [INFO] CodeEngine:279 - Generated code: C:\Users\lenovo\Desktop\3D_Scanner\3D_Scanner\Core\Src\stm32f7xx_it.c
2025-02-06 01:28:52,543 [INFO] CodeEngine:255 - oldGeneratedFile, C:\Users\lenovo\Desktop\3D_Scanner\3D_Scanner\Core\Inc\stm32f7xx_it.h_save
2025-02-06 01:28:52,590 [INFO] CodeEngine:279 - Generated code: C:\Users\lenovo\Desktop\3D_Scanner\3D_Scanner\Core\Inc\stm32f7xx_it.h
2025-02-06 01:28:52,606 [INFO] CodeEngine:255 - oldGeneratedFile, C:\Users\lenovo\Desktop\3D_Scanner\3D_Scanner\Core\Src\stm32f7xx_hal_msp.c_save
2025-02-06 01:28:52,667 [INFO] CodeEngine:279 - Generated code: C:\Users\lenovo\Desktop\3D_Scanner\3D_Scanner\Core\Src\stm32f7xx_hal_msp.c
2025-02-06 01:28:52,673 [INFO] CodeEngine:255 - oldGeneratedFile, C:\Users\lenovo\Desktop\3D_Scanner\3D_Scanner\MXTmpFiles\system.tmp_save
2025-02-06 01:28:52,712 [INFO] CodeEngine:279 - Generated code: C:\Users\lenovo\Desktop\3D_Scanner\3D_Scanner\MXTmpFiles\system.tmp
2025-02-06 01:28:52,726 [INFO] CodeEngine:311 - oldGeneratedFile, C:\Users\lenovo\Desktop\3D_Scanner\3D_Scanner\Core\Inc\stm32f7xx_hal_conf.h_save
2025-02-06 01:28:52,777 [INFO] CodeEngine:335 - Generated code: C:\Users\lenovo\Desktop\3D_Scanner\3D_Scanner\Core\Inc\stm32f7xx_hal_conf.h
2025-02-06 01:28:52,808 [INFO] CodeEngine:255 - oldGeneratedFile, C:\Users\lenovo\Desktop\3D_Scanner\3D_Scanner\Core\Inc\main.h_save
2025-02-06 01:28:52,863 [INFO] CodeEngine:279 - Generated code: C:\Users\lenovo\Desktop\3D_Scanner\3D_Scanner\Core\Inc\main.h
2025-02-06 01:28:52,876 [INFO] CodeEngine:255 - oldGeneratedFile, C:\Users\lenovo\Desktop\3D_Scanner\3D_Scanner\Core\Src\main.c_save
2025-02-06 01:28:52,958 [INFO] CodeEngine:279 - Generated code: C:\Users\lenovo\Desktop\3D_Scanner\3D_Scanner\Core\Src\main.c
2025-02-06 01:28:53,482 [INFO] ProjectBuilder:3163 - Time for Copy HAL[1] : 313mS.
2025-02-06 01:28:53,488 [INFO] ProjectBuilder:4736 - Project Generator version: 4.3.0-B58
2025-02-06 01:28:53,543 [INFO] ConfigFileManager:1503 - The Die is : DIE449
2025-02-06 01:28:54,680 [INFO] ProjectBuilder:5002 - Time for Generating toolchain IDE Files: 1192mS.
2025-02-06 01:28:54,682 [INFO] ProjectBuilder:3034 - Time for Copy CMSIS : 1mS.
2025-02-06 01:28:54,690 [INFO] ProjectBuilder:3034 - Time for Copy CMSIS : 0mS.
2025-02-06 01:53:38,110 [INFO] UtilMem:75 - End SaveConfig() Used Memory: 857302232 Bytes (1073741824)
2025-02-06 01:53:38,375 [INFO] BlockDiagram:2759 - set Specific Code input for plugin: SYS
2025-02-06 01:53:38,375 [INFO] BlockDiagram:2759 - set Specific Code input for plugin: RCC
2025-02-06 01:53:38,375 [INFO] BlockDiagram:2759 - set Specific Code input for plugin: I2C
2025-02-06 01:53:38,375 [INFO] BlockDiagram:2759 - set Specific Code input for plugin: NVIC
2025-02-06 01:53:38,375 [INFO] BlockDiagram:2759 - set Specific Code input for plugin: CORTEX_M7
2025-02-06 01:53:38,376 [INFO] BlockDiagram:2759 - set Specific Code input for plugin: GPIO
2025-02-06 01:53:38,380 [INFO] CodeGenerator:807 - code generatio: config db path: C:\ST\STM32CubeIDE_1.15.1\STM32CubeIDE\plugins\com.st.stm32cube.common.mx_6.11.1.202404110753\\db\
2025-02-06 01:53:38,520 [INFO] CodeEngine:255 - oldGeneratedFile, C:\Users\lenovo\Desktop\3D_Scanner\3D_Scanner\MXTmpFiles\license.tmp_save
2025-02-06 01:53:38,686 [INFO] CodeEngine:279 - Generated code: C:\Users\lenovo\Desktop\3D_Scanner\3D_Scanner\MXTmpFiles\license.tmp
2025-02-06 01:53:38,722 [INFO] CodeEngine:255 - oldGeneratedFile, C:\Users\lenovo\Desktop\3D_Scanner\3D_Scanner\Core\Src\gpio.c_save
2025-02-06 01:53:38,823 [INFO] CodeEngine:279 - Generated code: C:\Users\lenovo\Desktop\3D_Scanner\3D_Scanner\Core\Src\gpio.c
2025-02-06 01:53:38,830 [INFO] CodeEngine:255 - oldGeneratedFile, C:\Users\lenovo\Desktop\3D_Scanner\3D_Scanner\Core\Inc\gpio.h_save
2025-02-06 01:53:38,872 [INFO] CodeEngine:279 - Generated code: C:\Users\lenovo\Desktop\3D_Scanner\3D_Scanner\Core\Inc\gpio.h
2025-02-06 01:53:38,911 [INFO] CodeEngine:255 - oldGeneratedFile, C:\Users\lenovo\Desktop\3D_Scanner\3D_Scanner\MXTmpFiles\cortex.tmp_save
2025-02-06 01:53:38,972 [INFO] CodeEngine:279 - Generated code: C:\Users\lenovo\Desktop\3D_Scanner\3D_Scanner\MXTmpFiles\cortex.tmp
2025-02-06 01:53:38,987 [INFO] CodeEngine:255 - oldGeneratedFile, C:\Users\lenovo\Desktop\3D_Scanner\3D_Scanner\Core\Src\i2c.c_save
2025-02-06 01:53:39,069 [INFO] CodeEngine:279 - Generated code: C:\Users\lenovo\Desktop\3D_Scanner\3D_Scanner\Core\Src\i2c.c
2025-02-06 01:53:39,077 [INFO] CodeEngine:255 - oldGeneratedFile, C:\Users\lenovo\Desktop\3D_Scanner\3D_Scanner\Core\Inc\i2c.h_save
2025-02-06 01:53:39,117 [INFO] CodeEngine:279 - Generated code: C:\Users\lenovo\Desktop\3D_Scanner\3D_Scanner\Core\Inc\i2c.h
2025-02-06 01:53:39,129 [INFO] CodeEngine:255 - oldGeneratedFile, C:\Users\lenovo\Desktop\3D_Scanner\3D_Scanner\Core\Src\stm32f7xx_it.c_save
2025-02-06 01:53:39,232 [INFO] CodeEngine:279 - Generated code: C:\Users\lenovo\Desktop\3D_Scanner\3D_Scanner\Core\Src\stm32f7xx_it.c
2025-02-06 01:53:39,237 [INFO] CodeEngine:255 - oldGeneratedFile, C:\Users\lenovo\Desktop\3D_Scanner\3D_Scanner\Core\Inc\stm32f7xx_it.h_save
2025-02-06 01:53:39,279 [INFO] CodeEngine:279 - Generated code: C:\Users\lenovo\Desktop\3D_Scanner\3D_Scanner\Core\Inc\stm32f7xx_it.h
2025-02-06 01:53:39,289 [INFO] CodeEngine:255 - oldGeneratedFile, C:\Users\lenovo\Desktop\3D_Scanner\3D_Scanner\Core\Src\stm32f7xx_hal_msp.c_save
2025-02-06 01:53:39,345 [INFO] CodeEngine:279 - Generated code: C:\Users\lenovo\Desktop\3D_Scanner\3D_Scanner\Core\Src\stm32f7xx_hal_msp.c
2025-02-06 01:53:39,350 [INFO] CodeEngine:255 - oldGeneratedFile, C:\Users\lenovo\Desktop\3D_Scanner\3D_Scanner\MXTmpFiles\system.tmp_save
2025-02-06 01:53:39,385 [INFO] CodeEngine:279 - Generated code: C:\Users\lenovo\Desktop\3D_Scanner\3D_Scanner\MXTmpFiles\system.tmp
2025-02-06 01:53:39,395 [INFO] CodeEngine:311 - oldGeneratedFile, C:\Users\lenovo\Desktop\3D_Scanner\3D_Scanner\Core\Inc\stm32f7xx_hal_conf.h_save
2025-02-06 01:53:39,435 [INFO] CodeEngine:335 - Generated code: C:\Users\lenovo\Desktop\3D_Scanner\3D_Scanner\Core\Inc\stm32f7xx_hal_conf.h
2025-02-06 01:53:39,453 [INFO] CodeEngine:255 - oldGeneratedFile, C:\Users\lenovo\Desktop\3D_Scanner\3D_Scanner\Core\Inc\main.h_save
2025-02-06 01:53:39,499 [INFO] CodeEngine:279 - Generated code: C:\Users\lenovo\Desktop\3D_Scanner\3D_Scanner\Core\Inc\main.h
2025-02-06 01:53:39,504 [INFO] CodeEngine:255 - oldGeneratedFile, C:\Users\lenovo\Desktop\3D_Scanner\3D_Scanner\Core\Src\main.c_save
2025-02-06 01:53:39,556 [INFO] CodeEngine:279 - Generated code: C:\Users\lenovo\Desktop\3D_Scanner\3D_Scanner\Core\Src\main.c
2025-02-06 01:53:39,935 [INFO] ProjectBuilder:3163 - Time for Copy HAL[1] : 270mS.
2025-02-06 01:53:39,944 [INFO] ProjectBuilder:4736 - Project Generator version: 4.3.0-B58
2025-02-06 01:53:40,007 [INFO] ConfigFileManager:1503 - The Die is : DIE449
2025-02-06 01:53:41,051 [INFO] ProjectBuilder:5002 - Time for Generating toolchain IDE Files: 1107mS.
2025-02-06 01:53:41,053 [INFO] ProjectBuilder:3034 - Time for Copy CMSIS : 1mS.
2025-02-06 01:53:41,062 [INFO] ProjectBuilder:3034 - Time for Copy CMSIS : 1mS.
2025-02-06 02:11:39,317 [ERROR] LogOutputStream:75 - [STDERR_REDIRECT] 
