2025-02-04 00:30:51,675 [INFO] Activator:176 - 


2025-02-04 00:30:51,682 [INFO] Activator:177 - !SESSION log4j initialized
2025-02-04 00:30:58,242 [INFO] LogOutputStream:77 - [STDOUT_REDIRECT] 
2025-02-04 00:31:03,284 [INFO] ApplicationProperties:184 - Using Application install path: C:\ST\STM32CubeIDE_1.15.1\STM32CubeIDE\plugins\com.st.stm32cube.common.mx_6.11.1.202404110753
2025-02-04 00:31:03,302 [INFO] DbMcusXml:78 - Set database path to: C:\ST\STM32CubeIDE_1.15.1\STM32CubeIDE\plugins\com.st.stm32cube.common.mx_6.11.1.202404110753\\db\/mcu/
2025-02-04 00:31:03,302 [INFO] ApiDb:274 - Set plugin database path to: C:\ST\STM32CubeIDE_1.15.1\STM32CubeIDE\plugins\com.st.stm32cube.common.mx_6.11.1.202404110753\\db\/plugins/boardmanager/
2025-02-04 00:31:03,303 [WARN] ApiDb:259 - Overriding images path with different value:  => C:\ST\STM32CubeIDE_1.15.1\STM32CubeIDE\plugins\com.st.stm32cube.common.mx_6.11.1.202404110753\\db\/plugins/mcufinder/images/
2025-02-04 00:31:03,319 [INFO] ApiDb:250 - Set database path to: C:\Users\lenovo\.stmcufinder\plugins\mcufinder//mcu/
2025-02-04 00:31:03,321 [INFO] DbMcusAds:125 - Set database path to: C:\Users\lenovo\.stmcufinder\plugins\mcufinder//mcu/
2025-02-04 00:31:03,324 [INFO] CrossReferenceDbSqlite:203 - Set database path to: C:\Users\lenovo\.stmcufinder\plugins\mcufinder//mcu/cs/
2025-02-04 00:31:03,450 [INFO] RulesReader:64 - Compatibility file has been processed (297 Rules)
2025-02-04 00:31:03,546 [INFO] DbMcusXml:78 - Set database path to: C:\ST\STM32CubeIDE_1.15.1\STM32CubeIDE\plugins\com.st.stm32cube.common.mx_6.11.1.202404110753\\db\/mcu/
2025-02-04 00:31:03,546 [INFO] ApiDb:274 - Set plugin database path to: C:\ST\STM32CubeIDE_1.15.1\STM32CubeIDE\plugins\com.st.stm32cube.common.mx_6.11.1.202404110753\\db\/plugins/boardmanager/
2025-02-04 00:31:03,547 [INFO] ApiDb:261 - Set plugin images path to: C:\ST\STM32CubeIDE_1.15.1\STM32CubeIDE\plugins\com.st.stm32cube.common.mx_6.11.1.202404110753\\db\/plugins/mcufinder/images/
2025-02-04 00:31:03,547 [WARN] DbFile:41 - Overriding database path with different value: C:\Users\lenovo\.stmcufinder\plugins\mcufinder/ => C:\Users\lenovo\.stmcufinder\plugins\mcufinder
2025-02-04 00:31:03,547 [INFO] ApiDb:250 - Set database path to: C:\Users\lenovo\.stmcufinder\plugins\mcufinder//mcu/
2025-02-04 00:31:03,547 [WARN] DbFile:41 - Overriding database path with different value: C:\Users\lenovo\.stmcufinder\plugins\mcufinder/ => C:\Users\lenovo\.stmcufinder\plugins\mcufinder
2025-02-04 00:31:03,547 [INFO] DbMcusAds:125 - Set database path to: C:\Users\lenovo\.stmcufinder\plugins\mcufinder//mcu/
2025-02-04 00:31:03,547 [WARN] DbFile:41 - Overriding database path with different value: C:\Users\lenovo\.stmcufinder\plugins\mcufinder/ => C:\Users\lenovo\.stmcufinder\plugins\mcufinder
2025-02-04 00:31:03,547 [WARN] DbFile:41 - Overriding database path with different value: C:\Users\lenovo\.stmcufinder\plugins\mcufinder/ => C:\Users\lenovo\.stmcufinder\plugins\mcufinder
2025-02-04 00:31:03,547 [INFO] CrossReferenceDbSqlite:203 - Set database path to: C:\Users\lenovo\.stmcufinder\plugins\mcufinder//mcu/cs/
2025-02-04 00:31:03,633 [INFO] MainPanel:264 - HeapMemory: 268435456
2025-02-04 00:31:03,730 [INFO] DbMcusXml:78 - Set database path to: C:\ST\STM32CubeIDE_1.15.1\STM32CubeIDE\plugins\com.st.stm32cube.common.mx_6.11.1.202404110753\\db\/mcu/
2025-02-04 00:31:03,730 [INFO] ApiDb:274 - Set plugin database path to: C:\ST\STM32CubeIDE_1.15.1\STM32CubeIDE\plugins\com.st.stm32cube.common.mx_6.11.1.202404110753\\db\/plugins/boardmanager/
2025-02-04 00:31:03,730 [INFO] ApiDb:261 - Set plugin images path to: C:\ST\STM32CubeIDE_1.15.1\STM32CubeIDE\plugins\com.st.stm32cube.common.mx_6.11.1.202404110753\\db\/plugins/mcufinder/images/
2025-02-04 00:31:03,731 [WARN] DbFile:41 - Overriding database path with different value: C:\Users\lenovo\.stmcufinder\plugins\mcufinder/ => C:\Users\lenovo\.stmcufinder\plugins\mcufinder
2025-02-04 00:31:03,731 [INFO] ApiDb:250 - Set database path to: C:\Users\lenovo\.stmcufinder\plugins\mcufinder//mcu/
2025-02-04 00:31:03,731 [WARN] DbFile:41 - Overriding database path with different value: C:\Users\lenovo\.stmcufinder\plugins\mcufinder/ => C:\Users\lenovo\.stmcufinder\plugins\mcufinder
2025-02-04 00:31:03,731 [INFO] DbMcusAds:125 - Set database path to: C:\Users\lenovo\.stmcufinder\plugins\mcufinder//mcu/
2025-02-04 00:31:03,731 [WARN] DbFile:41 - Overriding database path with different value: C:\Users\lenovo\.stmcufinder\plugins\mcufinder/ => C:\Users\lenovo\.stmcufinder\plugins\mcufinder
2025-02-04 00:31:03,731 [WARN] DbFile:41 - Overriding database path with different value: C:\Users\lenovo\.stmcufinder\plugins\mcufinder/ => C:\Users\lenovo\.stmcufinder\plugins\mcufinder
2025-02-04 00:31:03,731 [INFO] CrossReferenceDbSqlite:203 - Set database path to: C:\Users\lenovo\.stmcufinder\plugins\mcufinder//mcu/cs/
2025-02-04 00:31:03,752 [INFO] ApplicationProperties:184 - Using Application install path: C:\ST\STM32CubeIDE_1.15.1\STM32CubeIDE\plugins\com.st.stm32cube.common.mx_6.11.1.202404110753
2025-02-04 00:31:03,753 [INFO] PluginManage:196 - Search for loadable plugins [exclusion list=, ]
2025-02-04 00:31:03,754 [INFO] PluginManage:310 - Check plugin analytics
2025-02-04 00:31:03,947 [INFO] AnalyticsPlugin:253 - Accepted Software Licenses: 
2025-02-04 00:31:03,948 [INFO] AnalyticsPlugin:255 - Accepted CMSIS Pack Licenses: 
2025-02-04 00:31:03,948 [INFO] AnalyticsPlugin:257 - Accepted Firmware Licenses: FW.F7.1.17.0
2025-02-04 00:31:03,953 [INFO] PluginManage:359 - Loaded plugin analytics (category:tool,tabindex:-1)
2025-02-04 00:31:03,953 [INFO] PluginManage:310 - Check plugin cadmodel
2025-02-04 00:31:03,962 [INFO] CADModel:105 - Init CAD model plugin
2025-02-04 00:31:03,963 [INFO] PluginManage:359 - Loaded plugin cadmodel (category:power,tabindex:5)
2025-02-04 00:31:03,963 [INFO] PluginManage:310 - Check plugin clock
2025-02-04 00:31:03,985 [INFO] PluginManage:359 - Loaded plugin clock (category:base,tabindex:2)
2025-02-04 00:31:03,985 [INFO] PluginManage:310 - Check plugin ddr
2025-02-04 00:31:03,989 [INFO] PluginManage:359 - Loaded plugin ddr (category:tool,tabindex:6)
2025-02-04 00:31:03,989 [INFO] PluginManage:310 - Check plugin filemanager
2025-02-04 00:31:04,153 [INFO] PluginManage:359 - Loaded plugin filemanager (category:base,tabindex:10)
2025-02-04 00:31:04,153 [INFO] PluginManage:310 - Check plugin ipmanager
2025-02-04 00:31:04,162 [INFO] PluginManage:359 - Loaded plugin ipmanager (category:base,tabindex:5)
2025-02-04 00:31:04,162 [INFO] PluginManage:310 - Check plugin lpbam
2025-02-04 00:31:04,171 [INFO] PluginManage:359 - Loaded plugin lpbam (category:base,tabindex:0)
2025-02-04 00:31:04,172 [INFO] PluginManage:310 - Check plugin memorymap
2025-02-04 00:31:04,186 [INFO] PluginManage:359 - Loaded plugin memorymap (category:base,tabindex:4)
2025-02-04 00:31:04,187 [INFO] PluginManage:310 - Check plugin pinoutandconfiguration
2025-02-04 00:31:04,196 [INFO] PluginManage:359 - Loaded plugin pinoutandconfiguration (category:base,tabindex:1)
2025-02-04 00:31:04,196 [INFO] PluginManage:310 - Check plugin pinoutconfig
2025-02-04 00:31:04,285 [WARN] SupportedApi:132 - Cannot load RTOS API schema: s4s-elt-must-match.1: The content of 'definitions' must match (annotation?, (simpleType | complexType)?, (unique | key | keyref)*)). A problem was found starting at: attribute.
2025-02-04 00:31:04,431 [INFO] PluginManage:359 - Loaded plugin pinoutconfig (category:base,tabindex:0)
2025-02-04 00:31:04,431 [INFO] PluginManage:310 - Check plugin power
2025-02-04 00:31:04,445 [INFO] PluginManage:359 - Loaded plugin power (category:power,tabindex:4)
2025-02-04 00:31:04,445 [INFO] PluginManage:310 - Check plugin projectmanager
2025-02-04 00:31:04,461 [INFO] PluginManage:359 - Loaded plugin projectmanager (category:projectmanager,tabindex:3)
2025-02-04 00:31:04,462 [INFO] PluginManage:310 - Check plugin thirdparty
2025-02-04 00:31:04,607 [INFO] PluginManage:359 - Loaded plugin thirdparty (category:base,tabindex:-1)
2025-02-04 00:31:04,607 [WARN] IntegrityCheckThread:84 - waiting for thirdparty lock release [integrity check]
2025-02-04 00:31:04,607 [INFO] PluginManage:310 - Check plugin tools
2025-02-04 00:31:04,607 [INFO] IntegrityCheckThread:86 - entering critical section [integrity check]
2025-02-04 00:31:04,608 [INFO] ThirdPartyUpdaterWithRetryManager:70 - Updater plugin not ready yet. [1/15]
2025-02-04 00:31:04,611 [INFO] PluginManage:359 - Loaded plugin tools (category:base,tabindex:7)
2025-02-04 00:31:04,611 [INFO] PluginManage:310 - Check plugin tutovideos
2025-02-04 00:31:04,789 [INFO] PluginManage:359 - Loaded plugin tutovideos (category:base,tabindex:-1)
2025-02-04 00:31:04,789 [INFO] PluginManage:310 - Check plugin updater
2025-02-04 00:31:04,801 [INFO] PluginManage:359 - Loaded plugin updater (category:base,tabindex:12)
2025-02-04 00:31:04,801 [INFO] PluginManage:310 - Check plugin userauth
2025-02-04 00:31:04,807 [INFO] UserAuth:114 - Init User Auth plugin
2025-02-04 00:31:04,807 [INFO] PluginManage:359 - Loaded plugin userauth (category:base,tabindex:14)
2025-02-04 00:31:04,808 [INFO] PluginManage:283 - PluginManage : Loaded plugins [17]
2025-02-04 00:31:05,056 [INFO] PinOutPanel:1561 - setPackage(No Configuration,No Configuration)
2025-02-04 00:31:05,131 [INFO] CADModel:165 - CPN selected for project level
2025-02-04 00:31:05,131 [INFO] CADModel:114 - Register for checkConnection events
2025-02-04 00:31:05,149 [INFO] IPUIPlugin:80 - create IPUIPlugin
2025-02-04 00:31:05,149 [INFO] PluginManager:220 - loadIPPluginJar : add adc
2025-02-04 00:31:05,153 [INFO] IPUIPlugin:80 - create IPUIPlugin
2025-02-04 00:31:05,153 [INFO] PluginManager:220 - loadIPPluginJar : add aes
2025-02-04 00:31:05,159 [INFO] IPUIPlugin:80 - create IPUIPlugin
2025-02-04 00:31:05,159 [INFO] PluginManager:220 - loadIPPluginJar : add can
2025-02-04 00:31:05,161 [INFO] IPUIPlugin:80 - create IPUIPlugin
2025-02-04 00:31:05,161 [INFO] PluginManager:220 - loadIPPluginJar : add comp
2025-02-04 00:31:05,165 [INFO] IPUIPlugin:80 - create IPUIPlugin
2025-02-04 00:31:05,165 [INFO] PluginManager:220 - loadIPPluginJar : add cryp
2025-02-04 00:31:05,167 [INFO] IPUIPlugin:80 - create IPUIPlugin
2025-02-04 00:31:05,167 [INFO] PluginManager:220 - loadIPPluginJar : add dfsdm
2025-02-04 00:31:05,174 [INFO] IPUIPlugin:80 - create IPUIPlugin
2025-02-04 00:31:05,174 [INFO] PluginManager:220 - loadIPPluginJar : add dma
2025-02-04 00:31:05,178 [INFO] IPUIPlugin:80 - create IPUIPlugin
2025-02-04 00:31:05,179 [INFO] PluginManager:220 - loadIPPluginJar : add dma3
2025-02-04 00:31:05,182 [INFO] IPUIPlugin:80 - create IPUIPlugin
2025-02-04 00:31:05,182 [INFO] PluginManager:220 - loadIPPluginJar : add extmemmanager
2025-02-04 00:31:05,184 [INFO] IPUIPlugin:80 - create IPUIPlugin
2025-02-04 00:31:05,184 [INFO] PluginManager:220 - loadIPPluginJar : add fatfs
2025-02-04 00:31:05,190 [INFO] IPUIPlugin:80 - create IPUIPlugin
2025-02-04 00:31:05,191 [INFO] PluginManager:220 - loadIPPluginJar : add fmc
2025-02-04 00:31:05,198 [INFO] IPUIPlugin:80 - create IPUIPlugin
2025-02-04 00:31:05,198 [INFO] PluginManager:220 - loadIPPluginJar : add freertos
2025-02-04 00:31:05,201 [INFO] IPUIPlugin:80 - create IPUIPlugin
2025-02-04 00:31:05,202 [INFO] PluginManager:220 - loadIPPluginJar : add genericplugin
2025-02-04 00:31:05,206 [INFO] IPUIPlugin:80 - create IPUIPlugin
2025-02-04 00:31:05,206 [INFO] PluginManager:220 - loadIPPluginJar : add gfxmmu
2025-02-04 00:31:05,212 [INFO] IPUIPlugin:80 - create IPUIPlugin
2025-02-04 00:31:05,212 [INFO] PluginManager:220 - loadIPPluginJar : add gic
2025-02-04 00:31:05,216 [INFO] IPUIPlugin:80 - create IPUIPlugin
2025-02-04 00:31:05,216 [INFO] PluginManager:220 - loadIPPluginJar : add gpio
2025-02-04 00:31:05,220 [INFO] IPUIPlugin:80 - create IPUIPlugin
2025-02-04 00:31:05,220 [INFO] PluginManager:220 - loadIPPluginJar : add gtzc
2025-02-04 00:31:05,224 [INFO] IPUIPlugin:80 - create IPUIPlugin
2025-02-04 00:31:05,224 [INFO] PluginManager:220 - loadIPPluginJar : add hash
2025-02-04 00:31:05,227 [INFO] IPUIPlugin:80 - create IPUIPlugin
2025-02-04 00:31:05,227 [INFO] PluginManager:220 - loadIPPluginJar : add i2c
2025-02-04 00:31:05,229 [INFO] IPUIPlugin:80 - create IPUIPlugin
2025-02-04 00:31:05,230 [INFO] PluginManager:220 - loadIPPluginJar : add i2s
2025-02-04 00:31:05,233 [INFO] IPUIPlugin:80 - create IPUIPlugin
2025-02-04 00:31:05,233 [INFO] PluginManager:220 - loadIPPluginJar : add i3c
2025-02-04 00:31:05,238 [INFO] IPUIPlugin:80 - create IPUIPlugin
2025-02-04 00:31:05,238 [INFO] PluginManager:220 - loadIPPluginJar : add ipddr
2025-02-04 00:31:05,246 [INFO] IPUIPlugin:80 - create IPUIPlugin
2025-02-04 00:31:05,246 [INFO] PluginManager:220 - loadIPPluginJar : add linkedlist
2025-02-04 00:31:05,250 [INFO] IPUIPlugin:80 - create IPUIPlugin
2025-02-04 00:31:05,250 [INFO] PluginManager:220 - loadIPPluginJar : add lorawan
2025-02-04 00:31:05,253 [INFO] IPUIPlugin:80 - create IPUIPlugin
2025-02-04 00:31:05,254 [INFO] PluginManager:220 - loadIPPluginJar : add ltdc
2025-02-04 00:31:05,261 [INFO] IPUIPlugin:80 - create IPUIPlugin
2025-02-04 00:31:05,261 [INFO] PluginManager:220 - loadIPPluginJar : add mdma
2025-02-04 00:31:05,267 [INFO] IPUIPlugin:80 - create IPUIPlugin
2025-02-04 00:31:05,267 [INFO] PluginManager:220 - loadIPPluginJar : add nvic
2025-02-04 00:31:05,271 [INFO] IPUIPlugin:80 - create IPUIPlugin
2025-02-04 00:31:05,271 [INFO] PluginManager:220 - loadIPPluginJar : add opamp
2025-02-04 00:31:05,275 [INFO] IPUIPlugin:80 - create IPUIPlugin
2025-02-04 00:31:05,275 [INFO] PluginManager:220 - loadIPPluginJar : add openamp
2025-02-04 00:31:05,279 [INFO] IPUIPlugin:80 - create IPUIPlugin
2025-02-04 00:31:05,279 [INFO] PluginManager:220 - loadIPPluginJar : add pdm2pcm
2025-02-04 00:31:05,287 [INFO] IPUIPlugin:80 - create IPUIPlugin
2025-02-04 00:31:05,290 [INFO] PluginManager:220 - loadIPPluginJar : add plateformsettings
2025-02-04 00:31:05,293 [INFO] IPUIPlugin:80 - create IPUIPlugin
2025-02-04 00:31:05,293 [INFO] PluginManager:220 - loadIPPluginJar : add quadspi
2025-02-04 00:31:05,300 [INFO] IPUIPlugin:80 - create IPUIPlugin
2025-02-04 00:31:05,301 [INFO] PluginManager:220 - loadIPPluginJar : add resmgrutility
2025-02-04 00:31:05,305 [INFO] IPUIPlugin:80 - create IPUIPlugin
2025-02-04 00:31:05,305 [INFO] PluginManager:220 - loadIPPluginJar : add sai
2025-02-04 00:31:05,308 [INFO] IPUIPlugin:80 - create IPUIPlugin
2025-02-04 00:31:05,309 [INFO] PluginManager:220 - loadIPPluginJar : add spi
2025-02-04 00:31:05,315 [INFO] IPUIPlugin:80 - create IPUIPlugin
2025-02-04 00:31:05,315 [INFO] PluginManager:220 - loadIPPluginJar : add stm32_wpan
2025-02-04 00:31:05,318 [INFO] IPUIPlugin:80 - create IPUIPlugin
2025-02-04 00:31:05,318 [INFO] PluginManager:220 - loadIPPluginJar : add tim
2025-02-04 00:31:05,322 [INFO] IPUIPlugin:80 - create IPUIPlugin
2025-02-04 00:31:05,322 [INFO] PluginManager:220 - loadIPPluginJar : add touchsensing
2025-02-04 00:31:05,326 [INFO] IPUIPlugin:80 - create IPUIPlugin
2025-02-04 00:31:05,326 [INFO] PluginManager:220 - loadIPPluginJar : add tracer_emb
2025-02-04 00:31:05,330 [INFO] IPUIPlugin:80 - create IPUIPlugin
2025-02-04 00:31:05,330 [INFO] PluginManager:220 - loadIPPluginJar : add ts
2025-02-04 00:31:05,333 [INFO] IPUIPlugin:80 - create IPUIPlugin
2025-02-04 00:31:05,333 [INFO] PluginManager:220 - loadIPPluginJar : add tsc
2025-02-04 00:31:05,337 [INFO] IPUIPlugin:80 - create IPUIPlugin
2025-02-04 00:31:05,337 [INFO] PluginManager:220 - loadIPPluginJar : add ucpd
2025-02-04 00:31:05,341 [INFO] IPUIPlugin:80 - create IPUIPlugin
2025-02-04 00:31:05,342 [INFO] PluginManager:220 - loadIPPluginJar : add usart
2025-02-04 00:31:05,347 [INFO] IPUIPlugin:80 - create IPUIPlugin
2025-02-04 00:31:05,347 [INFO] PluginManager:220 - loadIPPluginJar : add usbx
2025-02-04 00:31:05,478 [INFO] CADModel:165 - CPN selected for project level
2025-02-04 00:31:05,478 [INFO] CADModel:114 - Register for checkConnection events
2025-02-04 00:31:05,479 [FATAL] Updater:308 - Updater called before beeing initialized
2025-02-04 00:31:05,479 [ERROR] CADModel:125 - Updater not yet initialized, retry later 
2025-02-04 00:31:05,612 [INFO] CADModel:165 - CPN selected for project level
2025-02-04 00:31:05,613 [INFO] CADModel:114 - Register for checkConnection events
2025-02-04 00:31:05,613 [FATAL] Updater:308 - Updater called before beeing initialized
2025-02-04 00:31:05,613 [ERROR] CADModel:125 - Updater not yet initialized, retry later 
2025-02-04 00:31:05,616 [FATAL] Updater:308 - Updater called before beeing initialized
2025-02-04 00:31:05,731 [FATAL] Updater:308 - Updater called before beeing initialized
2025-02-04 00:31:05,737 [INFO] DbMcusAds:53 - JSON generation date=Tue Dec 17 19:01:15 EAT 2024 (1734451275111)
2025-02-04 00:31:05,738 [FATAL] Updater:308 - Updater called before beeing initialized
2025-02-04 00:31:05,774 [WARN] DetailPanel:346 - Failed to get advertising image, set to default
2025-02-04 00:31:05,853 [FATAL] Updater:308 - Updater called before beeing initialized
2025-02-04 00:31:05,858 [FATAL] Updater:308 - Updater called before beeing initialized
2025-02-04 00:31:05,858 [FATAL] Updater:308 - Updater called before beeing initialized
2025-02-04 00:31:05,858 [WARN] DetailPanel:346 - Failed to get advertising image, set to default
2025-02-04 00:31:05,860 [FATAL] Updater:308 - Updater called before beeing initialized
2025-02-04 00:31:05,951 [ERROR] Updater:1120 - MainUpdater not yet initialized. External WinMGr cannot be set.
2025-02-04 00:31:05,955 [INFO] Updater:1056 - Updater Version found : 6.11.1
2025-02-04 00:31:05,984 [INFO] ApplicationProperties:184 - Using Application install path: C:\ST\STM32CubeIDE_1.15.1\STM32CubeIDE\plugins\com.st.stm32cube.common.mx_6.11.1.202404110753
2025-02-04 00:31:07,566 [ERROR] LogOutputStream:75 - [STDERR_REDIRECT] Feb 04, 2025 12:31:07 AM java.util.prefs.WindowsPreferences <init>
2025-02-04 00:31:07,567 [ERROR] LogOutputStream:75 - [STDERR_REDIRECT] WARNING: Could not open/create prefs root node Software\JavaSoft\Prefs at root 0xffffffff80000002. Windows RegCreateKeyEx(...) returned error code 5.
2025-02-04 00:31:07,568 [ERROR] LogOutputStream:75 - [STDERR_REDIRECT] 
2025-02-04 00:31:07,610 [INFO] ThirdPartyUpdaterWithRetryManager:70 - Updater plugin not ready yet. [2/15]
2025-02-04 00:31:08,829 [INFO] MainUpdater:2873 - connection check result : 10
2025-02-04 00:31:08,829 [INFO] MainUpdater:290 - Updater Check For Update Now.
2025-02-04 00:31:08,830 [INFO] MicroXplorer:498 - Change Database Version : DB.6.0.111
2025-02-04 00:31:08,842 [INFO] McuFinderGlobals:63 - Set McuFinder mode to 2 (CubeIDE integrated)
2025-02-04 00:31:08,851 [INFO] UserAuth:415 - Internet connection configuration mode: 1
2025-02-04 00:31:08,874 [INFO] JxBrowserEngine:152 - Initiate JxBrowser Engine with user profile folder
2025-02-04 00:31:08,996 [INFO] CheckServerUpdateThread:120 - End of CheckServer Thread
2025-02-04 00:31:09,889 [INFO] WebApp:161 - Instantiating new browser for Auth
2025-02-04 00:31:10,539 [INFO] WebApp:779 - Register for checkConnection events
2025-02-04 00:31:10,539 [INFO] WebApp:414 - Apply proxy settings
2025-02-04 00:31:10,539 [INFO] WebApp:499 - Chromium requires no authentication
2025-02-04 00:31:10,548 [INFO] WebApp:442 - Direct internet connection detected
2025-02-04 00:31:10,820 [INFO] WebApp:192 - Starting web application
2025-02-04 00:31:10,820 [INFO] WebApp:544 - Web application path used C:\ST\STM32CubeIDE_1.15.1\STM32CubeIDE\plugins\com.st.stm32cube.common.mx_6.11.1.202404110753\db\plugins\mcufinder\reactClient1\index.html
2025-02-04 00:31:10,867 [WARN] PackLoader:240 - Cannot read IP mode file for STMicroelectronics.FP-SNS-MOTENVWB1.1.4.0
2025-02-04 00:31:10,880 [WARN] PackLoader:240 - Cannot read IP mode file for STMicroelectronics.FP-ATR-ASTRA1.2.0.1
2025-02-04 00:31:10,894 [WARN] PackLoader:240 - Cannot read IP mode file for STMicroelectronics.X-CUBE-SMBUS.2.1.0
2025-02-04 00:31:10,908 [WARN] PackLoader:240 - Cannot read IP mode file for STMicroelectronics.X-CUBE-WB05N.1.1.0
2025-02-04 00:31:10,914 [WARN] PackLoader:240 - Cannot read IP mode file for STMicroelectronics.X-CUBE-TOUCHGFX.4.23.2
2025-02-04 00:31:10,945 [WARN] PackLoader:240 - Cannot read IP mode file for STMicroelectronics.X-CUBE-AZRTOS-F7.1.1.0
2025-02-04 00:31:10,955 [WARN] PackLoader:240 - Cannot read IP mode file for STMicroelectronics.FP-SNS-FLIGHT1.5.0.2
2025-02-04 00:31:10,966 [WARN] PackLoader:240 - Cannot read IP mode file for STMicroelectronics.X-CUBE-DISPLAY.3.0.0
2025-02-04 00:31:10,975 [WARN] PackLoader:240 - Cannot read IP mode file for STMicroelectronics.X-CUBE-BLE1.7.0.0
2025-02-04 00:31:10,984 [WARN] PackLoader:240 - Cannot read IP mode file for STMicroelectronics.X-CUBE-NFC10.1.0.0
2025-02-04 00:31:10,999 [WARN] PackLoader:240 - Cannot read IP mode file for STMicroelectronics.X-CUBE-BLEMGR.4.0.0
2025-02-04 00:31:11,010 [WARN] PackLoader:240 - Cannot read IP mode file for emotas.I-CUBE-CANOPEN.1.3.0
2025-02-04 00:31:11,019 [WARN] PackLoader:240 - Cannot read IP mode file for STMicroelectronics.X-CUBE-BLEMGR.3.1.0
2025-02-04 00:31:11,032 [WARN] PackLoader:240 - Cannot read IP mode file for STMicroelectronics.X-CUBE-AI.10.0.0
2025-02-04 00:31:11,038 [WARN] PackLoader:240 - Cannot read IP mode file for STMicroelectronics.FP-SNS-SMARTAG2.1.2.0
2025-02-04 00:31:11,109 [WARN] PackLoader:240 - Cannot read IP mode file for STMicroelectronics.X-CUBE-MEMS1.11.1.0
2025-02-04 00:31:11,308 [INFO] LogOutputStream:77 - [STDOUT_REDIRECT] 1 : Invalid condition id : UX_CORESTACK_Condition cause : null
2025-02-04 00:31:11,309 [INFO] LogOutputStream:77 - [STDOUT_REDIRECT] 1 : Invalid condition id : UX_CORESTACK_Condition cause : null
2025-02-04 00:31:11,310 [INFO] LogOutputStream:77 - [STDOUT_REDIRECT] 1 : Invalid condition id : UX_CORESTACK_Condition cause : null
2025-02-04 00:31:11,311 [INFO] LogOutputStream:77 - [STDOUT_REDIRECT] 1 : Invalid condition id : UX_CORESTACK_Condition cause : null
2025-02-04 00:31:11,311 [INFO] LogOutputStream:77 - [STDOUT_REDIRECT] 1 : Invalid condition id : UX_CORESTACK_Condition cause : null
2025-02-04 00:31:11,313 [WARN] PackLoader:240 - Cannot read IP mode file for STMicroelectronics.X-CUBE-AZRTOS-WL.2.0.0
2025-02-04 00:31:11,319 [WARN] PackLoader:240 - Cannot read IP mode file for STMicroelectronics.FP-SNS-MOTENV1.5.0.0
2025-02-04 00:31:11,328 [WARN] PackLoader:240 - Cannot read IP mode file for wolfSSL.I-CUBE-wolfMQTT.1.19.0
2025-02-04 00:31:11,335 [WARN] PackLoader:240 - Cannot read IP mode file for WES.I-CUBE-Cesium.1.3.0
2025-02-04 00:31:11,342 [WARN] PackLoader:240 - Cannot read IP mode file for STMicroelectronics.X-CUBE-BLE2.3.3.0
2025-02-04 00:31:11,349 [WARN] PackLoader:240 - Cannot read IP mode file for STMicroelectronics.X-CUBE-NFC9.1.0.0
2025-02-04 00:31:11,358 [WARN] PackLoader:240 - Cannot read IP mode file for STMicroelectronics.X-CUBE-TCPP.4.1.0
2025-02-04 00:31:11,376 [WARN] PackLoader:240 - Cannot read IP mode file for STMicroelectronics.X-CUBE-AZRTOS-G0.1.1.0
2025-02-04 00:31:11,384 [WARN] PackLoader:240 - Cannot read IP mode file for STMicroelectronics.X-CUBE-SAFEA1.1.2.2
2025-02-04 00:31:11,391 [WARN] PackLoader:240 - Cannot read IP mode file for STMicroelectronics.X-CUBE-NFC4.3.0.0
2025-02-04 00:31:11,408 [WARN] PackLoader:240 - Cannot read IP mode file for EmbeddedOffice.I-CUBE-FS-RTOS.1.0.1
2025-02-04 00:31:11,408 [ERROR] ConditionMgr:805 - Attr not supported : Dmpu
2025-02-04 00:31:11,409 [ERROR] ConditionMgr:805 - Attr not supported : Dmpu
2025-02-04 00:31:11,409 [ERROR] ConditionMgr:805 - Attr not supported : Dmpu
2025-02-04 00:31:11,409 [ERROR] ConditionMgr:805 - Attr not supported : Dmpu
2025-02-04 00:31:11,409 [ERROR] ConditionMgr:805 - Attr not supported : Dmpu
2025-02-04 00:31:11,409 [ERROR] ConditionMgr:805 - Attr not supported : Dmpu
2025-02-04 00:31:11,409 [ERROR] ConditionMgr:805 - Attr not supported : Dmpu
2025-02-04 00:31:11,409 [ERROR] ConditionMgr:805 - Attr not supported : Dmpu
2025-02-04 00:31:11,409 [ERROR] ConditionMgr:805 - Attr not supported : Dmpu
2025-02-04 00:31:11,409 [ERROR] ConditionMgr:805 - Attr not supported : Dmpu
2025-02-04 00:31:11,409 [ERROR] ConditionMgr:805 - Attr not supported : Dmpu
2025-02-04 00:31:11,409 [ERROR] ConditionMgr:805 - Attr not supported : Dmpu
2025-02-04 00:31:11,409 [ERROR] ConditionMgr:805 - Attr not supported : Dmpu
2025-02-04 00:31:11,409 [ERROR] ConditionMgr:805 - Attr not supported : Dmpu
2025-02-04 00:31:11,409 [ERROR] ConditionMgr:805 - Attr not supported : Dmpu
2025-02-04 00:31:11,409 [ERROR] ConditionMgr:805 - Attr not supported : Dmpu
2025-02-04 00:31:11,409 [ERROR] ConditionMgr:805 - Attr not supported : Dmpu
2025-02-04 00:31:11,409 [ERROR] ConditionMgr:805 - Attr not supported : Dmpu
2025-02-04 00:31:11,409 [ERROR] ConditionMgr:805 - Attr not supported : Dmpu
2025-02-04 00:31:11,409 [ERROR] ConditionMgr:805 - Attr not supported : Dmpu
2025-02-04 00:31:11,409 [ERROR] ConditionMgr:805 - Attr not supported : Dmpu
2025-02-04 00:31:11,410 [ERROR] ConditionMgr:805 - Attr not supported : Dmpu
2025-02-04 00:31:11,410 [ERROR] ConditionMgr:805 - Attr not supported : Dmpu
2025-02-04 00:31:11,410 [ERROR] ConditionMgr:805 - Attr not supported : Dmpu
2025-02-04 00:31:11,410 [ERROR] ConditionMgr:805 - Attr not supported : Dmpu
2025-02-04 00:31:11,410 [ERROR] ConditionMgr:805 - Attr not supported : Dmpu
2025-02-04 00:31:11,410 [ERROR] ConditionMgr:805 - Attr not supported : Dmpu
2025-02-04 00:31:11,410 [ERROR] ConditionMgr:805 - Attr not supported : Dmpu
2025-02-04 00:31:11,410 [ERROR] ConditionMgr:805 - Attr not supported : Dmpu
2025-02-04 00:31:11,410 [ERROR] ConditionMgr:805 - Attr not supported : Dmpu
2025-02-04 00:31:11,410 [ERROR] ConditionMgr:805 - Attr not supported : Dmpu
2025-02-04 00:31:11,410 [ERROR] ConditionMgr:805 - Attr not supported : Dmpu
2025-02-04 00:31:11,410 [ERROR] ConditionMgr:805 - Attr not supported : Dmpu
2025-02-04 00:31:11,410 [ERROR] ConditionMgr:805 - Attr not supported : Dmpu
2025-02-04 00:31:11,410 [ERROR] ConditionMgr:805 - Attr not supported : Dmpu
2025-02-04 00:31:11,410 [ERROR] ConditionMgr:805 - Attr not supported : Dmpu
2025-02-04 00:31:11,410 [ERROR] ConditionMgr:805 - Attr not supported : Dmpu
2025-02-04 00:31:11,410 [ERROR] ConditionMgr:805 - Attr not supported : Dmpu
2025-02-04 00:31:11,410 [ERROR] ConditionMgr:805 - Attr not supported : Dmpu
2025-02-04 00:31:11,410 [ERROR] ConditionMgr:805 - Attr not supported : Dmpu
2025-02-04 00:31:11,410 [ERROR] ConditionMgr:805 - Attr not supported : Dmpu
2025-02-04 00:31:11,410 [ERROR] ConditionMgr:805 - Attr not supported : Dmpu
2025-02-04 00:31:11,410 [ERROR] ConditionMgr:805 - Attr not supported : Dmpu
2025-02-04 00:31:11,410 [ERROR] ConditionMgr:805 - Attr not supported : Dmpu
2025-02-04 00:31:11,411 [ERROR] ConditionMgr:805 - Attr not supported : Dmpu
2025-02-04 00:31:11,411 [ERROR] ConditionMgr:805 - Attr not supported : Dmpu
2025-02-04 00:31:11,411 [ERROR] ConditionMgr:805 - Attr not supported : Dmpu
2025-02-04 00:31:11,411 [ERROR] ConditionMgr:805 - Attr not supported : Dmpu
2025-02-04 00:31:11,411 [ERROR] ConditionMgr:805 - Attr not supported : Dmpu
2025-02-04 00:31:11,411 [ERROR] ConditionMgr:805 - Attr not supported : Dmpu
2025-02-04 00:31:11,411 [ERROR] ConditionMgr:805 - Attr not supported : Dmpu
2025-02-04 00:31:11,411 [ERROR] ConditionMgr:805 - Attr not supported : Dmpu
2025-02-04 00:31:11,411 [ERROR] ConditionMgr:805 - Attr not supported : Dmpu
2025-02-04 00:31:11,411 [ERROR] ConditionMgr:805 - Attr not supported : Dmpu
2025-02-04 00:31:11,411 [ERROR] ConditionMgr:805 - Attr not supported : Dmpu
2025-02-04 00:31:11,411 [ERROR] ConditionMgr:805 - Attr not supported : Dmpu
2025-02-04 00:31:11,411 [ERROR] ConditionMgr:805 - Attr not supported : Dmpu
2025-02-04 00:31:11,411 [ERROR] ConditionMgr:805 - Attr not supported : Dmpu
2025-02-04 00:31:11,411 [ERROR] ConditionMgr:805 - Attr not supported : Dmpu
2025-02-04 00:31:11,411 [ERROR] ConditionMgr:805 - Attr not supported : Dmpu
2025-02-04 00:31:11,411 [ERROR] ConditionMgr:805 - Attr not supported : Dmpu
2025-02-04 00:31:11,411 [ERROR] ConditionMgr:805 - Attr not supported : Dmpu
2025-02-04 00:31:11,411 [ERROR] ConditionMgr:805 - Attr not supported : Dmpu
2025-02-04 00:31:11,411 [ERROR] ConditionMgr:805 - Attr not supported : Dmpu
2025-02-04 00:31:11,416 [ERROR] Engine:466 - C:\Users\lenovo\.stm32cubemx\thirdparties\pdsc\STMicroelectronics.X-CUBE-TCPP.4.2.0.pdsc: PDSC version is not supported
2025-02-04 00:31:11,424 [WARN] PackLoader:240 - Cannot read IP mode file for RealThread.X-CUBE-RT-Thread_Nano.4.1.1
2025-02-04 00:31:11,431 [WARN] PackLoader:240 - Cannot read IP mode file for wolfSSL.I-CUBE-wolfSSL.5.7.0
2025-02-04 00:31:11,437 [WARN] PackLoader:240 - Cannot read IP mode file for STMicroelectronics.FP-ATR-SIGFOX1.3.2.0
2025-02-04 00:31:11,448 [WARN] ConditionMgr:438 - getConditionDescription Invalid condition id : Cortex-A Device cause : null
2025-02-04 00:31:11,462 [WARN] ConditionMgr:1039 - genDependencies : Invalid condition id : Cortex-A Device cause : null
2025-02-04 00:31:11,462 [WARN] ConditionMgr:1039 - genDependencies : Invalid condition id : Cortex-A Device cause : null
2025-02-04 00:31:11,462 [WARN] ConditionMgr:1039 - genDependencies : Invalid condition id : Cortex-A Device cause : null
2025-02-04 00:31:11,467 [WARN] PackLoader:240 - Cannot read IP mode file for STMicroelectronics.X-CUBE-EEPRMA1.5.1.0
2025-02-04 00:31:11,475 [WARN] PackLoader:240 - Cannot read IP mode file for ITTIA_DB.I-CUBE-ITTIADB.8.9.0
2025-02-04 00:31:11,504 [WARN] PackLoader:240 - Cannot read IP mode file for SEGGER.I-CUBE-embOS.1.3.1
2025-02-04 00:31:11,535 [WARN] PackLoader:240 - Cannot read IP mode file for STMicroelectronics.X-CUBE-ALGOBUILD.1.4.0
2025-02-04 00:31:11,544 [WARN] PackLoader:240 - Cannot read IP mode file for STMicroelectronics.X-CUBE-GNSS1.6.0.0
2025-02-04 00:31:11,561 [WARN] PackLoader:240 - Cannot read IP mode file for STMicroelectronics.X-CUBE-AZRTOS-F4.1.1.0
2025-02-04 00:31:11,567 [WARN] PackLoader:240 - Cannot read IP mode file for STMicroelectronics.X-CUBE-ISPU.2.1.0
2025-02-04 00:31:11,576 [WARN] PackLoader:240 - Cannot read IP mode file for STMicroelectronics.X-CUBE-FREERTOS.1.2.0
2025-02-04 00:31:11,590 [WARN] PackLoader:240 - Cannot read IP mode file for STMicroelectronics.X-CUBE-AZRTOS-L5.2.0.0
2025-02-04 00:31:11,599 [WARN] PackLoader:240 - Cannot read IP mode file for STMicroelectronics.X-CUBE-NFC6.3.1.0
2025-02-04 00:31:11,606 [WARN] PackLoader:240 - Cannot read IP mode file for STMicroelectronics.X-CUBE-DPower.1.2.0
2025-02-04 00:31:11,611 [WARN] PackLoader:240 - Cannot read IP mode file for STMicroelectronics.X-CUBE-AI.9.0.0
2025-02-04 00:31:11,616 [WARN] PackLoader:240 - Cannot read IP mode file for STMicroelectronics.X-CUBE-FREERTOS.1.3.0
2025-02-04 00:31:11,624 [WARN] PackLoader:240 - Cannot read IP mode file for STMicroelectronics.X-CUBE-NFC7.1.0.1
2025-02-04 00:31:11,646 [WARN] ConditionMgr:438 - getConditionDescription Invalid condition id : LAN8742 Phy interface Condition cause : null
2025-02-04 00:31:11,647 [WARN] PackLoader:240 - Cannot read IP mode file for STMicroelectronics.X-CUBE-AZRTOS-L4.2.0.0
2025-02-04 00:31:11,647 [WARN] ConditionMgr:1039 - genDependencies : Invalid condition id : LAN8742 Phy interface Condition cause : null
2025-02-04 00:31:11,648 [WARN] ConditionMgr:1039 - genDependencies : Invalid condition id : LAN8742 Phy interface Condition cause : null
2025-02-04 00:31:11,648 [WARN] ConditionMgr:1039 - genDependencies : Invalid condition id : LAN8742 Phy interface Condition cause : null
2025-02-04 00:31:11,659 [WARN] PackLoader:240 - Cannot read IP mode file for STMicroelectronics.X-CUBE-SFXS2LP1.4.0.0
2025-02-04 00:31:11,682 [WARN] PackLoader:240 - Cannot read IP mode file for STMicroelectronics.X-CUBE-AZRTOS-H7.3.3.0
2025-02-04 00:31:11,710 [WARN] ConditionMgr:438 - getConditionDescription Invalid condition id : UX DEVICE CLASS RTOS Condition cause : null
2025-02-04 00:31:11,710 [WARN] ConditionMgr:438 - getConditionDescription Invalid condition id : UX DEVICE CLASS RTOS Condition cause : null
2025-02-04 00:31:11,712 [WARN] PackLoader:240 - Cannot read IP mode file for STMicroelectronics.X-CUBE-AZRTOS-WB.2.0.0
2025-02-04 00:31:11,713 [WARN] ConditionMgr:1039 - genDependencies : Invalid condition id : UX DEVICE CLASS RTOS Condition cause : null
2025-02-04 00:31:11,714 [WARN] ConditionMgr:1039 - genDependencies : Invalid condition id : UX DEVICE CLASS RTOS Condition cause : null
2025-02-04 00:31:11,714 [WARN] ConditionMgr:1039 - genDependencies : Invalid condition id : UX DEVICE CLASS RTOS Condition cause : null
2025-02-04 00:31:11,714 [WARN] ConditionMgr:1039 - genDependencies : Invalid condition id : UX DEVICE CLASS RTOS Condition cause : null
2025-02-04 00:31:11,714 [WARN] ConditionMgr:1039 - genDependencies : Invalid condition id : UX DEVICE CLASS RTOS Condition cause : null
2025-02-04 00:31:11,720 [WARN] PackLoader:240 - Cannot read IP mode file for STMicroelectronics.X-CUBE-GNSS1.7.0.1
2025-02-04 00:31:11,730 [WARN] PackLoader:240 - Cannot read IP mode file for STMicroelectronics.FP-SNS-STBOX1.2.0.0
2025-02-04 00:31:11,738 [WARN] PackLoader:240 - Cannot read IP mode file for STMicroelectronics.X-CUBE-SUBG2.5.0.0
2025-02-04 00:31:11,748 [WARN] PackLoader:240 - Cannot read IP mode file for Cesanta.I-CUBE-Mongoose.7.13.0
2025-02-04 00:31:11,761 [WARN] PackLoader:240 - Cannot read IP mode file for STMicroelectronics.X-CUBE-AZRTOS-G4.2.0.0
2025-02-04 00:31:11,768 [WARN] PackLoader:240 - Cannot read IP mode file for STMicroelectronics.X-CUBE-ISPU.2.0.0
2025-02-04 00:31:11,775 [ERROR] Engine:466 - C:\Users\lenovo\.stm32cubemx\thirdparties\pdsc\STMicroelectronics.X-CUBE-IPS.3.1.0.pdsc: PDSC version is not supported
2025-02-04 00:31:11,781 [WARN] PackLoader:240 - Cannot read IP mode file for STMicroelectronics.X-CUBE-ALS.1.0.2
2025-02-04 00:31:11,807 [WARN] PackLoader:240 - Cannot read IP mode file for STMicroelectronics.X-CUBE-MEMS1.10.0.0
2025-02-04 00:31:11,910 [WARN] PackLoader:240 - Cannot read IP mode file for STMicroelectronics.X-CUBE-TOUCHGFX.4.24.2
2025-02-04 00:31:11,915 [WARN] PackLoader:240 - Cannot read IP mode file for wolfSSL.I-CUBE-wolfTPM.3.4.0
2025-02-04 00:31:11,922 [WARN] PackLoader:240 - Cannot read IP mode file for portGmbH.I-Cube-SoM-uGOAL.1.1.0
2025-02-04 00:31:11,939 [WARN] PackLoader:240 - Cannot read IP mode file for STMicroelectronics.X-CUBE-AZRTOS-H7RS.1.0.0
2025-02-04 00:31:11,947 [WARN] PackLoader:240 - Cannot read IP mode file for STMicroelectronics.FP-ATR-ASTRA1.2.0.0
2025-02-04 00:31:11,961 [WARN] PackLoader:240 - Cannot read IP mode file for STMicroelectronics.X-CUBE-TOF1.3.4.2
2025-02-04 00:31:11,979 [WARN] PackLoader:240 - Cannot read IP mode file for STMicroelectronics.X-CUBE-TOF1.3.4.1
2025-02-04 00:31:12,019 [WARN] PackLoader:240 - Cannot read IP mode file for STMicroelectronics.X-CUBE-AZRTOS-H7.3.2.0
2025-02-04 00:31:12,033 [WARN] PackLoader:240 - Cannot read IP mode file for Infineon.AIROC-Wi-Fi-Bluetooth-STM32.1.6.0
2025-02-04 00:31:12,046 [WARN] PackLoader:240 - Cannot read IP mode file for wolfSSL.I-CUBE-wolfSSH.1.4.17
2025-02-04 00:31:12,048 [INFO] ThirdParty:978 - Integrity check success = true
2025-02-04 00:31:12,048 [INFO] IntegrityCheckThread:100 - exiting critical section [integrity check]
2025-02-04 00:31:12,048 [INFO] IntegrityCheckThread:103 - End integrity checks thread
2025-02-04 00:40:09,340 [ERROR] LogOutputStream:75 - [STDERR_REDIRECT] 
