2025-03-30 23:28:21,803 [INFO] Activator:176 - 


2025-03-30 23:28:21,808 [INFO] Activator:177 - !SESSION log4j initialized
2025-03-30 23:28:28,638 [INFO] LogOutputStream:77 - [STDOUT_REDIRECT] 
2025-03-30 23:28:36,025 [INFO] ApplicationProperties:184 - Using Application install path: C:\ST\STM32CubeIDE_1.15.1\STM32CubeIDE\plugins\com.st.stm32cube.common.mx_6.11.1.202404110753
2025-03-30 23:28:36,046 [INFO] DbMcusXml:78 - Set database path to: C:\ST\STM32CubeIDE_1.15.1\STM32CubeIDE\plugins\com.st.stm32cube.common.mx_6.11.1.202404110753\\db\/mcu/
2025-03-30 23:28:36,047 [INFO] ApiDb:274 - Set plugin database path to: C:\ST\STM32CubeIDE_1.15.1\STM32CubeIDE\plugins\com.st.stm32cube.common.mx_6.11.1.202404110753\\db\/plugins/boardmanager/
2025-03-30 23:28:36,047 [WARN] ApiDb:259 - Overriding images path with different value:  => C:\ST\STM32CubeIDE_1.15.1\STM32CubeIDE\plugins\com.st.stm32cube.common.mx_6.11.1.202404110753\\db\/plugins/mcufinder/images/
2025-03-30 23:28:36,063 [INFO] ApiDb:250 - Set database path to: C:\Users\lenovo\.stmcufinder\plugins\mcufinder//mcu/
2025-03-30 23:28:36,066 [INFO] DbMcusAds:125 - Set database path to: C:\Users\lenovo\.stmcufinder\plugins\mcufinder//mcu/
2025-03-30 23:28:36,068 [INFO] CrossReferenceDbSqlite:203 - Set database path to: C:\Users\lenovo\.stmcufinder\plugins\mcufinder//mcu/cs/
2025-03-30 23:28:36,225 [INFO] RulesReader:64 - Compatibility file has been processed (297 Rules)
2025-03-30 23:28:36,330 [INFO] DbMcusXml:78 - Set database path to: C:\ST\STM32CubeIDE_1.15.1\STM32CubeIDE\plugins\com.st.stm32cube.common.mx_6.11.1.202404110753\\db\/mcu/
2025-03-30 23:28:36,330 [INFO] ApiDb:274 - Set plugin database path to: C:\ST\STM32CubeIDE_1.15.1\STM32CubeIDE\plugins\com.st.stm32cube.common.mx_6.11.1.202404110753\\db\/plugins/boardmanager/
2025-03-30 23:28:36,331 [INFO] ApiDb:261 - Set plugin images path to: C:\ST\STM32CubeIDE_1.15.1\STM32CubeIDE\plugins\com.st.stm32cube.common.mx_6.11.1.202404110753\\db\/plugins/mcufinder/images/
2025-03-30 23:28:36,331 [WARN] DbFile:41 - Overriding database path with different value: C:\Users\lenovo\.stmcufinder\plugins\mcufinder/ => C:\Users\lenovo\.stmcufinder\plugins\mcufinder
2025-03-30 23:28:36,331 [INFO] ApiDb:250 - Set database path to: C:\Users\lenovo\.stmcufinder\plugins\mcufinder//mcu/
2025-03-30 23:28:36,331 [WARN] DbFile:41 - Overriding database path with different value: C:\Users\lenovo\.stmcufinder\plugins\mcufinder/ => C:\Users\lenovo\.stmcufinder\plugins\mcufinder
2025-03-30 23:28:36,331 [INFO] DbMcusAds:125 - Set database path to: C:\Users\lenovo\.stmcufinder\plugins\mcufinder//mcu/
2025-03-30 23:28:36,331 [WARN] DbFile:41 - Overriding database path with different value: C:\Users\lenovo\.stmcufinder\plugins\mcufinder/ => C:\Users\lenovo\.stmcufinder\plugins\mcufinder
2025-03-30 23:28:36,331 [WARN] DbFile:41 - Overriding database path with different value: C:\Users\lenovo\.stmcufinder\plugins\mcufinder/ => C:\Users\lenovo\.stmcufinder\plugins\mcufinder
2025-03-30 23:28:36,331 [INFO] CrossReferenceDbSqlite:203 - Set database path to: C:\Users\lenovo\.stmcufinder\plugins\mcufinder//mcu/cs/
2025-03-30 23:28:36,416 [INFO] MainPanel:264 - HeapMemory: 268435456
2025-03-30 23:28:36,518 [INFO] DbMcusXml:78 - Set database path to: C:\ST\STM32CubeIDE_1.15.1\STM32CubeIDE\plugins\com.st.stm32cube.common.mx_6.11.1.202404110753\\db\/mcu/
2025-03-30 23:28:36,518 [INFO] ApiDb:274 - Set plugin database path to: C:\ST\STM32CubeIDE_1.15.1\STM32CubeIDE\plugins\com.st.stm32cube.common.mx_6.11.1.202404110753\\db\/plugins/boardmanager/
2025-03-30 23:28:36,518 [INFO] ApiDb:261 - Set plugin images path to: C:\ST\STM32CubeIDE_1.15.1\STM32CubeIDE\plugins\com.st.stm32cube.common.mx_6.11.1.202404110753\\db\/plugins/mcufinder/images/
2025-03-30 23:28:36,518 [WARN] DbFile:41 - Overriding database path with different value: C:\Users\lenovo\.stmcufinder\plugins\mcufinder/ => C:\Users\lenovo\.stmcufinder\plugins\mcufinder
2025-03-30 23:28:36,518 [INFO] ApiDb:250 - Set database path to: C:\Users\lenovo\.stmcufinder\plugins\mcufinder//mcu/
2025-03-30 23:28:36,518 [WARN] DbFile:41 - Overriding database path with different value: C:\Users\lenovo\.stmcufinder\plugins\mcufinder/ => C:\Users\lenovo\.stmcufinder\plugins\mcufinder
2025-03-30 23:28:36,518 [INFO] DbMcusAds:125 - Set database path to: C:\Users\lenovo\.stmcufinder\plugins\mcufinder//mcu/
2025-03-30 23:28:36,518 [WARN] DbFile:41 - Overriding database path with different value: C:\Users\lenovo\.stmcufinder\plugins\mcufinder/ => C:\Users\lenovo\.stmcufinder\plugins\mcufinder
2025-03-30 23:28:36,518 [WARN] DbFile:41 - Overriding database path with different value: C:\Users\lenovo\.stmcufinder\plugins\mcufinder/ => C:\Users\lenovo\.stmcufinder\plugins\mcufinder
2025-03-30 23:28:36,519 [INFO] CrossReferenceDbSqlite:203 - Set database path to: C:\Users\lenovo\.stmcufinder\plugins\mcufinder//mcu/cs/
2025-03-30 23:28:36,538 [INFO] ApplicationProperties:184 - Using Application install path: C:\ST\STM32CubeIDE_1.15.1\STM32CubeIDE\plugins\com.st.stm32cube.common.mx_6.11.1.202404110753
2025-03-30 23:28:36,539 [INFO] PluginManage:196 - Search for loadable plugins [exclusion list=, ]
2025-03-30 23:28:36,541 [INFO] PluginManage:310 - Check plugin analytics
2025-03-30 23:28:36,793 [INFO] AnalyticsPlugin:253 - Accepted Software Licenses: STM32CubeMX.6.13.0
2025-03-30 23:28:36,793 [INFO] AnalyticsPlugin:255 - Accepted CMSIS Pack Licenses: 
2025-03-30 23:28:36,793 [INFO] AnalyticsPlugin:257 - Accepted Firmware Licenses: FW.F7.1.17.0
2025-03-30 23:28:36,797 [INFO] PluginManage:359 - Loaded plugin analytics (category:tool,tabindex:-1)
2025-03-30 23:28:36,798 [INFO] PluginManage:310 - Check plugin cadmodel
2025-03-30 23:28:36,807 [INFO] CADModel:105 - Init CAD model plugin
2025-03-30 23:28:36,807 [INFO] PluginManage:359 - Loaded plugin cadmodel (category:power,tabindex:5)
2025-03-30 23:28:36,807 [INFO] PluginManage:310 - Check plugin clock
2025-03-30 23:28:36,827 [INFO] PluginManage:359 - Loaded plugin clock (category:base,tabindex:2)
2025-03-30 23:28:36,828 [INFO] PluginManage:310 - Check plugin ddr
2025-03-30 23:28:36,832 [INFO] PluginManage:359 - Loaded plugin ddr (category:tool,tabindex:6)
2025-03-30 23:28:36,832 [INFO] PluginManage:310 - Check plugin filemanager
2025-03-30 23:28:37,017 [INFO] PluginManage:359 - Loaded plugin filemanager (category:base,tabindex:10)
2025-03-30 23:28:37,017 [INFO] PluginManage:310 - Check plugin ipmanager
2025-03-30 23:28:37,024 [INFO] PluginManage:359 - Loaded plugin ipmanager (category:base,tabindex:5)
2025-03-30 23:28:37,024 [INFO] PluginManage:310 - Check plugin lpbam
2025-03-30 23:28:37,031 [INFO] PluginManage:359 - Loaded plugin lpbam (category:base,tabindex:0)
2025-03-30 23:28:37,033 [INFO] PluginManage:310 - Check plugin memorymap
2025-03-30 23:28:37,057 [INFO] PluginManage:359 - Loaded plugin memorymap (category:base,tabindex:4)
2025-03-30 23:28:37,058 [INFO] PluginManage:310 - Check plugin pinoutandconfiguration
2025-03-30 23:28:37,072 [INFO] PluginManage:359 - Loaded plugin pinoutandconfiguration (category:base,tabindex:1)
2025-03-30 23:28:37,072 [INFO] PluginManage:310 - Check plugin pinoutconfig
2025-03-30 23:28:37,154 [WARN] SupportedApi:132 - Cannot load RTOS API schema: s4s-elt-must-match.1: The content of 'definitions' must match (annotation?, (simpleType | complexType)?, (unique | key | keyref)*)). A problem was found starting at: attribute.
2025-03-30 23:28:37,276 [INFO] PluginManage:359 - Loaded plugin pinoutconfig (category:base,tabindex:0)
2025-03-30 23:28:37,276 [INFO] PluginManage:310 - Check plugin power
2025-03-30 23:28:37,290 [INFO] PluginManage:359 - Loaded plugin power (category:power,tabindex:4)
2025-03-30 23:28:37,290 [INFO] PluginManage:310 - Check plugin projectmanager
2025-03-30 23:28:37,305 [INFO] PluginManage:359 - Loaded plugin projectmanager (category:projectmanager,tabindex:3)
2025-03-30 23:28:37,305 [INFO] PluginManage:310 - Check plugin thirdparty
2025-03-30 23:28:37,427 [WARN] IntegrityCheckThread:84 - waiting for thirdparty lock release [integrity check]
2025-03-30 23:28:37,427 [INFO] IntegrityCheckThread:86 - entering critical section [integrity check]
2025-03-30 23:28:37,428 [INFO] PluginManage:359 - Loaded plugin thirdparty (category:base,tabindex:-1)
2025-03-30 23:28:37,428 [INFO] PluginManage:310 - Check plugin tools
2025-03-30 23:28:37,428 [INFO] ThirdPartyUpdaterWithRetryManager:70 - Updater plugin not ready yet. [1/15]
2025-03-30 23:28:37,431 [INFO] PluginManage:359 - Loaded plugin tools (category:base,tabindex:7)
2025-03-30 23:28:37,431 [INFO] PluginManage:310 - Check plugin tutovideos
2025-03-30 23:28:37,609 [INFO] PluginManage:359 - Loaded plugin tutovideos (category:base,tabindex:-1)
2025-03-30 23:28:37,609 [INFO] PluginManage:310 - Check plugin updater
2025-03-30 23:28:37,623 [INFO] PluginManage:359 - Loaded plugin updater (category:base,tabindex:12)
2025-03-30 23:28:37,623 [INFO] PluginManage:310 - Check plugin userauth
2025-03-30 23:28:37,629 [INFO] UserAuth:114 - Init User Auth plugin
2025-03-30 23:28:37,630 [INFO] PluginManage:359 - Loaded plugin userauth (category:base,tabindex:14)
2025-03-30 23:28:37,630 [INFO] PluginManage:283 - PluginManage : Loaded plugins [17]
2025-03-30 23:28:37,870 [INFO] PinOutPanel:1561 - setPackage(No Configuration,No Configuration)
2025-03-30 23:28:37,944 [INFO] CADModel:165 - CPN selected for project level
2025-03-30 23:28:37,944 [INFO] CADModel:114 - Register for checkConnection events
2025-03-30 23:28:37,968 [INFO] IPUIPlugin:80 - create IPUIPlugin
2025-03-30 23:28:37,968 [INFO] PluginManager:220 - loadIPPluginJar : add adc
2025-03-30 23:28:37,972 [INFO] IPUIPlugin:80 - create IPUIPlugin
2025-03-30 23:28:37,972 [INFO] PluginManager:220 - loadIPPluginJar : add aes
2025-03-30 23:28:37,975 [INFO] IPUIPlugin:80 - create IPUIPlugin
2025-03-30 23:28:37,975 [INFO] PluginManager:220 - loadIPPluginJar : add can
2025-03-30 23:28:37,976 [INFO] IPUIPlugin:80 - create IPUIPlugin
2025-03-30 23:28:37,977 [INFO] PluginManager:220 - loadIPPluginJar : add comp
2025-03-30 23:28:37,983 [INFO] IPUIPlugin:80 - create IPUIPlugin
2025-03-30 23:28:37,983 [INFO] PluginManager:220 - loadIPPluginJar : add cryp
2025-03-30 23:28:37,985 [INFO] IPUIPlugin:80 - create IPUIPlugin
2025-03-30 23:28:37,986 [INFO] PluginManager:220 - loadIPPluginJar : add dfsdm
2025-03-30 23:28:37,991 [INFO] IPUIPlugin:80 - create IPUIPlugin
2025-03-30 23:28:37,992 [INFO] PluginManager:220 - loadIPPluginJar : add dma
2025-03-30 23:28:37,997 [INFO] IPUIPlugin:80 - create IPUIPlugin
2025-03-30 23:28:37,997 [INFO] PluginManager:220 - loadIPPluginJar : add dma3
2025-03-30 23:28:38,000 [INFO] IPUIPlugin:80 - create IPUIPlugin
2025-03-30 23:28:38,000 [INFO] PluginManager:220 - loadIPPluginJar : add extmemmanager
2025-03-30 23:28:38,002 [INFO] IPUIPlugin:80 - create IPUIPlugin
2025-03-30 23:28:38,002 [INFO] PluginManager:220 - loadIPPluginJar : add fatfs
2025-03-30 23:28:38,006 [INFO] IPUIPlugin:80 - create IPUIPlugin
2025-03-30 23:28:38,006 [INFO] PluginManager:220 - loadIPPluginJar : add fmc
2025-03-30 23:28:38,011 [INFO] IPUIPlugin:80 - create IPUIPlugin
2025-03-30 23:28:38,011 [INFO] PluginManager:220 - loadIPPluginJar : add freertos
2025-03-30 23:28:38,014 [INFO] IPUIPlugin:80 - create IPUIPlugin
2025-03-30 23:28:38,014 [INFO] PluginManager:220 - loadIPPluginJar : add genericplugin
2025-03-30 23:28:38,022 [INFO] IPUIPlugin:80 - create IPUIPlugin
2025-03-30 23:28:38,022 [INFO] PluginManager:220 - loadIPPluginJar : add gfxmmu
2025-03-30 23:28:38,033 [INFO] IPUIPlugin:80 - create IPUIPlugin
2025-03-30 23:28:38,033 [INFO] PluginManager:220 - loadIPPluginJar : add gic
2025-03-30 23:28:38,037 [INFO] IPUIPlugin:80 - create IPUIPlugin
2025-03-30 23:28:38,037 [INFO] PluginManager:220 - loadIPPluginJar : add gpio
2025-03-30 23:28:38,044 [INFO] IPUIPlugin:80 - create IPUIPlugin
2025-03-30 23:28:38,044 [INFO] PluginManager:220 - loadIPPluginJar : add gtzc
2025-03-30 23:28:38,046 [INFO] IPUIPlugin:80 - create IPUIPlugin
2025-03-30 23:28:38,046 [INFO] PluginManager:220 - loadIPPluginJar : add hash
2025-03-30 23:28:38,050 [INFO] IPUIPlugin:80 - create IPUIPlugin
2025-03-30 23:28:38,050 [INFO] PluginManager:220 - loadIPPluginJar : add i2c
2025-03-30 23:28:38,052 [INFO] IPUIPlugin:80 - create IPUIPlugin
2025-03-30 23:28:38,052 [INFO] PluginManager:220 - loadIPPluginJar : add i2s
2025-03-30 23:28:38,054 [INFO] IPUIPlugin:80 - create IPUIPlugin
2025-03-30 23:28:38,055 [INFO] PluginManager:220 - loadIPPluginJar : add i3c
2025-03-30 23:28:38,059 [INFO] IPUIPlugin:80 - create IPUIPlugin
2025-03-30 23:28:38,059 [INFO] PluginManager:220 - loadIPPluginJar : add ipddr
2025-03-30 23:28:38,066 [INFO] IPUIPlugin:80 - create IPUIPlugin
2025-03-30 23:28:38,066 [INFO] PluginManager:220 - loadIPPluginJar : add linkedlist
2025-03-30 23:28:38,069 [INFO] IPUIPlugin:80 - create IPUIPlugin
2025-03-30 23:28:38,069 [INFO] PluginManager:220 - loadIPPluginJar : add lorawan
2025-03-30 23:28:38,074 [INFO] IPUIPlugin:80 - create IPUIPlugin
2025-03-30 23:28:38,074 [INFO] PluginManager:220 - loadIPPluginJar : add ltdc
2025-03-30 23:28:38,079 [INFO] IPUIPlugin:80 - create IPUIPlugin
2025-03-30 23:28:38,079 [INFO] PluginManager:220 - loadIPPluginJar : add mdma
2025-03-30 23:28:38,087 [INFO] IPUIPlugin:80 - create IPUIPlugin
2025-03-30 23:28:38,087 [INFO] PluginManager:220 - loadIPPluginJar : add nvic
2025-03-30 23:28:38,091 [INFO] IPUIPlugin:80 - create IPUIPlugin
2025-03-30 23:28:38,091 [INFO] PluginManager:220 - loadIPPluginJar : add opamp
2025-03-30 23:28:38,094 [INFO] IPUIPlugin:80 - create IPUIPlugin
2025-03-30 23:28:38,094 [INFO] PluginManager:220 - loadIPPluginJar : add openamp
2025-03-30 23:28:38,101 [INFO] IPUIPlugin:80 - create IPUIPlugin
2025-03-30 23:28:38,101 [INFO] PluginManager:220 - loadIPPluginJar : add pdm2pcm
2025-03-30 23:28:38,110 [INFO] IPUIPlugin:80 - create IPUIPlugin
2025-03-30 23:28:38,112 [INFO] PluginManager:220 - loadIPPluginJar : add plateformsettings
2025-03-30 23:28:38,114 [INFO] IPUIPlugin:80 - create IPUIPlugin
2025-03-30 23:28:38,114 [INFO] PluginManager:220 - loadIPPluginJar : add quadspi
2025-03-30 23:28:38,119 [INFO] IPUIPlugin:80 - create IPUIPlugin
2025-03-30 23:28:38,119 [INFO] PluginManager:220 - loadIPPluginJar : add resmgrutility
2025-03-30 23:28:38,122 [INFO] IPUIPlugin:80 - create IPUIPlugin
2025-03-30 23:28:38,122 [INFO] PluginManager:220 - loadIPPluginJar : add sai
2025-03-30 23:28:38,125 [INFO] IPUIPlugin:80 - create IPUIPlugin
2025-03-30 23:28:38,125 [INFO] PluginManager:220 - loadIPPluginJar : add spi
2025-03-30 23:28:38,131 [INFO] IPUIPlugin:80 - create IPUIPlugin
2025-03-30 23:28:38,131 [INFO] PluginManager:220 - loadIPPluginJar : add stm32_wpan
2025-03-30 23:28:38,135 [INFO] IPUIPlugin:80 - create IPUIPlugin
2025-03-30 23:28:38,135 [INFO] PluginManager:220 - loadIPPluginJar : add tim
2025-03-30 23:28:38,141 [INFO] IPUIPlugin:80 - create IPUIPlugin
2025-03-30 23:28:38,142 [INFO] PluginManager:220 - loadIPPluginJar : add touchsensing
2025-03-30 23:28:38,144 [INFO] IPUIPlugin:80 - create IPUIPlugin
2025-03-30 23:28:38,144 [INFO] PluginManager:220 - loadIPPluginJar : add tracer_emb
2025-03-30 23:28:38,146 [INFO] IPUIPlugin:80 - create IPUIPlugin
2025-03-30 23:28:38,146 [INFO] PluginManager:220 - loadIPPluginJar : add ts
2025-03-30 23:28:38,148 [INFO] IPUIPlugin:80 - create IPUIPlugin
2025-03-30 23:28:38,149 [INFO] PluginManager:220 - loadIPPluginJar : add tsc
2025-03-30 23:28:38,151 [INFO] IPUIPlugin:80 - create IPUIPlugin
2025-03-30 23:28:38,151 [INFO] PluginManager:220 - loadIPPluginJar : add ucpd
2025-03-30 23:28:38,153 [INFO] IPUIPlugin:80 - create IPUIPlugin
2025-03-30 23:28:38,153 [INFO] PluginManager:220 - loadIPPluginJar : add usart
2025-03-30 23:28:38,155 [INFO] IPUIPlugin:80 - create IPUIPlugin
2025-03-30 23:28:38,155 [INFO] PluginManager:220 - loadIPPluginJar : add usbx
2025-03-30 23:28:38,280 [INFO] CADModel:165 - CPN selected for project level
2025-03-30 23:28:38,281 [INFO] CADModel:114 - Register for checkConnection events
2025-03-30 23:28:38,281 [FATAL] Updater:308 - Updater called before beeing initialized
2025-03-30 23:28:38,281 [ERROR] CADModel:125 - Updater not yet initialized, retry later 
2025-03-30 23:28:38,437 [INFO] CADModel:165 - CPN selected for project level
2025-03-30 23:28:38,438 [INFO] CADModel:114 - Register for checkConnection events
2025-03-30 23:28:38,438 [FATAL] Updater:308 - Updater called before beeing initialized
2025-03-30 23:28:38,438 [ERROR] CADModel:125 - Updater not yet initialized, retry later 
2025-03-30 23:28:38,443 [FATAL] Updater:308 - Updater called before beeing initialized
2025-03-30 23:28:38,591 [FATAL] Updater:308 - Updater called before beeing initialized
2025-03-30 23:28:38,602 [INFO] DbMcusAds:53 - JSON generation date=Thu Mar 06 17:54:21 EAT 2025 (1741272861825)
2025-03-30 23:28:38,602 [FATAL] Updater:308 - Updater called before beeing initialized
2025-03-30 23:28:38,649 [WARN] DetailPanel:346 - Failed to get advertising image, set to default
2025-03-30 23:28:38,716 [FATAL] Updater:308 - Updater called before beeing initialized
2025-03-30 23:28:38,718 [FATAL] Updater:308 - Updater called before beeing initialized
2025-03-30 23:28:38,718 [FATAL] Updater:308 - Updater called before beeing initialized
2025-03-30 23:28:38,718 [WARN] DetailPanel:346 - Failed to get advertising image, set to default
2025-03-30 23:28:38,718 [FATAL] Updater:308 - Updater called before beeing initialized
2025-03-30 23:28:38,759 [ERROR] Updater:1120 - MainUpdater not yet initialized. External WinMGr cannot be set.
2025-03-30 23:28:38,760 [INFO] Updater:1056 - Updater Version found : 6.11.1
2025-03-30 23:28:38,779 [INFO] ApplicationProperties:184 - Using Application install path: C:\ST\STM32CubeIDE_1.15.1\STM32CubeIDE\plugins\com.st.stm32cube.common.mx_6.11.1.202404110753
2025-03-30 23:28:40,355 [ERROR] LogOutputStream:75 - [STDERR_REDIRECT] Mar 30, 2025 11:28:40 PM java.util.prefs.WindowsPreferences <init>
2025-03-30 23:28:40,356 [ERROR] LogOutputStream:75 - [STDERR_REDIRECT] WARNING: Could not open/create prefs root node Software\JavaSoft\Prefs at root 0xffffffff80000002. Windows RegCreateKeyEx(...) returned error code 5.
2025-03-30 23:28:40,357 [ERROR] LogOutputStream:75 - [STDERR_REDIRECT] 
2025-03-30 23:28:40,429 [INFO] ThirdPartyUpdaterWithRetryManager:70 - Updater plugin not ready yet. [2/15]
2025-03-30 23:28:40,820 [INFO] MainUpdater:2873 - connection check result : 10
2025-03-30 23:28:40,821 [INFO] MainUpdater:290 - Updater Check For Update Now.
2025-03-30 23:28:40,821 [INFO] MicroXplorer:498 - Change Database Version : DB.6.0.111
2025-03-30 23:28:40,826 [INFO] McuFinderGlobals:63 - Set McuFinder mode to 2 (CubeIDE integrated)
2025-03-30 23:28:40,841 [INFO] UserAuth:415 - Internet connection configuration mode: 1
2025-03-30 23:28:40,885 [INFO] JxBrowserEngine:152 - Initiate JxBrowser Engine with user profile folder
2025-03-30 23:28:41,005 [INFO] CheckServerUpdateThread:120 - End of CheckServer Thread
2025-03-30 23:28:42,121 [INFO] WebApp:161 - Instantiating new browser for Auth
2025-03-30 23:28:42,804 [INFO] WebApp:779 - Register for checkConnection events
2025-03-30 23:28:42,804 [INFO] WebApp:414 - Apply proxy settings
2025-03-30 23:28:42,804 [INFO] WebApp:499 - Chromium requires no authentication
2025-03-30 23:28:42,813 [INFO] WebApp:442 - Direct internet connection detected
2025-03-30 23:28:42,992 [INFO] WebApp:192 - Starting web application
2025-03-30 23:28:42,992 [INFO] WebApp:544 - Web application path used C:\ST\STM32CubeIDE_1.15.1\STM32CubeIDE\plugins\com.st.stm32cube.common.mx_6.11.1.202404110753\db\plugins\mcufinder\reactClient1\index.html
2025-03-30 23:28:43,763 [WARN] PackLoader:240 - Cannot read IP mode file for STMicroelectronics.FP-SNS-MOTENVWB1.1.4.0
2025-03-30 23:28:43,775 [WARN] PackLoader:240 - Cannot read IP mode file for STMicroelectronics.FP-ATR-ASTRA1.2.0.2
2025-03-30 23:28:43,783 [WARN] PackLoader:240 - Cannot read IP mode file for STMicroelectronics.FP-ATR-ASTRA1.2.0.1
2025-03-30 23:28:43,793 [WARN] PackLoader:240 - Cannot read IP mode file for STMicroelectronics.X-CUBE-SMBUS.2.1.0
2025-03-30 23:28:43,802 [WARN] PackLoader:240 - Cannot read IP mode file for STMicroelectronics.X-CUBE-WB05N.1.1.0
2025-03-30 23:28:43,808 [WARN] PackLoader:240 - Cannot read IP mode file for STMicroelectronics.X-CUBE-TOUCHGFX.4.23.2
2025-03-30 23:28:43,829 [WARN] PackLoader:240 - Cannot read IP mode file for STMicroelectronics.X-CUBE-AZRTOS-F7.1.1.0
2025-03-30 23:28:43,842 [WARN] PackLoader:240 - Cannot read IP mode file for STMicroelectronics.FP-SNS-FLIGHT1.5.0.2
2025-03-30 23:28:43,853 [WARN] PackLoader:240 - Cannot read IP mode file for STMicroelectronics.X-CUBE-DISPLAY.3.0.0
2025-03-30 23:28:43,865 [WARN] PackLoader:240 - Cannot read IP mode file for STMicroelectronics.X-CUBE-BLE1.7.0.0
2025-03-30 23:28:43,876 [WARN] PackLoader:240 - Cannot read IP mode file for STMicroelectronics.X-CUBE-NFC10.1.0.0
2025-03-30 23:28:43,899 [WARN] PackLoader:240 - Cannot read IP mode file for STMicroelectronics.X-CUBE-BLEMGR.4.0.0
2025-03-30 23:28:43,917 [WARN] PackLoader:240 - Cannot read IP mode file for emotas.I-CUBE-CANOPEN.1.3.0
2025-03-30 23:28:43,930 [WARN] PackLoader:240 - Cannot read IP mode file for STMicroelectronics.X-CUBE-BLEMGR.3.1.0
2025-03-30 23:28:43,942 [WARN] PackLoader:240 - Cannot read IP mode file for STMicroelectronics.X-CUBE-AI.10.0.0
2025-03-30 23:28:43,953 [WARN] PackLoader:240 - Cannot read IP mode file for STMicroelectronics.FP-SNS-SMARTAG2.1.2.0
2025-03-30 23:28:43,958 [ERROR] Engine:466 - C:\Users\lenovo\.stm32cubemx\thirdparties\pdsc\STMicroelectronics.FP-SNS-FLIGHT1.5.1.0.pdsc: PDSC version is not supported
2025-03-30 23:28:44,045 [WARN] PackLoader:240 - Cannot read IP mode file for STMicroelectronics.X-CUBE-MEMS1.11.1.0
2025-03-30 23:28:44,158 [INFO] LogOutputStream:77 - [STDOUT_REDIRECT] 1 : Invalid condition id : UX_CORESTACK_Condition cause : null
2025-03-30 23:28:44,159 [INFO] LogOutputStream:77 - [STDOUT_REDIRECT] 1 : Invalid condition id : UX_CORESTACK_Condition cause : null
2025-03-30 23:28:44,160 [INFO] LogOutputStream:77 - [STDOUT_REDIRECT] 1 : Invalid condition id : UX_CORESTACK_Condition cause : null
2025-03-30 23:28:44,160 [INFO] LogOutputStream:77 - [STDOUT_REDIRECT] 1 : Invalid condition id : UX_CORESTACK_Condition cause : null
2025-03-30 23:28:44,161 [INFO] LogOutputStream:77 - [STDOUT_REDIRECT] 1 : Invalid condition id : UX_CORESTACK_Condition cause : null
2025-03-30 23:28:44,162 [WARN] PackLoader:240 - Cannot read IP mode file for STMicroelectronics.X-CUBE-AZRTOS-WL.2.0.0
2025-03-30 23:28:44,170 [WARN] PackLoader:240 - Cannot read IP mode file for STMicroelectronics.FP-SNS-MOTENV1.5.0.0
2025-03-30 23:28:44,174 [WARN] PackLoader:240 - Cannot read IP mode file for wolfSSL.I-CUBE-wolfMQTT.1.19.0
2025-03-30 23:28:44,180 [WARN] PackLoader:240 - Cannot read IP mode file for WES.I-CUBE-Cesium.1.3.0
2025-03-30 23:28:44,186 [WARN] PackLoader:240 - Cannot read IP mode file for STMicroelectronics.X-CUBE-BLE2.3.3.0
2025-03-30 23:28:44,192 [WARN] PackLoader:240 - Cannot read IP mode file for STMicroelectronics.X-CUBE-NFC9.1.0.0
2025-03-30 23:28:44,199 [WARN] PackLoader:240 - Cannot read IP mode file for STMicroelectronics.X-CUBE-BLE1.7.1.0
2025-03-30 23:28:44,206 [WARN] PackLoader:240 - Cannot read IP mode file for STMicroelectronics.X-CUBE-TCPP.4.1.0
2025-03-30 23:28:44,219 [WARN] PackLoader:240 - Cannot read IP mode file for STMicroelectronics.X-CUBE-AZRTOS-G0.1.1.0
2025-03-30 23:28:44,225 [WARN] PackLoader:240 - Cannot read IP mode file for STMicroelectronics.X-CUBE-SAFEA1.1.2.2
2025-03-30 23:28:44,233 [WARN] PackLoader:240 - Cannot read IP mode file for STMicroelectronics.X-CUBE-NFC4.3.0.0
2025-03-30 23:28:44,245 [WARN] PackLoader:240 - Cannot read IP mode file for EmbeddedOffice.I-CUBE-FS-RTOS.1.0.1
2025-03-30 23:28:44,246 [ERROR] ConditionMgr:805 - Attr not supported : Dmpu
2025-03-30 23:28:44,246 [ERROR] ConditionMgr:805 - Attr not supported : Dmpu
2025-03-30 23:28:44,246 [ERROR] ConditionMgr:805 - Attr not supported : Dmpu
2025-03-30 23:28:44,246 [ERROR] ConditionMgr:805 - Attr not supported : Dmpu
2025-03-30 23:28:44,246 [ERROR] ConditionMgr:805 - Attr not supported : Dmpu
2025-03-30 23:28:44,246 [ERROR] ConditionMgr:805 - Attr not supported : Dmpu
2025-03-30 23:28:44,246 [ERROR] ConditionMgr:805 - Attr not supported : Dmpu
2025-03-30 23:28:44,246 [ERROR] ConditionMgr:805 - Attr not supported : Dmpu
2025-03-30 23:28:44,247 [ERROR] ConditionMgr:805 - Attr not supported : Dmpu
2025-03-30 23:28:44,247 [ERROR] ConditionMgr:805 - Attr not supported : Dmpu
2025-03-30 23:28:44,247 [ERROR] ConditionMgr:805 - Attr not supported : Dmpu
2025-03-30 23:28:44,247 [ERROR] ConditionMgr:805 - Attr not supported : Dmpu
2025-03-30 23:28:44,247 [ERROR] ConditionMgr:805 - Attr not supported : Dmpu
2025-03-30 23:28:44,247 [ERROR] ConditionMgr:805 - Attr not supported : Dmpu
2025-03-30 23:28:44,247 [ERROR] ConditionMgr:805 - Attr not supported : Dmpu
2025-03-30 23:28:44,249 [ERROR] ConditionMgr:805 - Attr not supported : Dmpu
2025-03-30 23:28:44,249 [ERROR] ConditionMgr:805 - Attr not supported : Dmpu
2025-03-30 23:28:44,249 [ERROR] ConditionMgr:805 - Attr not supported : Dmpu
2025-03-30 23:28:44,249 [ERROR] ConditionMgr:805 - Attr not supported : Dmpu
2025-03-30 23:28:44,249 [ERROR] ConditionMgr:805 - Attr not supported : Dmpu
2025-03-30 23:28:44,249 [ERROR] ConditionMgr:805 - Attr not supported : Dmpu
2025-03-30 23:28:44,250 [ERROR] ConditionMgr:805 - Attr not supported : Dmpu
2025-03-30 23:28:44,250 [ERROR] ConditionMgr:805 - Attr not supported : Dmpu
2025-03-30 23:28:44,250 [ERROR] ConditionMgr:805 - Attr not supported : Dmpu
2025-03-30 23:28:44,250 [ERROR] ConditionMgr:805 - Attr not supported : Dmpu
2025-03-30 23:28:44,251 [ERROR] ConditionMgr:805 - Attr not supported : Dmpu
2025-03-30 23:28:44,251 [ERROR] ConditionMgr:805 - Attr not supported : Dmpu
2025-03-30 23:28:44,251 [ERROR] ConditionMgr:805 - Attr not supported : Dmpu
2025-03-30 23:28:44,251 [ERROR] ConditionMgr:805 - Attr not supported : Dmpu
2025-03-30 23:28:44,251 [ERROR] ConditionMgr:805 - Attr not supported : Dmpu
2025-03-30 23:28:44,251 [ERROR] ConditionMgr:805 - Attr not supported : Dmpu
2025-03-30 23:28:44,251 [ERROR] ConditionMgr:805 - Attr not supported : Dmpu
2025-03-30 23:28:44,252 [ERROR] ConditionMgr:805 - Attr not supported : Dmpu
2025-03-30 23:28:44,252 [ERROR] ConditionMgr:805 - Attr not supported : Dmpu
2025-03-30 23:28:44,252 [ERROR] ConditionMgr:805 - Attr not supported : Dmpu
2025-03-30 23:28:44,252 [ERROR] ConditionMgr:805 - Attr not supported : Dmpu
2025-03-30 23:28:44,252 [ERROR] ConditionMgr:805 - Attr not supported : Dmpu
2025-03-30 23:28:44,252 [ERROR] ConditionMgr:805 - Attr not supported : Dmpu
2025-03-30 23:28:44,252 [ERROR] ConditionMgr:805 - Attr not supported : Dmpu
2025-03-30 23:28:44,252 [ERROR] ConditionMgr:805 - Attr not supported : Dmpu
2025-03-30 23:28:44,252 [ERROR] ConditionMgr:805 - Attr not supported : Dmpu
2025-03-30 23:28:44,252 [ERROR] ConditionMgr:805 - Attr not supported : Dmpu
2025-03-30 23:28:44,252 [ERROR] ConditionMgr:805 - Attr not supported : Dmpu
2025-03-30 23:28:44,253 [ERROR] ConditionMgr:805 - Attr not supported : Dmpu
2025-03-30 23:28:44,253 [ERROR] ConditionMgr:805 - Attr not supported : Dmpu
2025-03-30 23:28:44,253 [ERROR] ConditionMgr:805 - Attr not supported : Dmpu
2025-03-30 23:28:44,253 [ERROR] ConditionMgr:805 - Attr not supported : Dmpu
2025-03-30 23:28:44,253 [ERROR] ConditionMgr:805 - Attr not supported : Dmpu
2025-03-30 23:28:44,253 [ERROR] ConditionMgr:805 - Attr not supported : Dmpu
2025-03-30 23:28:44,254 [ERROR] ConditionMgr:805 - Attr not supported : Dmpu
2025-03-30 23:28:44,254 [ERROR] ConditionMgr:805 - Attr not supported : Dmpu
2025-03-30 23:28:44,254 [ERROR] ConditionMgr:805 - Attr not supported : Dmpu
2025-03-30 23:28:44,254 [ERROR] ConditionMgr:805 - Attr not supported : Dmpu
2025-03-30 23:28:44,254 [ERROR] ConditionMgr:805 - Attr not supported : Dmpu
2025-03-30 23:28:44,254 [ERROR] ConditionMgr:805 - Attr not supported : Dmpu
2025-03-30 23:28:44,254 [ERROR] ConditionMgr:805 - Attr not supported : Dmpu
2025-03-30 23:28:44,254 [ERROR] ConditionMgr:805 - Attr not supported : Dmpu
2025-03-30 23:28:44,254 [ERROR] ConditionMgr:805 - Attr not supported : Dmpu
2025-03-30 23:28:44,254 [ERROR] ConditionMgr:805 - Attr not supported : Dmpu
2025-03-30 23:28:44,254 [ERROR] ConditionMgr:805 - Attr not supported : Dmpu
2025-03-30 23:28:44,254 [ERROR] ConditionMgr:805 - Attr not supported : Dmpu
2025-03-30 23:28:44,254 [ERROR] ConditionMgr:805 - Attr not supported : Dmpu
2025-03-30 23:28:44,254 [ERROR] ConditionMgr:805 - Attr not supported : Dmpu
2025-03-30 23:28:44,254 [ERROR] ConditionMgr:805 - Attr not supported : Dmpu
2025-03-30 23:28:44,258 [ERROR] Engine:466 - C:\Users\lenovo\.stm32cubemx\thirdparties\pdsc\STMicroelectronics.X-CUBE-TCPP.4.2.0.pdsc: PDSC version is not supported
2025-03-30 23:28:44,265 [WARN] PackLoader:240 - Cannot read IP mode file for RealThread.X-CUBE-RT-Thread_Nano.4.1.1
2025-03-30 23:28:44,275 [WARN] PackLoader:240 - Cannot read IP mode file for wolfSSL.I-CUBE-wolfSSL.5.7.0
2025-03-30 23:28:44,280 [WARN] PackLoader:240 - Cannot read IP mode file for STMicroelectronics.FP-ATR-SIGFOX1.3.2.0
2025-03-30 23:28:44,287 [WARN] ConditionMgr:438 - getConditionDescription Invalid condition id : Cortex-A Device cause : null
2025-03-30 23:28:44,307 [WARN] ConditionMgr:1039 - genDependencies : Invalid condition id : Cortex-A Device cause : null
2025-03-30 23:28:44,307 [WARN] ConditionMgr:1039 - genDependencies : Invalid condition id : Cortex-A Device cause : null
2025-03-30 23:28:44,308 [WARN] ConditionMgr:1039 - genDependencies : Invalid condition id : Cortex-A Device cause : null
2025-03-30 23:28:44,312 [WARN] PackLoader:240 - Cannot read IP mode file for STMicroelectronics.X-CUBE-EEPRMA1.5.1.0
2025-03-30 23:28:44,320 [WARN] PackLoader:240 - Cannot read IP mode file for ITTIA_DB.I-CUBE-ITTIADB.8.9.0
2025-03-30 23:28:44,345 [WARN] PackLoader:240 - Cannot read IP mode file for SEGGER.I-CUBE-embOS.1.3.1
2025-03-30 23:28:44,383 [WARN] PackLoader:240 - Cannot read IP mode file for STMicroelectronics.X-CUBE-ALGOBUILD.1.4.0
2025-03-30 23:28:44,393 [WARN] PackLoader:240 - Cannot read IP mode file for STMicroelectronics.X-CUBE-GNSS1.6.0.0
2025-03-30 23:28:44,423 [WARN] PackLoader:240 - Cannot read IP mode file for STMicroelectronics.X-CUBE-AZRTOS-F4.1.1.0
2025-03-30 23:28:44,430 [WARN] PackLoader:240 - Cannot read IP mode file for STMicroelectronics.X-CUBE-ISPU.2.1.0
2025-03-30 23:28:44,440 [WARN] PackLoader:240 - Cannot read IP mode file for STMicroelectronics.X-CUBE-FREERTOS.1.2.0
2025-03-30 23:28:44,461 [WARN] PackLoader:240 - Cannot read IP mode file for STMicroelectronics.X-CUBE-AZRTOS-L5.2.0.0
2025-03-30 23:28:44,474 [WARN] PackLoader:240 - Cannot read IP mode file for STMicroelectronics.X-CUBE-NFC6.3.1.0
2025-03-30 23:28:44,480 [WARN] PackLoader:240 - Cannot read IP mode file for STMicroelectronics.X-CUBE-DPower.1.2.0
2025-03-30 23:28:44,486 [WARN] PackLoader:240 - Cannot read IP mode file for STMicroelectronics.X-CUBE-AI.9.0.0
2025-03-30 23:28:44,495 [WARN] PackLoader:240 - Cannot read IP mode file for STMicroelectronics.X-CUBE-FREERTOS.1.3.0
2025-03-30 23:28:44,503 [WARN] PackLoader:240 - Cannot read IP mode file for STMicroelectronics.X-CUBE-NFC7.1.0.1
2025-03-30 23:28:44,508 [WARN] PackLoader:240 - Cannot read IP mode file for STMicroelectronics.X-CUBE-DPower.1.3.0
2025-03-30 23:28:44,520 [WARN] ConditionMgr:438 - getConditionDescription Invalid condition id : LAN8742 Phy interface Condition cause : null
2025-03-30 23:28:44,521 [WARN] PackLoader:240 - Cannot read IP mode file for STMicroelectronics.X-CUBE-AZRTOS-L4.2.0.0
2025-03-30 23:28:44,522 [WARN] ConditionMgr:1039 - genDependencies : Invalid condition id : LAN8742 Phy interface Condition cause : null
2025-03-30 23:28:44,522 [WARN] ConditionMgr:1039 - genDependencies : Invalid condition id : LAN8742 Phy interface Condition cause : null
2025-03-30 23:28:44,523 [WARN] ConditionMgr:1039 - genDependencies : Invalid condition id : LAN8742 Phy interface Condition cause : null
2025-03-30 23:28:44,530 [WARN] PackLoader:240 - Cannot read IP mode file for STMicroelectronics.X-CUBE-SFXS2LP1.4.0.0
2025-03-30 23:28:44,544 [WARN] PackLoader:240 - Cannot read IP mode file for STMicroelectronics.X-CUBE-AZRTOS-H7.3.3.0
2025-03-30 23:28:44,573 [WARN] ConditionMgr:438 - getConditionDescription Invalid condition id : UX DEVICE CLASS RTOS Condition cause : null
2025-03-30 23:28:44,574 [WARN] ConditionMgr:438 - getConditionDescription Invalid condition id : UX DEVICE CLASS RTOS Condition cause : null
2025-03-30 23:28:44,575 [WARN] PackLoader:240 - Cannot read IP mode file for STMicroelectronics.X-CUBE-AZRTOS-WB.2.0.0
2025-03-30 23:28:44,576 [WARN] ConditionMgr:1039 - genDependencies : Invalid condition id : UX DEVICE CLASS RTOS Condition cause : null
2025-03-30 23:28:44,576 [WARN] ConditionMgr:1039 - genDependencies : Invalid condition id : UX DEVICE CLASS RTOS Condition cause : null
2025-03-30 23:28:44,576 [WARN] ConditionMgr:1039 - genDependencies : Invalid condition id : UX DEVICE CLASS RTOS Condition cause : null
2025-03-30 23:28:44,576 [WARN] ConditionMgr:1039 - genDependencies : Invalid condition id : UX DEVICE CLASS RTOS Condition cause : null
2025-03-30 23:28:44,576 [WARN] ConditionMgr:1039 - genDependencies : Invalid condition id : UX DEVICE CLASS RTOS Condition cause : null
2025-03-30 23:28:44,580 [WARN] PackLoader:240 - Cannot read IP mode file for STMicroelectronics.X-CUBE-GNSS1.7.0.1
2025-03-30 23:28:44,586 [WARN] PackLoader:240 - Cannot read IP mode file for STMicroelectronics.X-CUBE-TOUCHGFX.4.25.0
2025-03-30 23:28:44,593 [WARN] PackLoader:240 - Cannot read IP mode file for STMicroelectronics.FP-SNS-STBOX1.2.0.0
2025-03-30 23:28:44,605 [WARN] PackLoader:240 - Cannot read IP mode file for STMicroelectronics.X-CUBE-SUBG2.5.0.0
2025-03-30 23:28:44,627 [WARN] PackLoader:240 - Cannot read IP mode file for STMicroelectronics.X-CUBE-AZRTOS-H7RS.1.1.0
2025-03-30 23:28:44,635 [WARN] PackLoader:240 - Cannot read IP mode file for Cesanta.I-CUBE-Mongoose.7.13.0
2025-03-30 23:28:44,645 [WARN] PackLoader:240 - Cannot read IP mode file for STMicroelectronics.X-CUBE-AZRTOS-G4.2.0.0
2025-03-30 23:28:44,652 [WARN] PackLoader:240 - Cannot read IP mode file for STMicroelectronics.X-CUBE-ISPU.2.0.0
2025-03-30 23:28:44,655 [ERROR] Engine:466 - C:\Users\lenovo\.stm32cubemx\thirdparties\pdsc\STMicroelectronics.X-CUBE-IPS.3.1.0.pdsc: PDSC version is not supported
2025-03-30 23:28:44,659 [WARN] PackLoader:240 - Cannot read IP mode file for STMicroelectronics.X-CUBE-ALS.1.0.2
2025-03-30 23:28:44,685 [WARN] PackLoader:240 - Cannot read IP mode file for STMicroelectronics.X-CUBE-MEMS1.10.0.0
2025-03-30 23:28:44,762 [WARN] PackLoader:240 - Cannot read IP mode file for STMicroelectronics.X-CUBE-TOUCHGFX.4.24.2
2025-03-30 23:28:44,771 [WARN] PackLoader:240 - Cannot read IP mode file for wolfSSL.I-CUBE-wolfTPM.3.4.0
2025-03-30 23:28:44,786 [WARN] PackLoader:240 - Cannot read IP mode file for portGmbH.I-Cube-SoM-uGOAL.1.1.0
2025-03-30 23:28:44,819 [WARN] PackLoader:240 - Cannot read IP mode file for STMicroelectronics.X-CUBE-AZRTOS-H7RS.1.0.0
2025-03-30 23:28:44,829 [WARN] PackLoader:240 - Cannot read IP mode file for STMicroelectronics.FP-ATR-ASTRA1.2.0.0
2025-03-30 23:28:44,844 [WARN] PackLoader:240 - Cannot read IP mode file for STMicroelectronics.X-CUBE-TOF1.3.4.2
2025-03-30 23:28:44,879 [WARN] PackLoader:240 - Cannot read IP mode file for STMicroelectronics.X-CUBE-TOF1.3.4.1
2025-03-30 23:28:44,903 [WARN] PackLoader:240 - Cannot read IP mode file for STMicroelectronics.X-CUBE-AZRTOS-H7.3.2.0
2025-03-30 23:28:44,921 [WARN] PackLoader:240 - Cannot read IP mode file for Infineon.AIROC-Wi-Fi-Bluetooth-STM32.1.6.0
2025-03-30 23:28:44,939 [WARN] PackLoader:240 - Cannot read IP mode file for wolfSSL.I-CUBE-wolfSSH.1.4.17
2025-03-30 23:28:44,941 [INFO] ThirdParty:978 - Integrity check success = true
2025-03-30 23:28:44,941 [INFO] IntegrityCheckThread:100 - exiting critical section [integrity check]
2025-03-30 23:28:44,941 [INFO] IntegrityCheckThread:103 - End integrity checks thread
2025-03-30 23:30:58,934 [ERROR] LogOutputStream:75 - [STDERR_REDIRECT] 
